SF:A:\coding\rust\palettify\src\algorithm\floyd_steinberg.rs
FN:14,_RNCNvNtNtCseGU69UR3UMz_9palettify9algorithm15floyd_steinberg7process0B7_
FN:6,_RNvNtNtCseGU69UR3UMz_9palettify9algorithm15floyd_steinberg7process
FN:6,_RNvNtNtCseCNn33MUbHc_9palettify9algorithm15floyd_steinberg7process
FN:14,_RNCNvNtNtCseCNn33MUbHc_9palettify9algorithm15floyd_steinberg7process0B7_
FN:14,_RNCNvNtNtCsiwcA9t8CxKq_9palettify9algorithm15floyd_steinberg7process0B7_
FN:6,_RNvNtNtCsiwcA9t8CxKq_9palettify9algorithm15floyd_steinberg7process
FN:14,_RNCNvNtNtCsbtrXiB8aXK2_9palettify9algorithm15floyd_steinberg7process0B7_
FN:6,_RNvNtNtCsbtrXiB8aXK2_9palettify9algorithm15floyd_steinberg7process
FNDA:1,_RNCNvNtNtCseGU69UR3UMz_9palettify9algorithm15floyd_steinberg7process0B7_
FNDA:1,_RNvNtNtCseGU69UR3UMz_9palettify9algorithm15floyd_steinberg7process
FNDA:2,_RNvNtNtCseCNn33MUbHc_9palettify9algorithm15floyd_steinberg7process
FNDA:65,_RNCNvNtNtCseCNn33MUbHc_9palettify9algorithm15floyd_steinberg7process0B7_
FNDA:65,_RNCNvNtNtCsiwcA9t8CxKq_9palettify9algorithm15floyd_steinberg7process0B7_
FNDA:2,_RNvNtNtCsiwcA9t8CxKq_9palettify9algorithm15floyd_steinberg7process
FNDA:0,_RNCNvNtNtCsbtrXiB8aXK2_9palettify9algorithm15floyd_steinberg7process0B7_
FNDA:0,_RNvNtNtCsbtrXiB8aXK2_9palettify9algorithm15floyd_steinberg7process
FNF:2
FNH:2
DA:6,5
DA:7,5
DA:8,5
DA:9,5
DA:12,5
DA:13,5
DA:14,131
DA:15,131
DA:16,131
DA:17,131
DA:18,5
DA:20,5
DA:22,19
DA:23,131
DA:24,131
DA:25,131
DA:28,131
DA:29,131
DA:30,131
DA:32,131
DA:33,131
DA:35,131
DA:36,131
DA:37,131
DA:38,131
DA:41,131
DA:42,131
DA:43,131
DA:44,131
DA:45,131
DA:58,131
DA:59,131
DA:60,131
DA:61,131
DA:65,5
DA:66,5
DA:67,5
BRF:0
BRH:0
LF:38
LH:38
end_of_record
SF:A:\coding\rust\palettify\src\algorithm\mod.rs
FN:42,_RNvMNtCseGU69UR3UMz_9palettify9algorithmNtB2_9Algorithm3run
FN:28,_RNvMNtCseGU69UR3UMz_9palettify9algorithmNtB2_9Algorithm8from_str
FN:57,_RNvNtNtCseCNn33MUbHc_9palettify9algorithm5tests12single_pixel
FN:63,_RNvNtNtCseCNn33MUbHc_9palettify9algorithm5tests2bw
FN:70,_RNvNtNtCseCNn33MUbHc_9palettify9algorithm5testss_25from_str_nearest_variants
FN:85,_RNvNtNtCseCNn33MUbHc_9palettify9algorithm5testss_25from_str_ordered_variants
FN:106,_RNvNtNtCseCNn33MUbHc_9palettify9algorithm5testss_27nearest_black_maps_to_black
FN:100,_RNvNtNtCseCNn33MUbHc_9palettify9algorithm5testss_27nearest_white_maps_to_white
FN:118,_RNvNtNtCseCNn33MUbHc_9palettify9algorithm5testss_27ordered_white_maps_to_white
FN:92,_RNvNtNtCseCNn33MUbHc_9palettify9algorithm5testss_29from_str_unknown_returns_none
FN:77,_RNvNtNtCseCNn33MUbHc_9palettify9algorithm5testss_33from_str_floyd_steinberg_variants
FN:124,_RNvNtNtCseCNn33MUbHc_9palettify9algorithm5testss_34all_algorithms_preserve_dimensions
FN:112,_RNvNtNtCseCNn33MUbHc_9palettify9algorithm5testss_35floyd_steinberg_white_maps_to_white
FN:42,_RNvMNtCseCNn33MUbHc_9palettify9algorithmNtB2_9Algorithm3run
FN:28,_RNvMNtCseCNn33MUbHc_9palettify9algorithmNtB2_9Algorithm8from_str
FN:42,_RNvMNtCsiwcA9t8CxKq_9palettify9algorithmNtB2_9Algorithm3run
FN:28,_RNvMNtCsiwcA9t8CxKq_9palettify9algorithmNtB2_9Algorithm8from_str
FN:57,_RNvNtNtCsiwcA9t8CxKq_9palettify9algorithm5tests12single_pixel
FN:63,_RNvNtNtCsiwcA9t8CxKq_9palettify9algorithm5tests2bw
FN:70,_RNvNtNtCsiwcA9t8CxKq_9palettify9algorithm5testss_25from_str_nearest_variants
FN:85,_RNvNtNtCsiwcA9t8CxKq_9palettify9algorithm5testss_25from_str_ordered_variants
FN:106,_RNvNtNtCsiwcA9t8CxKq_9palettify9algorithm5testss_27nearest_black_maps_to_black
FN:100,_RNvNtNtCsiwcA9t8CxKq_9palettify9algorithm5testss_27nearest_white_maps_to_white
FN:118,_RNvNtNtCsiwcA9t8CxKq_9palettify9algorithm5testss_27ordered_white_maps_to_white
FN:92,_RNvNtNtCsiwcA9t8CxKq_9palettify9algorithm5testss_29from_str_unknown_returns_none
FN:77,_RNvNtNtCsiwcA9t8CxKq_9palettify9algorithm5testss_33from_str_floyd_steinberg_variants
FN:124,_RNvNtNtCsiwcA9t8CxKq_9palettify9algorithm5testss_34all_algorithms_preserve_dimensions
FN:112,_RNvNtNtCsiwcA9t8CxKq_9palettify9algorithm5testss_35floyd_steinberg_white_maps_to_white
FN:42,_RNvMNtCsbtrXiB8aXK2_9palettify9algorithmNtB2_9Algorithm3run
FN:28,_RNvMNtCsbtrXiB8aXK2_9palettify9algorithmNtB2_9Algorithm8from_str
FNDA:13,_RNvMNtCseGU69UR3UMz_9palettify9algorithmNtB2_9Algorithm3run
FNDA:3,_RNvMNtCseGU69UR3UMz_9palettify9algorithmNtB2_9Algorithm8from_str
FNDA:4,_RNvNtNtCseCNn33MUbHc_9palettify9algorithm5tests12single_pixel
FNDA:4,_RNvNtNtCseCNn33MUbHc_9palettify9algorithm5tests2bw
FNDA:1,_RNvNtNtCseCNn33MUbHc_9palettify9algorithm5testss_25from_str_nearest_variants
FNDA:1,_RNvNtNtCseCNn33MUbHc_9palettify9algorithm5testss_25from_str_ordered_variants
FNDA:1,_RNvNtNtCseCNn33MUbHc_9palettify9algorithm5testss_27nearest_black_maps_to_black
FNDA:1,_RNvNtNtCseCNn33MUbHc_9palettify9algorithm5testss_27nearest_white_maps_to_white
FNDA:1,_RNvNtNtCseCNn33MUbHc_9palettify9algorithm5testss_27ordered_white_maps_to_white
FNDA:1,_RNvNtNtCseCNn33MUbHc_9palettify9algorithm5testss_29from_str_unknown_returns_none
FNDA:1,_RNvNtNtCseCNn33MUbHc_9palettify9algorithm5testss_33from_str_floyd_steinberg_variants
FNDA:1,_RNvNtNtCseCNn33MUbHc_9palettify9algorithm5testss_34all_algorithms_preserve_dimensions
FNDA:1,_RNvNtNtCseCNn33MUbHc_9palettify9algorithm5testss_35floyd_steinberg_white_maps_to_white
FNDA:10,_RNvMNtCseCNn33MUbHc_9palettify9algorithmNtB2_9Algorithm3run
FNDA:12,_RNvMNtCseCNn33MUbHc_9palettify9algorithmNtB2_9Algorithm8from_str
FNDA:10,_RNvMNtCsiwcA9t8CxKq_9palettify9algorithmNtB2_9Algorithm3run
FNDA:12,_RNvMNtCsiwcA9t8CxKq_9palettify9algorithmNtB2_9Algorithm8from_str
FNDA:4,_RNvNtNtCsiwcA9t8CxKq_9palettify9algorithm5tests12single_pixel
FNDA:4,_RNvNtNtCsiwcA9t8CxKq_9palettify9algorithm5tests2bw
FNDA:1,_RNvNtNtCsiwcA9t8CxKq_9palettify9algorithm5testss_25from_str_nearest_variants
FNDA:1,_RNvNtNtCsiwcA9t8CxKq_9palettify9algorithm5testss_25from_str_ordered_variants
FNDA:1,_RNvNtNtCsiwcA9t8CxKq_9palettify9algorithm5testss_27nearest_black_maps_to_black
FNDA:1,_RNvNtNtCsiwcA9t8CxKq_9palettify9algorithm5testss_27nearest_white_maps_to_white
FNDA:1,_RNvNtNtCsiwcA9t8CxKq_9palettify9algorithm5testss_27ordered_white_maps_to_white
FNDA:1,_RNvNtNtCsiwcA9t8CxKq_9palettify9algorithm5testss_29from_str_unknown_returns_none
FNDA:1,_RNvNtNtCsiwcA9t8CxKq_9palettify9algorithm5testss_33from_str_floyd_steinberg_variants
FNDA:1,_RNvNtNtCsiwcA9t8CxKq_9palettify9algorithm5testss_34all_algorithms_preserve_dimensions
FNDA:1,_RNvNtNtCsiwcA9t8CxKq_9palettify9algorithm5testss_35floyd_steinberg_white_maps_to_white
FNDA:0,_RNvMNtCsbtrXiB8aXK2_9palettify9algorithmNtB2_9Algorithm3run
FNDA:0,_RNvMNtCsbtrXiB8aXK2_9palettify9algorithmNtB2_9Algorithm8from_str
FNF:13
FNH:13
DA:28,27
DA:29,27
DA:30,27
DA:31,23
DA:32,21
DA:33,16
DA:34,14
DA:35,12
DA:36,7
DA:37,5
DA:39,27
DA:42,33
DA:43,33
DA:44,23
DA:45,5
DA:46,5
DA:48,33
DA:57,8
DA:58,8
DA:59,8
DA:60,8
DA:61,8
DA:63,8
DA:64,8
DA:65,8
DA:70,2
DA:71,2
DA:72,2
DA:73,2
DA:74,2
DA:77,2
DA:78,2
DA:79,2
DA:80,2
DA:81,2
DA:82,2
DA:85,2
DA:86,2
DA:87,2
DA:88,2
DA:89,2
DA:92,2
DA:93,2
DA:94,2
DA:95,2
DA:100,2
DA:101,2
DA:102,2
DA:103,2
DA:106,2
DA:107,2
DA:108,2
DA:109,2
DA:112,2
DA:113,2
DA:114,2
DA:115,2
DA:118,2
DA:119,2
DA:120,2
DA:121,2
DA:124,2
DA:125,2
DA:126,2
DA:127,6
DA:128,6
DA:129,6
DA:131,2
BRF:0
BRH:0
LF:68
LH:68
end_of_record
SF:A:\coding\rust\palettify\src\algorithm\nearest.rs
FN:16,_RNCNvNtNtCseGU69UR3UMz_9palettify9algorithm7nearest7process0B7_
FN:7,_RNvNtNtCseGU69UR3UMz_9palettify9algorithm7nearest7process
FN:16,_RNCNvNtNtCseCNn33MUbHc_9palettify9algorithm7nearest7process0B7_
FN:7,_RNvNtNtCseCNn33MUbHc_9palettify9algorithm7nearest7process
FN:16,_RNCNvNtNtCsiwcA9t8CxKq_9palettify9algorithm7nearest7process0B7_
FN:7,_RNvNtNtCsiwcA9t8CxKq_9palettify9algorithm7nearest7process
FN:7,_RNvNtNtCsbtrXiB8aXK2_9palettify9algorithm7nearest7process
FN:16,_RNCNvNtNtCsbtrXiB8aXK2_9palettify9algorithm7nearest7process0B7_
FNDA:11,_RNCNvNtNtCseGU69UR3UMz_9palettify9algorithm7nearest7process0B7_
FNDA:11,_RNvNtNtCseGU69UR3UMz_9palettify9algorithm7nearest7process
FNDA:8068,_RNCNvNtNtCseCNn33MUbHc_9palettify9algorithm7nearest7process0B7_
FNDA:6,_RNvNtNtCseCNn33MUbHc_9palettify9algorithm7nearest7process
FNDA:8068,_RNCNvNtNtCsiwcA9t8CxKq_9palettify9algorithm7nearest7process0B7_
FNDA:6,_RNvNtNtCsiwcA9t8CxKq_9palettify9algorithm7nearest7process
FNDA:0,_RNvNtNtCsbtrXiB8aXK2_9palettify9algorithm7nearest7process
FNDA:0,_RNCNvNtNtCsbtrXiB8aXK2_9palettify9algorithm7nearest7process0B7_
FNF:2
FNH:2
DA:7,23
DA:8,23
DA:9,23
DA:10,23
DA:12,23
DA:14,23
DA:15,23
DA:16,16147
DA:17,16147
DA:18,16147
DA:19,16147
DA:20,16147
DA:21,16147
DA:22,23
DA:24,23
DA:25,23
DA:26,23
BRF:0
BRH:0
LF:18
LH:18
end_of_record
SF:A:\coding\rust\palettify\src\algorithm\ordered.rs
FN:29,_RNCNvNtNtCseGU69UR3UMz_9palettify9algorithm7ordered7process0B7_
FN:19,_RNvNtNtCseGU69UR3UMz_9palettify9algorithm7ordered7process
FN:19,_RNvNtNtCseCNn33MUbHc_9palettify9algorithm7ordered7process
FN:29,_RNCNvNtNtCseCNn33MUbHc_9palettify9algorithm7ordered7process0B7_
FN:29,_RNCNvNtNtCsiwcA9t8CxKq_9palettify9algorithm7ordered7process0B7_
FN:19,_RNvNtNtCsiwcA9t8CxKq_9palettify9algorithm7ordered7process
FN:19,_RNvNtNtCsbtrXiB8aXK2_9palettify9algorithm7ordered7process
FN:29,_RNCNvNtNtCsbtrXiB8aXK2_9palettify9algorithm7ordered7process0B7_
FNDA:1,_RNCNvNtNtCseGU69UR3UMz_9palettify9algorithm7ordered7process0B7_
FNDA:1,_RNvNtNtCseGU69UR3UMz_9palettify9algorithm7ordered7process
FNDA:2,_RNvNtNtCseCNn33MUbHc_9palettify9algorithm7ordered7process
FNDA:65,_RNCNvNtNtCseCNn33MUbHc_9palettify9algorithm7ordered7process0B7_
FNDA:65,_RNCNvNtNtCsiwcA9t8CxKq_9palettify9algorithm7ordered7process0B7_
FNDA:2,_RNvNtNtCsiwcA9t8CxKq_9palettify9algorithm7ordered7process
FNDA:0,_RNvNtNtCsbtrXiB8aXK2_9palettify9algorithm7ordered7process
FNDA:0,_RNCNvNtNtCsbtrXiB8aXK2_9palettify9algorithm7ordered7process0B7_
FNF:2
FNH:2
DA:19,5
DA:20,5
DA:21,5
DA:22,5
DA:24,5
DA:26,5
DA:27,5
DA:28,5
DA:29,131
DA:30,131
DA:31,131
DA:32,131
DA:34,131
DA:36,131
DA:37,131
DA:38,131
DA:40,131
DA:41,131
DA:42,131
DA:43,131
DA:44,5
DA:46,5
DA:47,5
DA:48,5
BRF:0
BRH:0
LF:25
LH:25
end_of_record
SF:A:\coding\rust\palettify\src\api\extract.rs
FN:102,_RNvNtNtCseGU69UR3UMz_9palettify3api7extract15resolve_palette
FN:22,_RNvNtNtCseGU69UR3UMz_9palettify3api7extract23parse_process_multipart
FN:39,_RNCNCNvNtNtCseGU69UR3UMz_9palettify3api7extract23parse_process_multipart00B9_
FN:57,_RNCNCNvNtNtCseGU69UR3UMz_9palettify3api7extract23parse_process_multipart0s0_0B9_
FN:62,_RNCNCNvNtNtCseGU69UR3UMz_9palettify3api7extract23parse_process_multipart0s1_0B9_
FN:79,_RNCNCNvNtNtCseGU69UR3UMz_9palettify3api7extract23parse_process_multipart0s2_0B9_
FN:81,_RNCNCNvNtNtCseGU69UR3UMz_9palettify3api7extract23parse_process_multipart0s3_0B9_
FN:95,_RNCNCNvNtNtCseGU69UR3UMz_9palettify3api7extract23parse_process_multipart0s4_0B9_
FN:96,_RNCNCNvNtNtCseGU69UR3UMz_9palettify3api7extract23parse_process_multipart0s5_0B9_
FN:48,_RNCNCNvNtNtCseGU69UR3UMz_9palettify3api7extract23parse_process_multipart0s_0B9_
FN:112,_RNCNvNtNtCseGU69UR3UMz_9palettify3api7extract15resolve_palette0B7_
FN:25,_RNCNvNtNtCseGU69UR3UMz_9palettify3api7extract23parse_process_multipart0B7_
FN:39,_RNCNCNvNtNtCseCNn33MUbHc_9palettify3api7extract23parse_process_multipart00B9_
FN:57,_RNCNCNvNtNtCseCNn33MUbHc_9palettify3api7extract23parse_process_multipart0s0_0B9_
FN:62,_RNCNCNvNtNtCseCNn33MUbHc_9palettify3api7extract23parse_process_multipart0s1_0B9_
FN:79,_RNCNCNvNtNtCseCNn33MUbHc_9palettify3api7extract23parse_process_multipart0s2_0B9_
FN:81,_RNCNCNvNtNtCseCNn33MUbHc_9palettify3api7extract23parse_process_multipart0s3_0B9_
FN:95,_RNCNCNvNtNtCseCNn33MUbHc_9palettify3api7extract23parse_process_multipart0s4_0B9_
FN:96,_RNCNCNvNtNtCseCNn33MUbHc_9palettify3api7extract23parse_process_multipart0s5_0B9_
FN:48,_RNCNCNvNtNtCseCNn33MUbHc_9palettify3api7extract23parse_process_multipart0s_0B9_
FN:112,_RNCNvNtNtCseCNn33MUbHc_9palettify3api7extract15resolve_palette0B7_
FN:25,_RNCNvNtNtCseCNn33MUbHc_9palettify3api7extract23parse_process_multipart0B7_
FN:102,_RNvNtNtCseCNn33MUbHc_9palettify3api7extract15resolve_palette
FN:22,_RNvNtNtCseCNn33MUbHc_9palettify3api7extract23parse_process_multipart
FN:102,_RNvNtNtCsiwcA9t8CxKq_9palettify3api7extract15resolve_palette
FN:22,_RNvNtNtCsiwcA9t8CxKq_9palettify3api7extract23parse_process_multipart
FN:39,_RNCNCNvNtNtCsiwcA9t8CxKq_9palettify3api7extract23parse_process_multipart00B9_
FN:57,_RNCNCNvNtNtCsiwcA9t8CxKq_9palettify3api7extract23parse_process_multipart0s0_0B9_
FN:62,_RNCNCNvNtNtCsiwcA9t8CxKq_9palettify3api7extract23parse_process_multipart0s1_0B9_
FN:79,_RNCNCNvNtNtCsiwcA9t8CxKq_9palettify3api7extract23parse_process_multipart0s2_0B9_
FN:81,_RNCNCNvNtNtCsiwcA9t8CxKq_9palettify3api7extract23parse_process_multipart0s3_0B9_
FN:95,_RNCNCNvNtNtCsiwcA9t8CxKq_9palettify3api7extract23parse_process_multipart0s4_0B9_
FN:96,_RNCNCNvNtNtCsiwcA9t8CxKq_9palettify3api7extract23parse_process_multipart0s5_0B9_
FN:48,_RNCNCNvNtNtCsiwcA9t8CxKq_9palettify3api7extract23parse_process_multipart0s_0B9_
FN:112,_RNCNvNtNtCsiwcA9t8CxKq_9palettify3api7extract15resolve_palette0B7_
FN:25,_RNCNvNtNtCsiwcA9t8CxKq_9palettify3api7extract23parse_process_multipart0B7_
FN:39,_RNCNCNvNtNtCsbtrXiB8aXK2_9palettify3api7extract23parse_process_multipart00B9_
FN:57,_RNCNCNvNtNtCsbtrXiB8aXK2_9palettify3api7extract23parse_process_multipart0s0_0B9_
FN:62,_RNCNCNvNtNtCsbtrXiB8aXK2_9palettify3api7extract23parse_process_multipart0s1_0B9_
FN:79,_RNCNCNvNtNtCsbtrXiB8aXK2_9palettify3api7extract23parse_process_multipart0s2_0B9_
FN:81,_RNCNCNvNtNtCsbtrXiB8aXK2_9palettify3api7extract23parse_process_multipart0s3_0B9_
FN:95,_RNCNCNvNtNtCsbtrXiB8aXK2_9palettify3api7extract23parse_process_multipart0s4_0B9_
FN:96,_RNCNCNvNtNtCsbtrXiB8aXK2_9palettify3api7extract23parse_process_multipart0s5_0B9_
FN:48,_RNCNCNvNtNtCsbtrXiB8aXK2_9palettify3api7extract23parse_process_multipart0s_0B9_
FN:112,_RNCNvNtNtCsbtrXiB8aXK2_9palettify3api7extract15resolve_palette0B7_
FN:25,_RNCNvNtNtCsbtrXiB8aXK2_9palettify3api7extract23parse_process_multipart0B7_
FN:102,_RNvNtNtCsbtrXiB8aXK2_9palettify3api7extract15resolve_palette
FN:22,_RNvNtNtCsbtrXiB8aXK2_9palettify3api7extract23parse_process_multipart
FNDA:16,_RNvNtNtCseGU69UR3UMz_9palettify3api7extract15resolve_palette
FNDA:17,_RNvNtNtCseGU69UR3UMz_9palettify3api7extract23parse_process_multipart
FNDA:0,_RNCNCNvNtNtCseGU69UR3UMz_9palettify3api7extract23parse_process_multipart00B9_
FNDA:0,_RNCNCNvNtNtCseGU69UR3UMz_9palettify3api7extract23parse_process_multipart0s0_0B9_
FNDA:3,_RNCNCNvNtNtCseGU69UR3UMz_9palettify3api7extract23parse_process_multipart0s1_0B9_
FNDA:0,_RNCNCNvNtNtCseGU69UR3UMz_9palettify3api7extract23parse_process_multipart0s2_0B9_
FNDA:1,_RNCNCNvNtNtCseGU69UR3UMz_9palettify3api7extract23parse_process_multipart0s3_0B9_
FNDA:14,_RNCNCNvNtNtCseGU69UR3UMz_9palettify3api7extract23parse_process_multipart0s4_0B9_
FNDA:0,_RNCNCNvNtNtCseGU69UR3UMz_9palettify3api7extract23parse_process_multipart0s5_0B9_
FNDA:0,_RNCNCNvNtNtCseGU69UR3UMz_9palettify3api7extract23parse_process_multipart0s_0B9_
FNDA:1,_RNCNvNtNtCseGU69UR3UMz_9palettify3api7extract15resolve_palette0B7_
FNDA:17,_RNCNvNtNtCseGU69UR3UMz_9palettify3api7extract23parse_process_multipart0B7_
FNDA:0,_RNCNCNvNtNtCseCNn33MUbHc_9palettify3api7extract23parse_process_multipart00B9_
FNDA:0,_RNCNCNvNtNtCseCNn33MUbHc_9palettify3api7extract23parse_process_multipart0s0_0B9_
FNDA:0,_RNCNCNvNtNtCseCNn33MUbHc_9palettify3api7extract23parse_process_multipart0s1_0B9_
FNDA:0,_RNCNCNvNtNtCseCNn33MUbHc_9palettify3api7extract23parse_process_multipart0s2_0B9_
FNDA:0,_RNCNCNvNtNtCseCNn33MUbHc_9palettify3api7extract23parse_process_multipart0s3_0B9_
FNDA:0,_RNCNCNvNtNtCseCNn33MUbHc_9palettify3api7extract23parse_process_multipart0s4_0B9_
FNDA:0,_RNCNCNvNtNtCseCNn33MUbHc_9palettify3api7extract23parse_process_multipart0s5_0B9_
FNDA:0,_RNCNCNvNtNtCseCNn33MUbHc_9palettify3api7extract23parse_process_multipart0s_0B9_
FNDA:0,_RNCNvNtNtCseCNn33MUbHc_9palettify3api7extract15resolve_palette0B7_
FNDA:0,_RNCNvNtNtCseCNn33MUbHc_9palettify3api7extract23parse_process_multipart0B7_
FNDA:0,_RNvNtNtCseCNn33MUbHc_9palettify3api7extract15resolve_palette
FNDA:0,_RNvNtNtCseCNn33MUbHc_9palettify3api7extract23parse_process_multipart
FNDA:0,_RNvNtNtCsiwcA9t8CxKq_9palettify3api7extract15resolve_palette
FNDA:0,_RNvNtNtCsiwcA9t8CxKq_9palettify3api7extract23parse_process_multipart
FNDA:0,_RNCNCNvNtNtCsiwcA9t8CxKq_9palettify3api7extract23parse_process_multipart00B9_
FNDA:0,_RNCNCNvNtNtCsiwcA9t8CxKq_9palettify3api7extract23parse_process_multipart0s0_0B9_
FNDA:0,_RNCNCNvNtNtCsiwcA9t8CxKq_9palettify3api7extract23parse_process_multipart0s1_0B9_
FNDA:0,_RNCNCNvNtNtCsiwcA9t8CxKq_9palettify3api7extract23parse_process_multipart0s2_0B9_
FNDA:0,_RNCNCNvNtNtCsiwcA9t8CxKq_9palettify3api7extract23parse_process_multipart0s3_0B9_
FNDA:0,_RNCNCNvNtNtCsiwcA9t8CxKq_9palettify3api7extract23parse_process_multipart0s4_0B9_
FNDA:0,_RNCNCNvNtNtCsiwcA9t8CxKq_9palettify3api7extract23parse_process_multipart0s5_0B9_
FNDA:0,_RNCNCNvNtNtCsiwcA9t8CxKq_9palettify3api7extract23parse_process_multipart0s_0B9_
FNDA:0,_RNCNvNtNtCsiwcA9t8CxKq_9palettify3api7extract15resolve_palette0B7_
FNDA:0,_RNCNvNtNtCsiwcA9t8CxKq_9palettify3api7extract23parse_process_multipart0B7_
FNDA:0,_RNCNCNvNtNtCsbtrXiB8aXK2_9palettify3api7extract23parse_process_multipart00B9_
FNDA:0,_RNCNCNvNtNtCsbtrXiB8aXK2_9palettify3api7extract23parse_process_multipart0s0_0B9_
FNDA:0,_RNCNCNvNtNtCsbtrXiB8aXK2_9palettify3api7extract23parse_process_multipart0s1_0B9_
FNDA:0,_RNCNCNvNtNtCsbtrXiB8aXK2_9palettify3api7extract23parse_process_multipart0s2_0B9_
FNDA:0,_RNCNCNvNtNtCsbtrXiB8aXK2_9palettify3api7extract23parse_process_multipart0s3_0B9_
FNDA:0,_RNCNCNvNtNtCsbtrXiB8aXK2_9palettify3api7extract23parse_process_multipart0s4_0B9_
FNDA:0,_RNCNCNvNtNtCsbtrXiB8aXK2_9palettify3api7extract23parse_process_multipart0s5_0B9_
FNDA:0,_RNCNCNvNtNtCsbtrXiB8aXK2_9palettify3api7extract23parse_process_multipart0s_0B9_
FNDA:0,_RNCNvNtNtCsbtrXiB8aXK2_9palettify3api7extract15resolve_palette0B7_
FNDA:0,_RNCNvNtNtCsbtrXiB8aXK2_9palettify3api7extract23parse_process_multipart0B7_
FNDA:0,_RNvNtNtCsbtrXiB8aXK2_9palettify3api7extract15resolve_palette
FNDA:0,_RNvNtNtCsbtrXiB8aXK2_9palettify3api7extract23parse_process_multipart
FNF:12
FNH:7
DA:22,17
DA:23,17
DA:24,17
DA:25,17
DA:26,17
DA:27,17
DA:28,17
DA:29,17
DA:30,17
DA:32,55
DA:33,39
DA:34,39
DA:35,17
DA:36,17
DA:37,17
DA:38,17
DA:39,17
DA:40,17
DA:43,22
DA:44,15
DA:45,15
DA:46,15
DA:47,15
DA:48,15
DA:49,15
DA:50,15
DA:53,7
DA:54,1
DA:55,1
DA:56,1
DA:57,1
DA:59,1
DA:60,1
DA:61,1
DA:62,3
DA:63,1
DA:64,1
DA:66,1
DA:67,1
DA:68,1
DA:70,6
DA:71,2
DA:72,2
DA:73,2
DA:75,4
DA:76,3
DA:77,3
DA:78,3
DA:79,3
DA:81,3
DA:82,1
DA:83,1
DA:84,1
DA:85,1
DA:86,1
DA:88,1
DA:92,16
DA:94,14
DA:95,14
DA:96,14
DA:98,14
DA:99,17
DA:102,16
DA:103,16
DA:104,16
DA:105,16
DA:106,16
DA:107,16
DA:108,14
DA:109,14
DA:110,14
DA:111,14
DA:112,14
DA:115,1
DA:116,1
DA:117,1
DA:119,1
DA:120,1
DA:121,1
DA:123,16
BRF:0
BRH:0
LF:91
LH:86
end_of_record
SF:A:\coding\rust\palettify\src\api\health.rs
FN:19,_RNvNtNtCseGU69UR3UMz_9palettify3api6health6health
FN:19,_RNCNvNtNtCseGU69UR3UMz_9palettify3api6health6health0B7_
FN:19,_RNvNtNtCseCNn33MUbHc_9palettify3api6health6health
FN:19,_RNCNvNtNtCseCNn33MUbHc_9palettify3api6health6health0B7_
FN:19,_RNvNtNtCsiwcA9t8CxKq_9palettify3api6health6health
FN:19,_RNCNvNtNtCsiwcA9t8CxKq_9palettify3api6health6health0B7_
FN:19,_RNCNvNtNtCsbtrXiB8aXK2_9palettify3api6health6health0B7_
FN:19,_RNvNtNtCsbtrXiB8aXK2_9palettify3api6health6health
FNDA:5,_RNvNtNtCseGU69UR3UMz_9palettify3api6health6health
FNDA:5,_RNCNvNtNtCseGU69UR3UMz_9palettify3api6health6health0B7_
FNDA:0,_RNvNtNtCseCNn33MUbHc_9palettify3api6health6health
FNDA:0,_RNCNvNtNtCseCNn33MUbHc_9palettify3api6health6health0B7_
FNDA:0,_RNvNtNtCsiwcA9t8CxKq_9palettify3api6health6health
FNDA:0,_RNCNvNtNtCsiwcA9t8CxKq_9palettify3api6health6health0B7_
FNDA:0,_RNCNvNtNtCsbtrXiB8aXK2_9palettify3api6health6health0B7_
FNDA:0,_RNvNtNtCsbtrXiB8aXK2_9palettify3api6health6health
FNF:2
FNH:2
DA:19,5
DA:20,5
DA:21,5
DA:22,5
DA:23,5
DA:24,5
DA:25,5
DA:26,5
DA:27,5
BRF:0
BRH:0
LF:10
LH:10
end_of_record
SF:A:\coding\rust\palettify\src\api\output.rs
FN:56,_RNCNvNtNtCseGU69UR3UMz_9palettify3api6output20build_image_response0B7_
FN:34,_RNvMNtNtCseGU69UR3UMz_9palettify3api6outputNtB2_12OutputFormat12content_type
FN:26,_RNvMNtNtCseGU69UR3UMz_9palettify3api6outputNtB2_12OutputFormat12image_format
FN:42,_RNvMNtNtCseGU69UR3UMz_9palettify3api6outputNtB2_12OutputFormat3ext
FN:18,_RNvMNtNtCseGU69UR3UMz_9palettify3api6outputNtB2_12OutputFormat8from_str
FN:52,_RNvNtNtCseGU69UR3UMz_9palettify3api6output20build_image_response
FN:34,_RNvMNtNtCseCNn33MUbHc_9palettify3api6outputNtB2_12OutputFormat12content_type
FN:26,_RNvMNtNtCseCNn33MUbHc_9palettify3api6outputNtB2_12OutputFormat12image_format
FN:42,_RNvMNtNtCseCNn33MUbHc_9palettify3api6outputNtB2_12OutputFormat3ext
FN:18,_RNvMNtNtCseCNn33MUbHc_9palettify3api6outputNtB2_12OutputFormat8from_str
FN:52,_RNvNtNtCseCNn33MUbHc_9palettify3api6output20build_image_response
FN:105,_RNvNtNtNtCseCNn33MUbHc_9palettify3api6output5testss_10ext_values
FN:92,_RNvNtNtNtCseCNn33MUbHc_9palettify3api6output5testss_13from_str_webp
FN:98,_RNvNtNtNtCseCNn33MUbHc_9palettify3api6output5testss_19content_type_values
FN:85,_RNvNtNtNtCseCNn33MUbHc_9palettify3api6output5testss_22from_str_jpeg_variants
FN:78,_RNvNtNtNtCseCNn33MUbHc_9palettify3api6output5testss_24from_str_defaults_to_png
FN:112,_RNvNtNtNtCseCNn33MUbHc_9palettify3api6output5testss_36build_response_sets_content_type_png
FN:120,_RNvNtNtNtCseCNn33MUbHc_9palettify3api6output5testss_37build_response_sets_content_type_jpeg
FN:127,_RNvNtNtNtCseCNn33MUbHc_9palettify3api6output5testss_37build_response_sets_content_type_webp
FN:56,_RNCNvNtNtCseCNn33MUbHc_9palettify3api6output20build_image_response0B7_
FN:105,_RNvNtNtNtCsiwcA9t8CxKq_9palettify3api6output5testss_10ext_values
FN:92,_RNvNtNtNtCsiwcA9t8CxKq_9palettify3api6output5testss_13from_str_webp
FN:98,_RNvNtNtNtCsiwcA9t8CxKq_9palettify3api6output5testss_19content_type_values
FN:85,_RNvNtNtNtCsiwcA9t8CxKq_9palettify3api6output5testss_22from_str_jpeg_variants
FN:78,_RNvNtNtNtCsiwcA9t8CxKq_9palettify3api6output5testss_24from_str_defaults_to_png
FN:112,_RNvNtNtNtCsiwcA9t8CxKq_9palettify3api6output5testss_36build_response_sets_content_type_png
FN:120,_RNvNtNtNtCsiwcA9t8CxKq_9palettify3api6output5testss_37build_response_sets_content_type_jpeg
FN:127,_RNvNtNtNtCsiwcA9t8CxKq_9palettify3api6output5testss_37build_response_sets_content_type_webp
FN:34,_RNvMNtNtCsiwcA9t8CxKq_9palettify3api6outputNtB2_12OutputFormat12content_type
FN:26,_RNvMNtNtCsiwcA9t8CxKq_9palettify3api6outputNtB2_12OutputFormat12image_format
FN:42,_RNvMNtNtCsiwcA9t8CxKq_9palettify3api6outputNtB2_12OutputFormat3ext
FN:18,_RNvMNtNtCsiwcA9t8CxKq_9palettify3api6outputNtB2_12OutputFormat8from_str
FN:52,_RNvNtNtCsiwcA9t8CxKq_9palettify3api6output20build_image_response
FN:56,_RNCNvNtNtCsiwcA9t8CxKq_9palettify3api6output20build_image_response0B7_
FN:56,_RNCNvNtNtCsbtrXiB8aXK2_9palettify3api6output20build_image_response0B7_
FN:34,_RNvMNtNtCsbtrXiB8aXK2_9palettify3api6outputNtB2_12OutputFormat12content_type
FN:26,_RNvMNtNtCsbtrXiB8aXK2_9palettify3api6outputNtB2_12OutputFormat12image_format
FN:42,_RNvMNtNtCsbtrXiB8aXK2_9palettify3api6outputNtB2_12OutputFormat3ext
FN:18,_RNvMNtNtCsbtrXiB8aXK2_9palettify3api6outputNtB2_12OutputFormat8from_str
FN:52,_RNvNtNtCsbtrXiB8aXK2_9palettify3api6output20build_image_response
FNDA:0,_RNCNvNtNtCseGU69UR3UMz_9palettify3api6output20build_image_response0B7_
FNDA:13,_RNvMNtNtCseGU69UR3UMz_9palettify3api6outputNtB2_12OutputFormat12content_type
FNDA:13,_RNvMNtNtCseGU69UR3UMz_9palettify3api6outputNtB2_12OutputFormat12image_format
FNDA:13,_RNvMNtNtCseGU69UR3UMz_9palettify3api6outputNtB2_12OutputFormat3ext
FNDA:2,_RNvMNtNtCseGU69UR3UMz_9palettify3api6outputNtB2_12OutputFormat8from_str
FNDA:13,_RNvNtNtCseGU69UR3UMz_9palettify3api6output20build_image_response
FNDA:6,_RNvMNtNtCseCNn33MUbHc_9palettify3api6outputNtB2_12OutputFormat12content_type
FNDA:3,_RNvMNtNtCseCNn33MUbHc_9palettify3api6outputNtB2_12OutputFormat12image_format
FNDA:6,_RNvMNtNtCseCNn33MUbHc_9palettify3api6outputNtB2_12OutputFormat3ext
FNDA:7,_RNvMNtNtCseCNn33MUbHc_9palettify3api6outputNtB2_12OutputFormat8from_str
FNDA:3,_RNvNtNtCseCNn33MUbHc_9palettify3api6output20build_image_response
FNDA:1,_RNvNtNtNtCseCNn33MUbHc_9palettify3api6output5testss_10ext_values
FNDA:1,_RNvNtNtNtCseCNn33MUbHc_9palettify3api6output5testss_13from_str_webp
FNDA:1,_RNvNtNtNtCseCNn33MUbHc_9palettify3api6output5testss_19content_type_values
FNDA:1,_RNvNtNtNtCseCNn33MUbHc_9palettify3api6output5testss_22from_str_jpeg_variants
FNDA:1,_RNvNtNtNtCseCNn33MUbHc_9palettify3api6output5testss_24from_str_defaults_to_png
FNDA:1,_RNvNtNtNtCseCNn33MUbHc_9palettify3api6output5testss_36build_response_sets_content_type_png
FNDA:1,_RNvNtNtNtCseCNn33MUbHc_9palettify3api6output5testss_37build_response_sets_content_type_jpeg
FNDA:1,_RNvNtNtNtCseCNn33MUbHc_9palettify3api6output5testss_37build_response_sets_content_type_webp
FNDA:0,_RNCNvNtNtCseCNn33MUbHc_9palettify3api6output20build_image_response0B7_
FNDA:1,_RNvNtNtNtCsiwcA9t8CxKq_9palettify3api6output5testss_10ext_values
FNDA:1,_RNvNtNtNtCsiwcA9t8CxKq_9palettify3api6output5testss_13from_str_webp
FNDA:1,_RNvNtNtNtCsiwcA9t8CxKq_9palettify3api6output5testss_19content_type_values
FNDA:1,_RNvNtNtNtCsiwcA9t8CxKq_9palettify3api6output5testss_22from_str_jpeg_variants
FNDA:1,_RNvNtNtNtCsiwcA9t8CxKq_9palettify3api6output5testss_24from_str_defaults_to_png
FNDA:1,_RNvNtNtNtCsiwcA9t8CxKq_9palettify3api6output5testss_36build_response_sets_content_type_png
FNDA:1,_RNvNtNtNtCsiwcA9t8CxKq_9palettify3api6output5testss_37build_response_sets_content_type_jpeg
FNDA:1,_RNvNtNtNtCsiwcA9t8CxKq_9palettify3api6output5testss_37build_response_sets_content_type_webp
FNDA:6,_RNvMNtNtCsiwcA9t8CxKq_9palettify3api6outputNtB2_12OutputFormat12content_type
FNDA:3,_RNvMNtNtCsiwcA9t8CxKq_9palettify3api6outputNtB2_12OutputFormat12image_format
FNDA:6,_RNvMNtNtCsiwcA9t8CxKq_9palettify3api6outputNtB2_12OutputFormat3ext
FNDA:7,_RNvMNtNtCsiwcA9t8CxKq_9palettify3api6outputNtB2_12OutputFormat8from_str
FNDA:3,_RNvNtNtCsiwcA9t8CxKq_9palettify3api6output20build_image_response
FNDA:0,_RNCNvNtNtCsiwcA9t8CxKq_9palettify3api6output20build_image_response0B7_
FNDA:0,_RNCNvNtNtCsbtrXiB8aXK2_9palettify3api6output20build_image_response0B7_
FNDA:0,_RNvMNtNtCsbtrXiB8aXK2_9palettify3api6outputNtB2_12OutputFormat12content_type
FNDA:0,_RNvMNtNtCsbtrXiB8aXK2_9palettify3api6outputNtB2_12OutputFormat12image_format
FNDA:0,_RNvMNtNtCsbtrXiB8aXK2_9palettify3api6outputNtB2_12OutputFormat3ext
FNDA:0,_RNvMNtNtCsbtrXiB8aXK2_9palettify3api6outputNtB2_12OutputFormat8from_str
FNDA:0,_RNvNtNtCsbtrXiB8aXK2_9palettify3api6output20build_image_response
FNF:14
FNH:13
DA:18,16
DA:19,16
DA:20,16
DA:21,9
DA:22,4
DA:24,16
DA:26,19
DA:27,19
DA:28,13
DA:29,3
DA:30,3
DA:32,19
DA:34,25
DA:35,25
DA:36,15
DA:37,5
DA:38,5
DA:40,25
DA:42,25
DA:43,25
DA:44,15
DA:45,5
DA:46,5
DA:48,25
DA:52,19
DA:53,19
DA:54,19
DA:55,19
DA:56,19
DA:58,19
DA:60,19
DA:61,19
DA:62,19
DA:63,19
DA:64,19
DA:65,19
DA:66,19
DA:67,19
DA:68,19
DA:69,19
DA:70,19
DA:78,2
DA:79,2
DA:80,2
DA:81,2
DA:82,2
DA:85,2
DA:86,2
DA:87,2
DA:88,2
DA:89,2
DA:92,2
DA:93,2
DA:94,2
DA:95,2
DA:98,2
DA:99,2
DA:100,2
DA:101,2
DA:102,2
DA:105,2
DA:106,2
DA:107,2
DA:108,2
DA:109,2
DA:112,2
DA:113,2
DA:114,2
DA:115,2
DA:116,2
DA:117,2
DA:120,2
DA:121,2
DA:122,2
DA:123,2
DA:124,2
DA:127,2
DA:128,2
DA:129,2
DA:130,2
DA:131,2
BRF:0
BRH:0
LF:82
LH:81
end_of_record
SF:A:\coding\rust\palettify\src\api\palettes.rs
FN:23,_RNvNtNtCseGU69UR3UMz_9palettify3api8palettes13list_palettes
FN:28,_RNCNCNvNtNtCseGU69UR3UMz_9palettify3api8palettes13list_palettes00B9_
FN:34,_RNCNCNvNtNtCseGU69UR3UMz_9palettify3api8palettes13list_palettes0s_0B9_
FN:23,_RNCNvNtNtCseGU69UR3UMz_9palettify3api8palettes13list_palettes0B7_
FN:23,_RNvNtNtCseCNn33MUbHc_9palettify3api8palettes13list_palettes
FN:28,_RNCNCNvNtNtCseCNn33MUbHc_9palettify3api8palettes13list_palettes00B9_
FN:34,_RNCNCNvNtNtCseCNn33MUbHc_9palettify3api8palettes13list_palettes0s_0B9_
FN:23,_RNCNvNtNtCseCNn33MUbHc_9palettify3api8palettes13list_palettes0B7_
FN:23,_RNvNtNtCsiwcA9t8CxKq_9palettify3api8palettes13list_palettes
FN:28,_RNCNCNvNtNtCsiwcA9t8CxKq_9palettify3api8palettes13list_palettes00B9_
FN:34,_RNCNCNvNtNtCsiwcA9t8CxKq_9palettify3api8palettes13list_palettes0s_0B9_
FN:23,_RNCNvNtNtCsiwcA9t8CxKq_9palettify3api8palettes13list_palettes0B7_
FN:28,_RNCNCNvNtNtCsbtrXiB8aXK2_9palettify3api8palettes13list_palettes00B9_
FN:34,_RNCNCNvNtNtCsbtrXiB8aXK2_9palettify3api8palettes13list_palettes0s_0B9_
FN:23,_RNCNvNtNtCsbtrXiB8aXK2_9palettify3api8palettes13list_palettes0B7_
FN:23,_RNvNtNtCsbtrXiB8aXK2_9palettify3api8palettes13list_palettes
FNDA:5,_RNvNtNtCseGU69UR3UMz_9palettify3api8palettes13list_palettes
FNDA:50,_RNCNCNvNtNtCseGU69UR3UMz_9palettify3api8palettes13list_palettes00B9_
FNDA:160,_RNCNCNvNtNtCseGU69UR3UMz_9palettify3api8palettes13list_palettes0s_0B9_
FNDA:5,_RNCNvNtNtCseGU69UR3UMz_9palettify3api8palettes13list_palettes0B7_
FNDA:0,_RNvNtNtCseCNn33MUbHc_9palettify3api8palettes13list_palettes
FNDA:0,_RNCNCNvNtNtCseCNn33MUbHc_9palettify3api8palettes13list_palettes00B9_
FNDA:0,_RNCNCNvNtNtCseCNn33MUbHc_9palettify3api8palettes13list_palettes0s_0B9_
FNDA:0,_RNCNvNtNtCseCNn33MUbHc_9palettify3api8palettes13list_palettes0B7_
FNDA:0,_RNvNtNtCsiwcA9t8CxKq_9palettify3api8palettes13list_palettes
FNDA:0,_RNCNCNvNtNtCsiwcA9t8CxKq_9palettify3api8palettes13list_palettes00B9_
FNDA:0,_RNCNCNvNtNtCsiwcA9t8CxKq_9palettify3api8palettes13list_palettes0s_0B9_
FNDA:0,_RNCNvNtNtCsiwcA9t8CxKq_9palettify3api8palettes13list_palettes0B7_
FNDA:0,_RNCNCNvNtNtCsbtrXiB8aXK2_9palettify3api8palettes13list_palettes00B9_
FNDA:0,_RNCNCNvNtNtCsbtrXiB8aXK2_9palettify3api8palettes13list_palettes0s_0B9_
FNDA:0,_RNCNvNtNtCsbtrXiB8aXK2_9palettify3api8palettes13list_palettes0B7_
FNDA:0,_RNvNtNtCsbtrXiB8aXK2_9palettify3api8palettes13list_palettes
FNF:4
FNH:4
DA:23,5
DA:24,5
DA:25,5
DA:26,5
DA:27,5
DA:28,50
DA:29,50
DA:30,50
DA:31,50
DA:32,5
DA:34,160
DA:36,5
DA:37,5
DA:38,5
DA:39,5
DA:40,5
BRF:0
BRH:0
LF:18
LH:18
end_of_record
SF:A:\coding\rust\palettify\src\api\process.rs
FN:26,_RNvNtNtCseGU69UR3UMz_9palettify3api7process7process
FN:33,_RNCNCNvNtNtCseGU69UR3UMz_9palettify3api7process7process00B9_
FN:39,_RNCNCNvNtNtCseGU69UR3UMz_9palettify3api7process7process0s0_0B9_
FN:35,_RNCNCNvNtNtCseGU69UR3UMz_9palettify3api7process7process0s_0B9_
FN:29,_RNCNvNtNtCseGU69UR3UMz_9palettify3api7process7process0B7_
FN:26,_RNvNtNtCseCNn33MUbHc_9palettify3api7process7process
FN:33,_RNCNCNvNtNtCseCNn33MUbHc_9palettify3api7process7process00B9_
FN:39,_RNCNCNvNtNtCseCNn33MUbHc_9palettify3api7process7process0s0_0B9_
FN:35,_RNCNCNvNtNtCseCNn33MUbHc_9palettify3api7process7process0s_0B9_
FN:29,_RNCNvNtNtCseCNn33MUbHc_9palettify3api7process7process0B7_
FN:26,_RNvNtNtCsiwcA9t8CxKq_9palettify3api7process7process
FN:33,_RNCNCNvNtNtCsiwcA9t8CxKq_9palettify3api7process7process00B9_
FN:39,_RNCNCNvNtNtCsiwcA9t8CxKq_9palettify3api7process7process0s0_0B9_
FN:35,_RNCNCNvNtNtCsiwcA9t8CxKq_9palettify3api7process7process0s_0B9_
FN:29,_RNCNvNtNtCsiwcA9t8CxKq_9palettify3api7process7process0B7_
FN:26,_RNvNtNtCsbtrXiB8aXK2_9palettify3api7process7process
FN:33,_RNCNCNvNtNtCsbtrXiB8aXK2_9palettify3api7process7process00B9_
FN:39,_RNCNCNvNtNtCsbtrXiB8aXK2_9palettify3api7process7process0s0_0B9_
FN:35,_RNCNCNvNtNtCsbtrXiB8aXK2_9palettify3api7process7process0s_0B9_
FN:29,_RNCNvNtNtCsbtrXiB8aXK2_9palettify3api7process7process0B7_
FNDA:17,_RNvNtNtCseGU69UR3UMz_9palettify3api7process7process
FNDA:1,_RNCNCNvNtNtCseGU69UR3UMz_9palettify3api7process7process00B9_
FNDA:0,_RNCNCNvNtNtCseGU69UR3UMz_9palettify3api7process7process0s0_0B9_
FNDA:13,_RNCNCNvNtNtCseGU69UR3UMz_9palettify3api7process7process0s_0B9_
FNDA:17,_RNCNvNtNtCseGU69UR3UMz_9palettify3api7process7process0B7_
FNDA:0,_RNvNtNtCseCNn33MUbHc_9palettify3api7process7process
FNDA:0,_RNCNCNvNtNtCseCNn33MUbHc_9palettify3api7process7process00B9_
FNDA:0,_RNCNCNvNtNtCseCNn33MUbHc_9palettify3api7process7process0s0_0B9_
FNDA:0,_RNCNCNvNtNtCseCNn33MUbHc_9palettify3api7process7process0s_0B9_
FNDA:0,_RNCNvNtNtCseCNn33MUbHc_9palettify3api7process7process0B7_
FNDA:0,_RNvNtNtCsiwcA9t8CxKq_9palettify3api7process7process
FNDA:0,_RNCNCNvNtNtCsiwcA9t8CxKq_9palettify3api7process7process00B9_
FNDA:0,_RNCNCNvNtNtCsiwcA9t8CxKq_9palettify3api7process7process0s0_0B9_
FNDA:0,_RNCNCNvNtNtCsiwcA9t8CxKq_9palettify3api7process7process0s_0B9_
FNDA:0,_RNCNvNtNtCsiwcA9t8CxKq_9palettify3api7process7process0B7_
FNDA:0,_RNvNtNtCsbtrXiB8aXK2_9palettify3api7process7process
FNDA:0,_RNCNCNvNtNtCsbtrXiB8aXK2_9palettify3api7process7process00B9_
FNDA:0,_RNCNCNvNtNtCsbtrXiB8aXK2_9palettify3api7process7process0s0_0B9_
FNDA:0,_RNCNCNvNtNtCsbtrXiB8aXK2_9palettify3api7process7process0s_0B9_
FNDA:0,_RNCNvNtNtCsbtrXiB8aXK2_9palettify3api7process7process0B7_
FNF:5
FNH:4
DA:26,17
DA:27,17
DA:28,17
DA:29,17
DA:30,17
DA:32,14
DA:33,14
DA:35,13
DA:36,13
DA:37,13
DA:38,13
DA:39,13
DA:41,13
DA:42,17
BRF:0
BRH:0
LF:18
LH:17
end_of_record
SF:A:\coding\rust\palettify\src\color.rs
FN:32,_RNvNtCseGU69UR3UMz_9palettify5color12rgb_to_oklabB3_
FN:14,_RNvNtCseGU69UR3UMz_9palettify5color14linear_to_srgbB3_
FN:3,_RNvNtCseGU69UR3UMz_9palettify5color14srgb_to_linearB3_
FN:57,_RNvNtCseGU69UR3UMz_9palettify5color9parse_hex
FN:32,_RNvNtCseGU69UR3UMz_9palettify5color12rgb_to_oklabCs8g7bbYUiIVU_8palettes
FN:3,_RNvNtCseGU69UR3UMz_9palettify5color14srgb_to_linearCs8g7bbYUiIVU_8palettes
FN:83,_RNvNtNtCseCNn33MUbHc_9palettify5color5testss_19parse_hex_uppercase
FN:73,_RNvNtNtCseCNn33MUbHc_9palettify5color5testss_19parse_hex_with_hash
FN:127,_RNvNtNtCseCNn33MUbHc_9palettify5color5testss_21srgb_linear_roundtrip
FN:78,_RNvNtNtCseCNn33MUbHc_9palettify5color5testss_22parse_hex_without_hash
FN:88,_RNvNtNtCseCNn33MUbHc_9palettify5color5testss_23parse_hex_rejects_short
FN:114,_RNvNtNtCseCNn33MUbHc_9palettify5color5testss_23white_has_max_lightness
FN:108,_RNvNtNtCseCNn33MUbHc_9palettify5color5testss_24black_has_zero_lightness
FN:120,_RNvNtNtCseCNn33MUbHc_9palettify5color5testss_31neutral_grays_have_near_zero_ab
FN:93,_RNvNtNtCseCNn33MUbHc_9palettify5color5testss_31parse_hex_rejects_invalid_chars
FN:136,_RNvNtNtCseCNn33MUbHc_9palettify5color5testss_34linear_to_srgb_clamps_out_of_range
FN:103,_RNvNtNtCseCNn33MUbHc_9palettify5color5testss_36parse_hex_rejects_invalid_third_byte
FN:98,_RNvNtNtCseCNn33MUbHc_9palettify5color5testss_37parse_hex_rejects_invalid_second_byte
FN:32,_RNvNtCseCNn33MUbHc_9palettify5color12rgb_to_oklabB3_
FN:14,_RNvNtCseCNn33MUbHc_9palettify5color14linear_to_srgbB3_
FN:3,_RNvNtCseCNn33MUbHc_9palettify5color14srgb_to_linearB3_
FN:57,_RNvNtCseCNn33MUbHc_9palettify5color9parse_hex
FN:83,_RNvNtNtCsiwcA9t8CxKq_9palettify5color5testss_19parse_hex_uppercase
FN:73,_RNvNtNtCsiwcA9t8CxKq_9palettify5color5testss_19parse_hex_with_hash
FN:127,_RNvNtNtCsiwcA9t8CxKq_9palettify5color5testss_21srgb_linear_roundtrip
FN:78,_RNvNtNtCsiwcA9t8CxKq_9palettify5color5testss_22parse_hex_without_hash
FN:88,_RNvNtNtCsiwcA9t8CxKq_9palettify5color5testss_23parse_hex_rejects_short
FN:114,_RNvNtNtCsiwcA9t8CxKq_9palettify5color5testss_23white_has_max_lightness
FN:108,_RNvNtNtCsiwcA9t8CxKq_9palettify5color5testss_24black_has_zero_lightness
FN:120,_RNvNtNtCsiwcA9t8CxKq_9palettify5color5testss_31neutral_grays_have_near_zero_ab
FN:93,_RNvNtNtCsiwcA9t8CxKq_9palettify5color5testss_31parse_hex_rejects_invalid_chars
FN:136,_RNvNtNtCsiwcA9t8CxKq_9palettify5color5testss_34linear_to_srgb_clamps_out_of_range
FN:103,_RNvNtNtCsiwcA9t8CxKq_9palettify5color5testss_36parse_hex_rejects_invalid_third_byte
FN:98,_RNvNtNtCsiwcA9t8CxKq_9palettify5color5testss_37parse_hex_rejects_invalid_second_byte
FN:32,_RNvNtCsiwcA9t8CxKq_9palettify5color12rgb_to_oklabB3_
FN:14,_RNvNtCsiwcA9t8CxKq_9palettify5color14linear_to_srgbB3_
FN:3,_RNvNtCsiwcA9t8CxKq_9palettify5color14srgb_to_linearB3_
FN:57,_RNvNtCsiwcA9t8CxKq_9palettify5color9parse_hex
FN:32,_RNvNtCsbtrXiB8aXK2_9palettify5color12rgb_to_oklabB3_
FN:14,_RNvNtCsbtrXiB8aXK2_9palettify5color14linear_to_srgbB3_
FN:3,_RNvNtCsbtrXiB8aXK2_9palettify5color14srgb_to_linearB3_
FN:57,_RNvNtCsbtrXiB8aXK2_9palettify5color9parse_hex
FNDA:5728,_RNvNtCseGU69UR3UMz_9palettify5color12rgb_to_oklabB3_
FNDA:3,_RNvNtCseGU69UR3UMz_9palettify5color14linear_to_srgbB3_
FNDA:17190,_RNvNtCseGU69UR3UMz_9palettify5color14srgb_to_linearB3_
FNDA:5715,_RNvNtCseGU69UR3UMz_9palettify5color9parse_hex
FNDA:1,_RNvNtCseGU69UR3UMz_9palettify5color12rgb_to_oklabCs8g7bbYUiIVU_8palettes
FNDA:3,_RNvNtCseGU69UR3UMz_9palettify5color14srgb_to_linearCs8g7bbYUiIVU_8palettes
FNDA:1,_RNvNtNtCseCNn33MUbHc_9palettify5color5testss_19parse_hex_uppercase
FNDA:1,_RNvNtNtCseCNn33MUbHc_9palettify5color5testss_19parse_hex_with_hash
FNDA:1,_RNvNtNtCseCNn33MUbHc_9palettify5color5testss_21srgb_linear_roundtrip
FNDA:1,_RNvNtNtCseCNn33MUbHc_9palettify5color5testss_22parse_hex_without_hash
FNDA:1,_RNvNtNtCseCNn33MUbHc_9palettify5color5testss_23parse_hex_rejects_short
FNDA:1,_RNvNtNtCseCNn33MUbHc_9palettify5color5testss_23white_has_max_lightness
FNDA:1,_RNvNtNtCseCNn33MUbHc_9palettify5color5testss_24black_has_zero_lightness
FNDA:1,_RNvNtNtCseCNn33MUbHc_9palettify5color5testss_31neutral_grays_have_near_zero_ab
FNDA:1,_RNvNtNtCseCNn33MUbHc_9palettify5color5testss_31parse_hex_rejects_invalid_chars
FNDA:1,_RNvNtNtCseCNn33MUbHc_9palettify5color5testss_34linear_to_srgb_clamps_out_of_range
FNDA:1,_RNvNtNtCseCNn33MUbHc_9palettify5color5testss_36parse_hex_rejects_invalid_third_byte
FNDA:1,_RNvNtNtCseCNn33MUbHc_9palettify5color5testss_37parse_hex_rejects_invalid_second_byte
FNDA:8614,_RNvNtCseCNn33MUbHc_9palettify5color12rgb_to_oklabB3_
FNDA:205,_RNvNtCseCNn33MUbHc_9palettify5color14linear_to_srgbB3_
FNDA:26240,_RNvNtCseCNn33MUbHc_9palettify5color14srgb_to_linearB3_
FNDA:419,_RNvNtCseCNn33MUbHc_9palettify5color9parse_hex
FNDA:1,_RNvNtNtCsiwcA9t8CxKq_9palettify5color5testss_19parse_hex_uppercase
FNDA:1,_RNvNtNtCsiwcA9t8CxKq_9palettify5color5testss_19parse_hex_with_hash
FNDA:1,_RNvNtNtCsiwcA9t8CxKq_9palettify5color5testss_21srgb_linear_roundtrip
FNDA:1,_RNvNtNtCsiwcA9t8CxKq_9palettify5color5testss_22parse_hex_without_hash
FNDA:1,_RNvNtNtCsiwcA9t8CxKq_9palettify5color5testss_23parse_hex_rejects_short
FNDA:1,_RNvNtNtCsiwcA9t8CxKq_9palettify5color5testss_23white_has_max_lightness
FNDA:1,_RNvNtNtCsiwcA9t8CxKq_9palettify5color5testss_24black_has_zero_lightness
FNDA:1,_RNvNtNtCsiwcA9t8CxKq_9palettify5color5testss_31neutral_grays_have_near_zero_ab
FNDA:1,_RNvNtNtCsiwcA9t8CxKq_9palettify5color5testss_31parse_hex_rejects_invalid_chars
FNDA:1,_RNvNtNtCsiwcA9t8CxKq_9palettify5color5testss_34linear_to_srgb_clamps_out_of_range
FNDA:1,_RNvNtNtCsiwcA9t8CxKq_9palettify5color5testss_36parse_hex_rejects_invalid_third_byte
FNDA:1,_RNvNtNtCsiwcA9t8CxKq_9palettify5color5testss_37parse_hex_rejects_invalid_second_byte
FNDA:8614,_RNvNtCsiwcA9t8CxKq_9palettify5color12rgb_to_oklabB3_
FNDA:205,_RNvNtCsiwcA9t8CxKq_9palettify5color14linear_to_srgbB3_
FNDA:26240,_RNvNtCsiwcA9t8CxKq_9palettify5color14srgb_to_linearB3_
FNDA:419,_RNvNtCsiwcA9t8CxKq_9palettify5color9parse_hex
FNDA:0,_RNvNtCsbtrXiB8aXK2_9palettify5color12rgb_to_oklabB3_
FNDA:0,_RNvNtCsbtrXiB8aXK2_9palettify5color14linear_to_srgbB3_
FNDA:0,_RNvNtCsbtrXiB8aXK2_9palettify5color14srgb_to_linearB3_
FNDA:0,_RNvNtCsbtrXiB8aXK2_9palettify5color9parse_hex
FNF:16
FNH:16
DA:3,69673
DA:4,69673
DA:5,69673
DA:6,50229
DA:8,19444
DA:10,69673
DA:14,413
DA:15,413
DA:16,413
DA:17,394
DA:19,19
DA:21,413
DA:22,413
DA:32,22957
DA:33,22957
DA:34,22957
DA:35,22957
DA:38,22957
DA:39,22957
DA:40,22957
DA:43,22957
DA:44,22957
DA:45,22957
DA:48,22957
DA:49,22957
DA:50,22957
DA:51,22957
DA:52,22957
DA:53,22957
DA:57,6553
DA:58,6553
DA:59,6553
DA:60,2
DA:61,6551
DA:62,6551
DA:63,6547
DA:64,6545
DA:65,6543
DA:66,6553
DA:73,2
DA:74,2
DA:75,2
DA:78,2
DA:79,2
DA:80,2
DA:83,2
DA:84,2
DA:85,2
DA:88,2
DA:89,2
DA:90,2
DA:93,2
DA:94,2
DA:95,2
DA:98,2
DA:99,2
DA:100,2
DA:103,2
DA:104,2
DA:105,2
DA:108,2
DA:109,2
DA:110,2
DA:111,2
DA:114,2
DA:115,2
DA:116,2
DA:117,2
DA:120,2
DA:121,2
DA:122,2
DA:123,2
DA:124,2
DA:127,2
DA:128,16
DA:129,16
DA:130,16
DA:131,16
DA:133,2
DA:136,2
DA:137,2
DA:138,2
DA:139,2
BRF:0
BRH:0
LF:83
LH:83
end_of_record
SF:A:\coding\rust\palettify\src\config.rs
FN:122,_RNvMs_NtCseGU69UR3UMz_9palettify6configNtB4_6Config12auth_enabled
FN:118,_RNvMs_NtCseGU69UR3UMz_9palettify6configNtB4_6Config13is_production
FN:55,_RNvMs_NtCseGU69UR3UMz_9palettify6configNtB4_6Config8from_env
FN:10,_RNvXNtCseGU69UR3UMz_9palettify6configNtB2_11EnvironmentNtNtCs4TwWhthMkYr_4core7default7Default7default
FN:76,_RNCNCNvMs_NtCseGU69UR3UMz_9palettify6configNtB8_6Config8from_envs1_00Ba_
FN:77,_RNCNCNvMs_NtCseGU69UR3UMz_9palettify6configNtB8_6Config8from_envs1_0s_0Ba_
FN:58,_RNCNvMs_NtCseGU69UR3UMz_9palettify6configNtB6_6Config8from_env0B8_
FN:73,_RNCNvMs_NtCseGU69UR3UMz_9palettify6configNtB6_6Config8from_envs0_0B8_
FN:74,_RNCNvMs_NtCseGU69UR3UMz_9palettify6configNtB6_6Config8from_envs1_0B8_
FN:83,_RNCNvMs_NtCseGU69UR3UMz_9palettify6configNtB6_6Config8from_envs2_0B8_
FN:89,_RNCNvMs_NtCseGU69UR3UMz_9palettify6configNtB6_6Config8from_envs3_0B8_
FN:92,_RNCNvMs_NtCseGU69UR3UMz_9palettify6configNtB6_6Config8from_envs4_0B8_
FN:96,_RNCNvMs_NtCseGU69UR3UMz_9palettify6configNtB6_6Config8from_envs5_0B8_
FN:101,_RNCNvMs_NtCseGU69UR3UMz_9palettify6configNtB6_6Config8from_envs6_0B8_
FN:69,_RNCNvMs_NtCseGU69UR3UMz_9palettify6configNtB6_6Config8from_envs_0B8_
FN:137,_RNvNtNtCseCNn33MUbHc_9palettify6config5testss_20defaults_without_env
FN:189,_RNvNtNtCseCNn33MUbHc_9palettify6config5testss_21custom_port_is_parsed
FN:165,_RNvNtNtCseCNn33MUbHc_9palettify6config5testss_24api_keys_parsed_from_csv
FN:212,_RNvNtNtCseCNn33MUbHc_9palettify6config5testss_25prod_alias_for_production
FN:156,_RNvNtNtCseCNn33MUbHc_9palettify6config5testss_27production_environment_flag
FN:221,_RNvNtNtCseCNn33MUbHc_9palettify6config5testss_27upstash_env_vars_are_parsed
FN:198,_RNvNtNtCseCNn33MUbHc_9palettify6config5testss_30max_upload_mb_scales_correctly
FN:237,_RNvNtNtCseCNn33MUbHc_9palettify6config5testss_30rate_limit_env_vars_are_parsed
FN:207,_RNvNtNtCseCNn33MUbHc_9palettify6config5testss_34environment_default_is_development
FN:180,_RNvNtNtCseCNn33MUbHc_9palettify6config5testss_35empty_api_keys_string_disables_auth
FN:253,_RNvNtNtCseCNn33MUbHc_9palettify6config5testss_37palettes_dir_nonexistent_path_is_none
FN:122,_RNvMs_NtCseCNn33MUbHc_9palettify6configNtB4_6Config12auth_enabled
FN:118,_RNvMs_NtCseCNn33MUbHc_9palettify6configNtB4_6Config13is_production
FN:55,_RNvMs_NtCseCNn33MUbHc_9palettify6configNtB4_6Config8from_env
FN:10,_RNvXNtCseCNn33MUbHc_9palettify6configNtB2_11EnvironmentNtNtCs4TwWhthMkYr_4core7default7Default7default
FN:76,_RNCNCNvMs_NtCseCNn33MUbHc_9palettify6configNtB8_6Config8from_envs1_00Ba_
FN:77,_RNCNCNvMs_NtCseCNn33MUbHc_9palettify6configNtB8_6Config8from_envs1_0s_0Ba_
FN:58,_RNCNvMs_NtCseCNn33MUbHc_9palettify6configNtB6_6Config8from_env0B8_
FN:73,_RNCNvMs_NtCseCNn33MUbHc_9palettify6configNtB6_6Config8from_envs0_0B8_
FN:74,_RNCNvMs_NtCseCNn33MUbHc_9palettify6configNtB6_6Config8from_envs1_0B8_
FN:83,_RNCNvMs_NtCseCNn33MUbHc_9palettify6configNtB6_6Config8from_envs2_0B8_
FN:89,_RNCNvMs_NtCseCNn33MUbHc_9palettify6configNtB6_6Config8from_envs3_0B8_
FN:92,_RNCNvMs_NtCseCNn33MUbHc_9palettify6configNtB6_6Config8from_envs4_0B8_
FN:96,_RNCNvMs_NtCseCNn33MUbHc_9palettify6configNtB6_6Config8from_envs5_0B8_
FN:101,_RNCNvMs_NtCseCNn33MUbHc_9palettify6configNtB6_6Config8from_envs6_0B8_
FN:69,_RNCNvMs_NtCseCNn33MUbHc_9palettify6configNtB6_6Config8from_envs_0B8_
FN:76,_RNCNCNvMs_NtCsiwcA9t8CxKq_9palettify6configNtB8_6Config8from_envs1_00Ba_
FN:77,_RNCNCNvMs_NtCsiwcA9t8CxKq_9palettify6configNtB8_6Config8from_envs1_0s_0Ba_
FN:58,_RNCNvMs_NtCsiwcA9t8CxKq_9palettify6configNtB6_6Config8from_env0B8_
FN:73,_RNCNvMs_NtCsiwcA9t8CxKq_9palettify6configNtB6_6Config8from_envs0_0B8_
FN:74,_RNCNvMs_NtCsiwcA9t8CxKq_9palettify6configNtB6_6Config8from_envs1_0B8_
FN:83,_RNCNvMs_NtCsiwcA9t8CxKq_9palettify6configNtB6_6Config8from_envs2_0B8_
FN:89,_RNCNvMs_NtCsiwcA9t8CxKq_9palettify6configNtB6_6Config8from_envs3_0B8_
FN:92,_RNCNvMs_NtCsiwcA9t8CxKq_9palettify6configNtB6_6Config8from_envs4_0B8_
FN:96,_RNCNvMs_NtCsiwcA9t8CxKq_9palettify6configNtB6_6Config8from_envs5_0B8_
FN:101,_RNCNvMs_NtCsiwcA9t8CxKq_9palettify6configNtB6_6Config8from_envs6_0B8_
FN:69,_RNCNvMs_NtCsiwcA9t8CxKq_9palettify6configNtB6_6Config8from_envs_0B8_
FN:137,_RNvNtNtCsiwcA9t8CxKq_9palettify6config5testss_20defaults_without_env
FN:189,_RNvNtNtCsiwcA9t8CxKq_9palettify6config5testss_21custom_port_is_parsed
FN:165,_RNvNtNtCsiwcA9t8CxKq_9palettify6config5testss_24api_keys_parsed_from_csv
FN:212,_RNvNtNtCsiwcA9t8CxKq_9palettify6config5testss_25prod_alias_for_production
FN:156,_RNvNtNtCsiwcA9t8CxKq_9palettify6config5testss_27production_environment_flag
FN:221,_RNvNtNtCsiwcA9t8CxKq_9palettify6config5testss_27upstash_env_vars_are_parsed
FN:198,_RNvNtNtCsiwcA9t8CxKq_9palettify6config5testss_30max_upload_mb_scales_correctly
FN:237,_RNvNtNtCsiwcA9t8CxKq_9palettify6config5testss_30rate_limit_env_vars_are_parsed
FN:207,_RNvNtNtCsiwcA9t8CxKq_9palettify6config5testss_34environment_default_is_development
FN:180,_RNvNtNtCsiwcA9t8CxKq_9palettify6config5testss_35empty_api_keys_string_disables_auth
FN:253,_RNvNtNtCsiwcA9t8CxKq_9palettify6config5testss_37palettes_dir_nonexistent_path_is_none
FN:122,_RNvMs_NtCsiwcA9t8CxKq_9palettify6configNtB4_6Config12auth_enabled
FN:118,_RNvMs_NtCsiwcA9t8CxKq_9palettify6configNtB4_6Config13is_production
FN:55,_RNvMs_NtCsiwcA9t8CxKq_9palettify6configNtB4_6Config8from_env
FN:10,_RNvXNtCsiwcA9t8CxKq_9palettify6configNtB2_11EnvironmentNtNtCs4TwWhthMkYr_4core7default7Default7default
FN:118,_RNvMs_NtCsbtrXiB8aXK2_9palettify6configNtB4_6Config13is_production
FN:10,_RNvXNtCsbtrXiB8aXK2_9palettify6configNtB2_11EnvironmentNtNtCs4TwWhthMkYr_4core7default7Default7default
FN:76,_RNCNCNvMs_NtCsbtrXiB8aXK2_9palettify6configNtB8_6Config8from_envs1_00Ba_
FN:77,_RNCNCNvMs_NtCsbtrXiB8aXK2_9palettify6configNtB8_6Config8from_envs1_0s_0Ba_
FN:58,_RNCNvMs_NtCsbtrXiB8aXK2_9palettify6configNtB6_6Config8from_env0B8_
FN:73,_RNCNvMs_NtCsbtrXiB8aXK2_9palettify6configNtB6_6Config8from_envs0_0B8_
FN:74,_RNCNvMs_NtCsbtrXiB8aXK2_9palettify6configNtB6_6Config8from_envs1_0B8_
FN:83,_RNCNvMs_NtCsbtrXiB8aXK2_9palettify6configNtB6_6Config8from_envs2_0B8_
FN:89,_RNCNvMs_NtCsbtrXiB8aXK2_9palettify6configNtB6_6Config8from_envs3_0B8_
FN:92,_RNCNvMs_NtCsbtrXiB8aXK2_9palettify6configNtB6_6Config8from_envs4_0B8_
FN:96,_RNCNvMs_NtCsbtrXiB8aXK2_9palettify6configNtB6_6Config8from_envs5_0B8_
FN:101,_RNCNvMs_NtCsbtrXiB8aXK2_9palettify6configNtB6_6Config8from_envs6_0B8_
FN:69,_RNCNvMs_NtCsbtrXiB8aXK2_9palettify6configNtB6_6Config8from_envs_0B8_
FN:122,_RNvMs_NtCsbtrXiB8aXK2_9palettify6configNtB4_6Config12auth_enabled
FN:55,_RNvMs_NtCsbtrXiB8aXK2_9palettify6configNtB4_6Config8from_env
FNDA:5,_RNvMs_NtCseGU69UR3UMz_9palettify6configNtB4_6Config12auth_enabled
FNDA:0,_RNvMs_NtCseGU69UR3UMz_9palettify6configNtB4_6Config13is_production
FNDA:0,_RNvMs_NtCseGU69UR3UMz_9palettify6configNtB4_6Config8from_env
FNDA:0,_RNvXNtCseGU69UR3UMz_9palettify6configNtB2_11EnvironmentNtNtCs4TwWhthMkYr_4core7default7Default7default
FNDA:0,_RNCNCNvMs_NtCseGU69UR3UMz_9palettify6configNtB8_6Config8from_envs1_00Ba_
FNDA:0,_RNCNCNvMs_NtCseGU69UR3UMz_9palettify6configNtB8_6Config8from_envs1_0s_0Ba_
FNDA:0,_RNCNvMs_NtCseGU69UR3UMz_9palettify6configNtB6_6Config8from_env0B8_
FNDA:0,_RNCNvMs_NtCseGU69UR3UMz_9palettify6configNtB6_6Config8from_envs0_0B8_
FNDA:0,_RNCNvMs_NtCseGU69UR3UMz_9palettify6configNtB6_6Config8from_envs1_0B8_
FNDA:0,_RNCNvMs_NtCseGU69UR3UMz_9palettify6configNtB6_6Config8from_envs2_0B8_
FNDA:0,_RNCNvMs_NtCseGU69UR3UMz_9palettify6configNtB6_6Config8from_envs3_0B8_
FNDA:0,_RNCNvMs_NtCseGU69UR3UMz_9palettify6configNtB6_6Config8from_envs4_0B8_
FNDA:0,_RNCNvMs_NtCseGU69UR3UMz_9palettify6configNtB6_6Config8from_envs5_0B8_
FNDA:0,_RNCNvMs_NtCseGU69UR3UMz_9palettify6configNtB6_6Config8from_envs6_0B8_
FNDA:0,_RNCNvMs_NtCseGU69UR3UMz_9palettify6configNtB6_6Config8from_envs_0B8_
FNDA:1,_RNvNtNtCseCNn33MUbHc_9palettify6config5testss_20defaults_without_env
FNDA:1,_RNvNtNtCseCNn33MUbHc_9palettify6config5testss_21custom_port_is_parsed
FNDA:1,_RNvNtNtCseCNn33MUbHc_9palettify6config5testss_24api_keys_parsed_from_csv
FNDA:1,_RNvNtNtCseCNn33MUbHc_9palettify6config5testss_25prod_alias_for_production
FNDA:1,_RNvNtNtCseCNn33MUbHc_9palettify6config5testss_27production_environment_flag
FNDA:1,_RNvNtNtCseCNn33MUbHc_9palettify6config5testss_27upstash_env_vars_are_parsed
FNDA:1,_RNvNtNtCseCNn33MUbHc_9palettify6config5testss_30max_upload_mb_scales_correctly
FNDA:1,_RNvNtNtCseCNn33MUbHc_9palettify6config5testss_30rate_limit_env_vars_are_parsed
FNDA:1,_RNvNtNtCseCNn33MUbHc_9palettify6config5testss_34environment_default_is_development
FNDA:1,_RNvNtNtCseCNn33MUbHc_9palettify6config5testss_35empty_api_keys_string_disables_auth
FNDA:1,_RNvNtNtCseCNn33MUbHc_9palettify6config5testss_37palettes_dir_nonexistent_path_is_none
FNDA:2,_RNvMs_NtCseCNn33MUbHc_9palettify6configNtB4_6Config12auth_enabled
FNDA:3,_RNvMs_NtCseCNn33MUbHc_9palettify6configNtB4_6Config13is_production
FNDA:10,_RNvMs_NtCseCNn33MUbHc_9palettify6configNtB4_6Config8from_env
FNDA:1,_RNvXNtCseCNn33MUbHc_9palettify6configNtB2_11EnvironmentNtNtCs4TwWhthMkYr_4core7default7Default7default
FNDA:3,_RNCNCNvMs_NtCseCNn33MUbHc_9palettify6configNtB8_6Config8from_envs1_00Ba_
FNDA:3,_RNCNCNvMs_NtCseCNn33MUbHc_9palettify6configNtB8_6Config8from_envs1_0s_0Ba_
FNDA:1,_RNCNvMs_NtCseCNn33MUbHc_9palettify6configNtB6_6Config8from_env0B8_
FNDA:2,_RNCNvMs_NtCseCNn33MUbHc_9palettify6configNtB6_6Config8from_envs0_0B8_
FNDA:1,_RNCNvMs_NtCseCNn33MUbHc_9palettify6configNtB6_6Config8from_envs1_0B8_
FNDA:1,_RNCNvMs_NtCseCNn33MUbHc_9palettify6configNtB6_6Config8from_envs2_0B8_
FNDA:1,_RNCNvMs_NtCseCNn33MUbHc_9palettify6configNtB6_6Config8from_envs3_0B8_
FNDA:1,_RNCNvMs_NtCseCNn33MUbHc_9palettify6configNtB6_6Config8from_envs4_0B8_
FNDA:1,_RNCNvMs_NtCseCNn33MUbHc_9palettify6configNtB6_6Config8from_envs5_0B8_
FNDA:1,_RNCNvMs_NtCseCNn33MUbHc_9palettify6configNtB6_6Config8from_envs6_0B8_
FNDA:1,_RNCNvMs_NtCseCNn33MUbHc_9palettify6configNtB6_6Config8from_envs_0B8_
FNDA:3,_RNCNCNvMs_NtCsiwcA9t8CxKq_9palettify6configNtB8_6Config8from_envs1_00Ba_
FNDA:3,_RNCNCNvMs_NtCsiwcA9t8CxKq_9palettify6configNtB8_6Config8from_envs1_0s_0Ba_
FNDA:1,_RNCNvMs_NtCsiwcA9t8CxKq_9palettify6configNtB6_6Config8from_env0B8_
FNDA:2,_RNCNvMs_NtCsiwcA9t8CxKq_9palettify6configNtB6_6Config8from_envs0_0B8_
FNDA:1,_RNCNvMs_NtCsiwcA9t8CxKq_9palettify6configNtB6_6Config8from_envs1_0B8_
FNDA:1,_RNCNvMs_NtCsiwcA9t8CxKq_9palettify6configNtB6_6Config8from_envs2_0B8_
FNDA:1,_RNCNvMs_NtCsiwcA9t8CxKq_9palettify6configNtB6_6Config8from_envs3_0B8_
FNDA:1,_RNCNvMs_NtCsiwcA9t8CxKq_9palettify6configNtB6_6Config8from_envs4_0B8_
FNDA:1,_RNCNvMs_NtCsiwcA9t8CxKq_9palettify6configNtB6_6Config8from_envs5_0B8_
FNDA:1,_RNCNvMs_NtCsiwcA9t8CxKq_9palettify6configNtB6_6Config8from_envs6_0B8_
FNDA:1,_RNCNvMs_NtCsiwcA9t8CxKq_9palettify6configNtB6_6Config8from_envs_0B8_
FNDA:1,_RNvNtNtCsiwcA9t8CxKq_9palettify6config5testss_20defaults_without_env
FNDA:1,_RNvNtNtCsiwcA9t8CxKq_9palettify6config5testss_21custom_port_is_parsed
FNDA:1,_RNvNtNtCsiwcA9t8CxKq_9palettify6config5testss_24api_keys_parsed_from_csv
FNDA:1,_RNvNtNtCsiwcA9t8CxKq_9palettify6config5testss_25prod_alias_for_production
FNDA:1,_RNvNtNtCsiwcA9t8CxKq_9palettify6config5testss_27production_environment_flag
FNDA:1,_RNvNtNtCsiwcA9t8CxKq_9palettify6config5testss_27upstash_env_vars_are_parsed
FNDA:1,_RNvNtNtCsiwcA9t8CxKq_9palettify6config5testss_30max_upload_mb_scales_correctly
FNDA:1,_RNvNtNtCsiwcA9t8CxKq_9palettify6config5testss_30rate_limit_env_vars_are_parsed
FNDA:1,_RNvNtNtCsiwcA9t8CxKq_9palettify6config5testss_34environment_default_is_development
FNDA:1,_RNvNtNtCsiwcA9t8CxKq_9palettify6config5testss_35empty_api_keys_string_disables_auth
FNDA:1,_RNvNtNtCsiwcA9t8CxKq_9palettify6config5testss_37palettes_dir_nonexistent_path_is_none
FNDA:2,_RNvMs_NtCsiwcA9t8CxKq_9palettify6configNtB4_6Config12auth_enabled
FNDA:3,_RNvMs_NtCsiwcA9t8CxKq_9palettify6configNtB4_6Config13is_production
FNDA:10,_RNvMs_NtCsiwcA9t8CxKq_9palettify6configNtB4_6Config8from_env
FNDA:1,_RNvXNtCsiwcA9t8CxKq_9palettify6configNtB2_11EnvironmentNtNtCs4TwWhthMkYr_4core7default7Default7default
FNDA:0,_RNvMs_NtCsbtrXiB8aXK2_9palettify6configNtB4_6Config13is_production
FNDA:0,_RNvXNtCsbtrXiB8aXK2_9palettify6configNtB2_11EnvironmentNtNtCs4TwWhthMkYr_4core7default7Default7default
FNDA:0,_RNCNCNvMs_NtCsbtrXiB8aXK2_9palettify6configNtB8_6Config8from_envs1_00Ba_
FNDA:0,_RNCNCNvMs_NtCsbtrXiB8aXK2_9palettify6configNtB8_6Config8from_envs1_0s_0Ba_
FNDA:0,_RNCNvMs_NtCsbtrXiB8aXK2_9palettify6configNtB6_6Config8from_env0B8_
FNDA:0,_RNCNvMs_NtCsbtrXiB8aXK2_9palettify6configNtB6_6Config8from_envs0_0B8_
FNDA:0,_RNCNvMs_NtCsbtrXiB8aXK2_9palettify6configNtB6_6Config8from_envs1_0B8_
FNDA:0,_RNCNvMs_NtCsbtrXiB8aXK2_9palettify6configNtB6_6Config8from_envs2_0B8_
FNDA:0,_RNCNvMs_NtCsbtrXiB8aXK2_9palettify6configNtB6_6Config8from_envs3_0B8_
FNDA:0,_RNCNvMs_NtCsbtrXiB8aXK2_9palettify6configNtB6_6Config8from_envs4_0B8_
FNDA:0,_RNCNvMs_NtCsbtrXiB8aXK2_9palettify6configNtB6_6Config8from_envs5_0B8_
FNDA:0,_RNCNvMs_NtCsbtrXiB8aXK2_9palettify6configNtB6_6Config8from_envs6_0B8_
FNDA:0,_RNCNvMs_NtCsbtrXiB8aXK2_9palettify6configNtB6_6Config8from_envs_0B8_
FNDA:0,_RNvMs_NtCsbtrXiB8aXK2_9palettify6configNtB4_6Config12auth_enabled
FNDA:0,_RNvMs_NtCsbtrXiB8aXK2_9palettify6configNtB4_6Config8from_env
FNF:26
FNH:26
DA:10,2
DA:11,2
DA:12,2
DA:55,20
DA:56,20
DA:57,20
DA:58,20
DA:59,20
DA:61,20
DA:62,4
DA:63,16
DA:66,20
DA:67,20
DA:68,20
DA:69,20
DA:71,20
DA:72,20
DA:73,20
DA:74,20
DA:75,2
DA:76,6
DA:77,6
DA:78,2
DA:79,2
DA:81,20
DA:82,20
DA:83,20
DA:84,20
DA:88,20
DA:89,20
DA:91,20
DA:92,20
DA:94,20
DA:95,20
DA:96,20
DA:97,20
DA:99,20
DA:100,20
DA:101,20
DA:102,20
DA:104,20
DA:105,20
DA:106,20
DA:107,20
DA:108,20
DA:109,20
DA:110,20
DA:111,20
DA:112,20
DA:113,20
DA:114,20
DA:115,20
DA:118,6
DA:119,6
DA:120,6
DA:122,9
DA:123,9
DA:124,9
DA:137,2
DA:138,2
DA:139,2
DA:140,2
DA:141,2
DA:142,2
DA:143,2
DA:144,2
DA:145,2
DA:146,2
DA:147,2
DA:148,2
DA:149,2
DA:150,2
DA:151,2
DA:152,2
DA:153,2
DA:156,2
DA:157,2
DA:158,2
DA:159,2
DA:160,2
DA:161,2
DA:162,2
DA:165,2
DA:166,2
DA:167,2
DA:168,2
DA:169,2
DA:170,2
DA:171,2
DA:172,2
DA:173,2
DA:174,2
DA:175,2
DA:176,2
DA:177,2
DA:180,2
DA:181,2
DA:182,2
DA:183,2
DA:184,2
DA:185,2
DA:186,2
DA:189,2
DA:190,2
DA:191,2
DA:192,2
DA:193,2
DA:194,2
DA:195,2
DA:198,2
DA:199,2
DA:200,2
DA:201,2
DA:202,2
DA:203,2
DA:204,2
DA:207,2
DA:208,2
DA:209,2
DA:212,2
DA:213,2
DA:214,2
DA:215,2
DA:216,2
DA:217,2
DA:218,2
DA:221,2
DA:222,2
DA:223,2
DA:224,2
DA:225,2
DA:226,2
DA:227,2
DA:228,2
DA:229,2
DA:230,2
DA:231,2
DA:232,2
DA:233,2
DA:234,2
DA:237,2
DA:238,2
DA:239,2
DA:240,2
DA:241,2
DA:242,2
DA:243,2
DA:244,2
DA:245,2
DA:246,2
DA:247,2
DA:248,2
DA:249,2
DA:250,2
DA:253,2
DA:254,2
DA:255,2
DA:256,2
DA:257,2
DA:258,2
DA:259,2
BRF:0
BRH:0
LF:172
LH:172
end_of_record
SF:A:\coding\rust\palettify\src\error.rs
FN:27,_RNvXNtCseGU69UR3UMz_9palettify5errorNtB2_8AppErrorNtNtNtCsdaNvBSrBmvV_9axum_core8response13into_response12IntoResponse13into_response
FN:27,_RNvXNtCseCNn33MUbHc_9palettify5errorNtB2_8AppErrorNtNtNtCsdaNvBSrBmvV_9axum_core8response13into_response12IntoResponse13into_response
FN:58,_RNvNtNtCseCNn33MUbHc_9palettify5error5tests9status_of
FN:84,_RNvNtNtCseCNn33MUbHc_9palettify5error5testss_20internal_maps_to_500
FN:69,_RNvNtNtCseCNn33MUbHc_9palettify5error5testss_21not_found_maps_to_404
FN:64,_RNvNtNtCseCNn33MUbHc_9palettify5error5testss_23bad_request_maps_to_400
FN:74,_RNvNtNtCseCNn33MUbHc_9palettify5error5testss_24unauthorized_maps_to_401
FN:79,_RNvNtNtCseCNn33MUbHc_9palettify5error5testss_29too_many_requests_maps_to_429
FN:58,_RNvNtNtCsiwcA9t8CxKq_9palettify5error5tests9status_of
FN:84,_RNvNtNtCsiwcA9t8CxKq_9palettify5error5testss_20internal_maps_to_500
FN:69,_RNvNtNtCsiwcA9t8CxKq_9palettify5error5testss_21not_found_maps_to_404
FN:64,_RNvNtNtCsiwcA9t8CxKq_9palettify5error5testss_23bad_request_maps_to_400
FN:74,_RNvNtNtCsiwcA9t8CxKq_9palettify5error5testss_24unauthorized_maps_to_401
FN:79,_RNvNtNtCsiwcA9t8CxKq_9palettify5error5testss_29too_many_requests_maps_to_429
FN:27,_RNvXNtCsiwcA9t8CxKq_9palettify5errorNtB2_8AppErrorNtNtNtCsdaNvBSrBmvV_9axum_core8response13into_response12IntoResponse13into_response
FN:27,_RNvXNtCsbtrXiB8aXK2_9palettify5errorNtB2_8AppErrorNtNtNtCsdaNvBSrBmvV_9axum_core8response13into_response12IntoResponse13into_response
FNDA:7,_RNvXNtCseGU69UR3UMz_9palettify5errorNtB2_8AppErrorNtNtNtCsdaNvBSrBmvV_9axum_core8response13into_response12IntoResponse13into_response
FNDA:5,_RNvXNtCseCNn33MUbHc_9palettify5errorNtB2_8AppErrorNtNtNtCsdaNvBSrBmvV_9axum_core8response13into_response12IntoResponse13into_response
FNDA:5,_RNvNtNtCseCNn33MUbHc_9palettify5error5tests9status_of
FNDA:1,_RNvNtNtCseCNn33MUbHc_9palettify5error5testss_20internal_maps_to_500
FNDA:1,_RNvNtNtCseCNn33MUbHc_9palettify5error5testss_21not_found_maps_to_404
FNDA:1,_RNvNtNtCseCNn33MUbHc_9palettify5error5testss_23bad_request_maps_to_400
FNDA:1,_RNvNtNtCseCNn33MUbHc_9palettify5error5testss_24unauthorized_maps_to_401
FNDA:1,_RNvNtNtCseCNn33MUbHc_9palettify5error5testss_29too_many_requests_maps_to_429
FNDA:5,_RNvNtNtCsiwcA9t8CxKq_9palettify5error5tests9status_of
FNDA:1,_RNvNtNtCsiwcA9t8CxKq_9palettify5error5testss_20internal_maps_to_500
FNDA:1,_RNvNtNtCsiwcA9t8CxKq_9palettify5error5testss_21not_found_maps_to_404
FNDA:1,_RNvNtNtCsiwcA9t8CxKq_9palettify5error5testss_23bad_request_maps_to_400
FNDA:1,_RNvNtNtCsiwcA9t8CxKq_9palettify5error5testss_24unauthorized_maps_to_401
FNDA:1,_RNvNtNtCsiwcA9t8CxKq_9palettify5error5testss_29too_many_requests_maps_to_429
FNDA:5,_RNvXNtCsiwcA9t8CxKq_9palettify5errorNtB2_8AppErrorNtNtNtCsdaNvBSrBmvV_9axum_core8response13into_response12IntoResponse13into_response
FNDA:0,_RNvXNtCsbtrXiB8aXK2_9palettify5errorNtB2_8AppErrorNtNtNtCsdaNvBSrBmvV_9axum_core8response13into_response12IntoResponse13into_response
FNF:7
FNH:7
DA:27,17
DA:28,17
DA:29,5
DA:30,3
DA:31,4
DA:32,4
DA:33,4
DA:34,4
DA:35,3
DA:36,3
DA:37,3
DA:38,3
DA:39,2
DA:40,2
DA:41,2
DA:42,2
DA:43,2
DA:44,2
DA:48,17
DA:49,17
DA:58,10
DA:59,10
DA:60,10
DA:61,10
DA:64,2
DA:65,2
DA:66,2
DA:69,2
DA:70,2
DA:71,2
DA:74,2
DA:75,2
DA:76,2
DA:79,2
DA:80,2
DA:81,2
DA:84,2
DA:85,2
DA:86,2
DA:89,2
BRF:0
BRH:0
LF:40
LH:40
end_of_record
SF:A:\coding\rust\palettify\src\main.rs
FN:97,_RNCNCNvCseCNn33MUbHc_9palettify15shutdown_signal00B5_
FN:33,_RNCNCNvCseCNn33MUbHc_9palettify4main00B5_
FN:96,_RNCNvCseCNn33MUbHc_9palettify15shutdown_signal0B3_
FN:19,_RNCNvCseCNn33MUbHc_9palettify4main0B3_
FN:96,_RNvCseCNn33MUbHc_9palettify15shutdown_signal
FN:19,_RNvCseCNn33MUbHc_9palettify4main
FN:96,_RNvCsbtrXiB8aXK2_9palettify15shutdown_signal
FN:19,_RNvCsbtrXiB8aXK2_9palettify4main
FN:97,_RNCNCNvCsbtrXiB8aXK2_9palettify15shutdown_signal00B5_
FN:33,_RNCNCNvCsbtrXiB8aXK2_9palettify4main00B5_
FN:96,_RNCNvCsbtrXiB8aXK2_9palettify15shutdown_signal0B3_
FN:19,_RNCNvCsbtrXiB8aXK2_9palettify4main0B3_
FNDA:0,_RNCNCNvCseCNn33MUbHc_9palettify15shutdown_signal00B5_
FNDA:0,_RNCNCNvCseCNn33MUbHc_9palettify4main00B5_
FNDA:0,_RNCNvCseCNn33MUbHc_9palettify15shutdown_signal0B3_
FNDA:0,_RNCNvCseCNn33MUbHc_9palettify4main0B3_
FNDA:0,_RNvCseCNn33MUbHc_9palettify15shutdown_signal
FNDA:0,_RNvCseCNn33MUbHc_9palettify4main
FNDA:0,_RNvCsbtrXiB8aXK2_9palettify15shutdown_signal
FNDA:0,_RNvCsbtrXiB8aXK2_9palettify4main
FNDA:0,_RNCNCNvCsbtrXiB8aXK2_9palettify15shutdown_signal00B5_
FNDA:0,_RNCNCNvCsbtrXiB8aXK2_9palettify4main00B5_
FNDA:0,_RNCNvCsbtrXiB8aXK2_9palettify15shutdown_signal0B3_
FNDA:0,_RNCNvCsbtrXiB8aXK2_9palettify4main0B3_
FNF:6
FNH:0
DA:19,0
DA:22,0
DA:24,0
DA:25,0
DA:29,0
DA:30,0
DA:31,0
DA:32,0
DA:33,0
DA:35,0
DA:36,0
DA:42,0
DA:43,0
DA:44,0
DA:49,0
DA:52,0
DA:56,0
DA:60,0
DA:61,0
DA:65,0
DA:66,0
DA:67,0
DA:68,0
DA:72,0
DA:73,0
DA:74,0
DA:75,0
DA:76,0
DA:77,0
DA:78,0
DA:79,0
DA:81,0
DA:82,0
DA:84,0
DA:85,0
DA:86,0
DA:88,0
DA:89,0
DA:90,0
DA:91,0
DA:92,0
DA:96,0
DA:97,0
DA:98,0
DA:99,0
DA:100,0
DA:101,0
DA:112,0
DA:114,0
DA:115,0
DA:116,0
DA:118,0
BRF:0
BRH:0
LF:60
LH:0
end_of_record
SF:A:\coding\rust\palettify\src\middleware.rs
FN:90,_RNvNtCseGU69UR3UMz_9palettify10middleware10extract_ip
FN:104,_RNvNtCseGU69UR3UMz_9palettify10middleware13current_month
FN:81,_RNvNtCseGU69UR3UMz_9palettify10middleware17track_usage_async
FN:21,_RNvNtCseGU69UR3UMz_9palettify10middleware27authenticate_and_rate_limit
FN:31,_RNCNCNvNtCseGU69UR3UMz_9palettify10middleware27authenticate_and_rate_limit00B7_
FN:43,_RNCNCNvNtCseGU69UR3UMz_9palettify10middleware27authenticate_and_rate_limit0s_0B7_
FN:94,_RNCNvNtCseGU69UR3UMz_9palettify10middleware10extract_ip0B5_
FN:96,_RNCNvNtCseGU69UR3UMz_9palettify10middleware10extract_ips0_0B5_
FN:97,_RNCNvNtCseGU69UR3UMz_9palettify10middleware10extract_ips1_0B5_
FN:98,_RNCNvNtCseGU69UR3UMz_9palettify10middleware10extract_ips2_0B5_
FN:99,_RNCNvNtCseGU69UR3UMz_9palettify10middleware10extract_ips3_0B5_
FN:95,_RNCNvNtCseGU69UR3UMz_9palettify10middleware10extract_ips_0B5_
FN:81,_RNCNvNtCseGU69UR3UMz_9palettify10middleware17track_usage_async0B5_
FN:25,_RNCNvNtCseGU69UR3UMz_9palettify10middleware27authenticate_and_rate_limit0B5_
FN:21,_RNvNtCseCNn33MUbHc_9palettify10middleware27authenticate_and_rate_limit
FN:90,_RNvNtCseCNn33MUbHc_9palettify10middleware10extract_ip
FN:104,_RNvNtCseCNn33MUbHc_9palettify10middleware13current_month
FN:81,_RNvNtCseCNn33MUbHc_9palettify10middleware17track_usage_async
FN:178,_RNCNvNtNtCseCNn33MUbHc_9palettify10middleware5testss_40track_usage_async_logs_and_ignores_error0B7_
FN:31,_RNCNCNvNtCseCNn33MUbHc_9palettify10middleware27authenticate_and_rate_limit00B7_
FN:43,_RNCNCNvNtCseCNn33MUbHc_9palettify10middleware27authenticate_and_rate_limit0s_0B7_
FN:94,_RNCNvNtCseCNn33MUbHc_9palettify10middleware10extract_ip0B5_
FN:96,_RNCNvNtCseCNn33MUbHc_9palettify10middleware10extract_ips0_0B5_
FN:97,_RNCNvNtCseCNn33MUbHc_9palettify10middleware10extract_ips1_0B5_
FN:98,_RNCNvNtCseCNn33MUbHc_9palettify10middleware10extract_ips2_0B5_
FN:99,_RNCNvNtCseCNn33MUbHc_9palettify10middleware10extract_ips3_0B5_
FN:95,_RNCNvNtCseCNn33MUbHc_9palettify10middleware10extract_ips_0B5_
FN:81,_RNCNvNtCseCNn33MUbHc_9palettify10middleware17track_usage_async0B5_
FN:25,_RNCNvNtCseCNn33MUbHc_9palettify10middleware27authenticate_and_rate_limit0B5_
FN:129,_RNvNtNtCseCNn33MUbHc_9palettify10middleware5tests3req
FN:140,_RNvNtNtCseCNn33MUbHc_9palettify10middleware5testss_29extract_ip_uses_fly_client_ip
FN:165,_RNvNtNtCseCNn33MUbHc_9palettify10middleware5testss_32current_month_has_yyyy_mm_format
FN:153,_RNvNtNtCseCNn33MUbHc_9palettify10middleware5testss_34extract_ip_falls_back_to_x_real_ip
FN:158,_RNvNtNtCseCNn33MUbHc_9palettify10middleware5testss_34extract_ip_unknown_without_headers
FN:145,_RNvNtNtCseCNn33MUbHc_9palettify10middleware5testss_40extract_ip_falls_back_to_x_forwarded_for
FN:178,_RNvNtNtCseCNn33MUbHc_9palettify10middleware5testss_40track_usage_async_logs_and_ignores_error
FN:21,_RNvNtCsiwcA9t8CxKq_9palettify10middleware27authenticate_and_rate_limit
FN:178,_RNCNvNtNtCsiwcA9t8CxKq_9palettify10middleware5testss_40track_usage_async_logs_and_ignores_error0B7_
FN:129,_RNvNtNtCsiwcA9t8CxKq_9palettify10middleware5tests3req
FN:140,_RNvNtNtCsiwcA9t8CxKq_9palettify10middleware5testss_29extract_ip_uses_fly_client_ip
FN:165,_RNvNtNtCsiwcA9t8CxKq_9palettify10middleware5testss_32current_month_has_yyyy_mm_format
FN:153,_RNvNtNtCsiwcA9t8CxKq_9palettify10middleware5testss_34extract_ip_falls_back_to_x_real_ip
FN:158,_RNvNtNtCsiwcA9t8CxKq_9palettify10middleware5testss_34extract_ip_unknown_without_headers
FN:145,_RNvNtNtCsiwcA9t8CxKq_9palettify10middleware5testss_40extract_ip_falls_back_to_x_forwarded_for
FN:178,_RNvNtNtCsiwcA9t8CxKq_9palettify10middleware5testss_40track_usage_async_logs_and_ignores_error
FN:31,_RNCNCNvNtCsiwcA9t8CxKq_9palettify10middleware27authenticate_and_rate_limit00B7_
FN:43,_RNCNCNvNtCsiwcA9t8CxKq_9palettify10middleware27authenticate_and_rate_limit0s_0B7_
FN:94,_RNCNvNtCsiwcA9t8CxKq_9palettify10middleware10extract_ip0B5_
FN:96,_RNCNvNtCsiwcA9t8CxKq_9palettify10middleware10extract_ips0_0B5_
FN:97,_RNCNvNtCsiwcA9t8CxKq_9palettify10middleware10extract_ips1_0B5_
FN:98,_RNCNvNtCsiwcA9t8CxKq_9palettify10middleware10extract_ips2_0B5_
FN:99,_RNCNvNtCsiwcA9t8CxKq_9palettify10middleware10extract_ips3_0B5_
FN:95,_RNCNvNtCsiwcA9t8CxKq_9palettify10middleware10extract_ips_0B5_
FN:81,_RNCNvNtCsiwcA9t8CxKq_9palettify10middleware17track_usage_async0B5_
FN:25,_RNCNvNtCsiwcA9t8CxKq_9palettify10middleware27authenticate_and_rate_limit0B5_
FN:90,_RNvNtCsiwcA9t8CxKq_9palettify10middleware10extract_ip
FN:104,_RNvNtCsiwcA9t8CxKq_9palettify10middleware13current_month
FN:81,_RNvNtCsiwcA9t8CxKq_9palettify10middleware17track_usage_async
FN:90,_RNvNtCsbtrXiB8aXK2_9palettify10middleware10extract_ip
FN:104,_RNvNtCsbtrXiB8aXK2_9palettify10middleware13current_month
FN:81,_RNvNtCsbtrXiB8aXK2_9palettify10middleware17track_usage_async
FN:21,_RNvNtCsbtrXiB8aXK2_9palettify10middleware27authenticate_and_rate_limit
FN:31,_RNCNCNvNtCsbtrXiB8aXK2_9palettify10middleware27authenticate_and_rate_limit00B7_
FN:43,_RNCNCNvNtCsbtrXiB8aXK2_9palettify10middleware27authenticate_and_rate_limit0s_0B7_
FN:94,_RNCNvNtCsbtrXiB8aXK2_9palettify10middleware10extract_ip0B5_
FN:96,_RNCNvNtCsbtrXiB8aXK2_9palettify10middleware10extract_ips0_0B5_
FN:97,_RNCNvNtCsbtrXiB8aXK2_9palettify10middleware10extract_ips1_0B5_
FN:98,_RNCNvNtCsbtrXiB8aXK2_9palettify10middleware10extract_ips2_0B5_
FN:99,_RNCNvNtCsbtrXiB8aXK2_9palettify10middleware10extract_ips3_0B5_
FN:95,_RNCNvNtCsbtrXiB8aXK2_9palettify10middleware10extract_ips_0B5_
FN:81,_RNCNvNtCsbtrXiB8aXK2_9palettify10middleware17track_usage_async0B5_
FN:25,_RNCNvNtCsbtrXiB8aXK2_9palettify10middleware27authenticate_and_rate_limit0B5_
FNDA:3,_RNvNtCseGU69UR3UMz_9palettify10middleware10extract_ip
FNDA:2,_RNvNtCseGU69UR3UMz_9palettify10middleware13current_month
FNDA:2,_RNvNtCseGU69UR3UMz_9palettify10middleware17track_usage_async
FNDA:21,_RNvNtCseGU69UR3UMz_9palettify10middleware27authenticate_and_rate_limit
FNDA:3,_RNCNCNvNtCseGU69UR3UMz_9palettify10middleware27authenticate_and_rate_limit00B7_
FNDA:1,_RNCNCNvNtCseGU69UR3UMz_9palettify10middleware27authenticate_and_rate_limit0s_0B7_
FNDA:3,_RNCNvNtCseGU69UR3UMz_9palettify10middleware10extract_ip0B5_
FNDA:0,_RNCNvNtCseGU69UR3UMz_9palettify10middleware10extract_ips0_0B5_
FNDA:0,_RNCNvNtCseGU69UR3UMz_9palettify10middleware10extract_ips1_0B5_
FNDA:0,_RNCNvNtCseGU69UR3UMz_9palettify10middleware10extract_ips2_0B5_
FNDA:3,_RNCNvNtCseGU69UR3UMz_9palettify10middleware10extract_ips3_0B5_
FNDA:3,_RNCNvNtCseGU69UR3UMz_9palettify10middleware10extract_ips_0B5_
FNDA:2,_RNCNvNtCseGU69UR3UMz_9palettify10middleware17track_usage_async0B5_
FNDA:21,_RNCNvNtCseGU69UR3UMz_9palettify10middleware27authenticate_and_rate_limit0B5_
FNDA:0,_RNvNtCseCNn33MUbHc_9palettify10middleware27authenticate_and_rate_limit
FNDA:4,_RNvNtCseCNn33MUbHc_9palettify10middleware10extract_ip
FNDA:2,_RNvNtCseCNn33MUbHc_9palettify10middleware13current_month
FNDA:1,_RNvNtCseCNn33MUbHc_9palettify10middleware17track_usage_async
FNDA:1,_RNCNvNtNtCseCNn33MUbHc_9palettify10middleware5testss_40track_usage_async_logs_and_ignores_error0B7_
FNDA:0,_RNCNCNvNtCseCNn33MUbHc_9palettify10middleware27authenticate_and_rate_limit00B7_
FNDA:0,_RNCNCNvNtCseCNn33MUbHc_9palettify10middleware27authenticate_and_rate_limit0s_0B7_
FNDA:3,_RNCNvNtCseCNn33MUbHc_9palettify10middleware10extract_ip0B5_
FNDA:3,_RNCNvNtCseCNn33MUbHc_9palettify10middleware10extract_ips0_0B5_
FNDA:3,_RNCNvNtCseCNn33MUbHc_9palettify10middleware10extract_ips1_0B5_
FNDA:3,_RNCNvNtCseCNn33MUbHc_9palettify10middleware10extract_ips2_0B5_
FNDA:1,_RNCNvNtCseCNn33MUbHc_9palettify10middleware10extract_ips3_0B5_
FNDA:2,_RNCNvNtCseCNn33MUbHc_9palettify10middleware10extract_ips_0B5_
FNDA:1,_RNCNvNtCseCNn33MUbHc_9palettify10middleware17track_usage_async0B5_
FNDA:0,_RNCNvNtCseCNn33MUbHc_9palettify10middleware27authenticate_and_rate_limit0B5_
FNDA:4,_RNvNtNtCseCNn33MUbHc_9palettify10middleware5tests3req
FNDA:1,_RNvNtNtCseCNn33MUbHc_9palettify10middleware5testss_29extract_ip_uses_fly_client_ip
FNDA:1,_RNvNtNtCseCNn33MUbHc_9palettify10middleware5testss_32current_month_has_yyyy_mm_format
FNDA:1,_RNvNtNtCseCNn33MUbHc_9palettify10middleware5testss_34extract_ip_falls_back_to_x_real_ip
FNDA:1,_RNvNtNtCseCNn33MUbHc_9palettify10middleware5testss_34extract_ip_unknown_without_headers
FNDA:1,_RNvNtNtCseCNn33MUbHc_9palettify10middleware5testss_40extract_ip_falls_back_to_x_forwarded_for
FNDA:1,_RNvNtNtCseCNn33MUbHc_9palettify10middleware5testss_40track_usage_async_logs_and_ignores_error
FNDA:0,_RNvNtCsiwcA9t8CxKq_9palettify10middleware27authenticate_and_rate_limit
FNDA:1,_RNCNvNtNtCsiwcA9t8CxKq_9palettify10middleware5testss_40track_usage_async_logs_and_ignores_error0B7_
FNDA:4,_RNvNtNtCsiwcA9t8CxKq_9palettify10middleware5tests3req
FNDA:1,_RNvNtNtCsiwcA9t8CxKq_9palettify10middleware5testss_29extract_ip_uses_fly_client_ip
FNDA:1,_RNvNtNtCsiwcA9t8CxKq_9palettify10middleware5testss_32current_month_has_yyyy_mm_format
FNDA:1,_RNvNtNtCsiwcA9t8CxKq_9palettify10middleware5testss_34extract_ip_falls_back_to_x_real_ip
FNDA:1,_RNvNtNtCsiwcA9t8CxKq_9palettify10middleware5testss_34extract_ip_unknown_without_headers
FNDA:1,_RNvNtNtCsiwcA9t8CxKq_9palettify10middleware5testss_40extract_ip_falls_back_to_x_forwarded_for
FNDA:1,_RNvNtNtCsiwcA9t8CxKq_9palettify10middleware5testss_40track_usage_async_logs_and_ignores_error
FNDA:0,_RNCNCNvNtCsiwcA9t8CxKq_9palettify10middleware27authenticate_and_rate_limit00B7_
FNDA:0,_RNCNCNvNtCsiwcA9t8CxKq_9palettify10middleware27authenticate_and_rate_limit0s_0B7_
FNDA:3,_RNCNvNtCsiwcA9t8CxKq_9palettify10middleware10extract_ip0B5_
FNDA:3,_RNCNvNtCsiwcA9t8CxKq_9palettify10middleware10extract_ips0_0B5_
FNDA:3,_RNCNvNtCsiwcA9t8CxKq_9palettify10middleware10extract_ips1_0B5_
FNDA:3,_RNCNvNtCsiwcA9t8CxKq_9palettify10middleware10extract_ips2_0B5_
FNDA:1,_RNCNvNtCsiwcA9t8CxKq_9palettify10middleware10extract_ips3_0B5_
FNDA:2,_RNCNvNtCsiwcA9t8CxKq_9palettify10middleware10extract_ips_0B5_
FNDA:1,_RNCNvNtCsiwcA9t8CxKq_9palettify10middleware17track_usage_async0B5_
FNDA:0,_RNCNvNtCsiwcA9t8CxKq_9palettify10middleware27authenticate_and_rate_limit0B5_
FNDA:4,_RNvNtCsiwcA9t8CxKq_9palettify10middleware10extract_ip
FNDA:2,_RNvNtCsiwcA9t8CxKq_9palettify10middleware13current_month
FNDA:1,_RNvNtCsiwcA9t8CxKq_9palettify10middleware17track_usage_async
FNDA:0,_RNvNtCsbtrXiB8aXK2_9palettify10middleware10extract_ip
FNDA:0,_RNvNtCsbtrXiB8aXK2_9palettify10middleware13current_month
FNDA:0,_RNvNtCsbtrXiB8aXK2_9palettify10middleware17track_usage_async
FNDA:0,_RNvNtCsbtrXiB8aXK2_9palettify10middleware27authenticate_and_rate_limit
FNDA:0,_RNCNCNvNtCsbtrXiB8aXK2_9palettify10middleware27authenticate_and_rate_limit00B7_
FNDA:0,_RNCNCNvNtCsbtrXiB8aXK2_9palettify10middleware27authenticate_and_rate_limit0s_0B7_
FNDA:0,_RNCNvNtCsbtrXiB8aXK2_9palettify10middleware10extract_ip0B5_
FNDA:0,_RNCNvNtCsbtrXiB8aXK2_9palettify10middleware10extract_ips0_0B5_
FNDA:0,_RNCNvNtCsbtrXiB8aXK2_9palettify10middleware10extract_ips1_0B5_
FNDA:0,_RNCNvNtCsbtrXiB8aXK2_9palettify10middleware10extract_ips2_0B5_
FNDA:0,_RNCNvNtCsbtrXiB8aXK2_9palettify10middleware10extract_ips3_0B5_
FNDA:0,_RNCNvNtCsbtrXiB8aXK2_9palettify10middleware10extract_ips_0B5_
FNDA:0,_RNCNvNtCsbtrXiB8aXK2_9palettify10middleware17track_usage_async0B5_
FNDA:0,_RNCNvNtCsbtrXiB8aXK2_9palettify10middleware27authenticate_and_rate_limit0B5_
FNF:22
FNH:22
DA:21,21
DA:22,21
DA:23,21
DA:24,21
DA:25,21
DA:27,21
DA:28,4
DA:29,4
DA:30,4
DA:31,4
DA:32,4
DA:34,3
DA:35,1
DA:36,2
DA:37,2
DA:40,17
DA:41,17
DA:42,17
DA:43,17
DA:44,17
DA:48,19
DA:49,5
DA:50,2
DA:51,3
DA:54,5
DA:55,5
DA:56,5
DA:59,1
DA:60,1
DA:62,1
DA:64,1
DA:66,3
DA:70,4
DA:71,2
DA:72,2
DA:73,2
DA:74,14
DA:76,18
DA:77,21
DA:81,4
DA:82,4
DA:83,4
DA:84,2
DA:85,1
DA:86,3
DA:90,11
DA:91,11
DA:92,11
DA:93,11
DA:94,11
DA:95,11
DA:96,11
DA:97,11
DA:98,11
DA:99,11
DA:100,11
DA:104,6
DA:105,6
DA:106,6
DA:107,6
DA:108,6
DA:109,6
DA:111,6
DA:112,6
DA:113,6
DA:114,6
DA:115,6
DA:116,6
DA:117,6
DA:118,6
DA:119,6
DA:121,6
DA:122,6
DA:129,8
DA:130,8
DA:131,8
DA:132,6
DA:133,6
DA:134,8
DA:135,8
DA:140,2
DA:141,2
DA:142,2
DA:145,2
DA:146,2
DA:147,2
DA:150,2
DA:153,2
DA:154,2
DA:155,2
DA:158,2
DA:159,2
DA:160,2
DA:165,2
DA:166,2
DA:167,2
DA:168,2
DA:169,2
DA:170,2
DA:171,2
DA:172,2
DA:173,2
DA:178,2
DA:180,2
DA:181,2
DA:182,2
DA:185,2
DA:186,2
BRF:0
BRH:0
LF:120
LH:119
end_of_record
SF:A:\coding\rust\palettify\src\palette.rs
FN:17,_RNvMNtCseGU69UR3UMz_9palettify7paletteNtB2_12PaletteColor3hex
FN:137,_RNvMs_NtCseGU69UR3UMz_9palettify7paletteNtB4_7Palette11color_count
FN:59,_RNvMs_NtCseGU69UR3UMz_9palettify7paletteNtB4_7Palette12from_content
FN:31,_RNvMs_NtCseGU69UR3UMz_9palettify7paletteNtB4_7Palette13from_hex_list
FN:90,_RNvMs_NtCseGU69UR3UMz_9palettify7paletteNtB4_7Palette14load_directory
FN:142,_RNvMs_NtCseGU69UR3UMz_9palettify7paletteNtB4_7Palette14preview_colors
FN:126,_RNvMs_NtCseGU69UR3UMz_9palettify7paletteNtB4_7Palette7nearestB6_
FN:75,_RNvMs_NtCseGU69UR3UMz_9palettify7paletteNtB4_7Palette9from_file
FN:66,_RNCNCNvMs_NtCseGU69UR3UMz_9palettify7paletteNtB8_7Palette12from_content00Ba_
FN:40,_RNCNCNvMs_NtCseGU69UR3UMz_9palettify7paletteNtB8_7Palette13from_hex_list00Ba_
FN:63,_RNCNvMs_NtCseGU69UR3UMz_9palettify7paletteNtB6_7Palette12from_content0B8_
FN:39,_RNCNvMs_NtCseGU69UR3UMz_9palettify7paletteNtB6_7Palette13from_hex_list0B8_
FN:103,_RNCNvMs_NtCseGU69UR3UMz_9palettify7paletteNtB6_7Palette14load_directory0B8_
FN:143,_RNCNvMs_NtCseGU69UR3UMz_9palettify7paletteNtB6_7Palette14preview_colors0B8_
FN:129,_RNCNvMs_NtCseGU69UR3UMz_9palettify7paletteNtB6_7Palette7nearest0B8_
FN:78,_RNCNvMs_NtCseGU69UR3UMz_9palettify7paletteNtB6_7Palette9from_file0B8_
FN:83,_RNCNvMs_NtCseGU69UR3UMz_9palettify7paletteNtB6_7Palette9from_files_0B8_
FN:148,_RNvNtCseGU69UR3UMz_9palettify7palette7dist_sq
FN:126,_RNvMs_NtCseGU69UR3UMz_9palettify7paletteNtB4_7Palette7nearestCs8g7bbYUiIVU_8palettes
FN:17,_RNvMNtCseCNn33MUbHc_9palettify7paletteNtB2_12PaletteColor3hex
FN:137,_RNvMs_NtCseCNn33MUbHc_9palettify7paletteNtB4_7Palette11color_count
FN:59,_RNvMs_NtCseCNn33MUbHc_9palettify7paletteNtB4_7Palette12from_content
FN:31,_RNvMs_NtCseCNn33MUbHc_9palettify7paletteNtB4_7Palette13from_hex_list
FN:90,_RNvMs_NtCseCNn33MUbHc_9palettify7paletteNtB4_7Palette14load_directory
FN:142,_RNvMs_NtCseCNn33MUbHc_9palettify7paletteNtB4_7Palette14preview_colors
FN:126,_RNvMs_NtCseCNn33MUbHc_9palettify7paletteNtB4_7Palette7nearestB6_
FN:75,_RNvMs_NtCseCNn33MUbHc_9palettify7paletteNtB4_7Palette9from_file
FN:226,_RNvNtNtCseCNn33MUbHc_9palettify7palette5testss_25color_count_matches_input
FN:161,_RNvNtNtCseCNn33MUbHc_9palettify7palette5testss_27from_hex_list_rejects_empty
FN:220,_RNvNtNtCseCNn33MUbHc_9palettify7palette5testss_27hex_formatting_is_lowercase
FN:190,_RNvNtNtCseCNn33MUbHc_9palettify7palette5testss_27nearest_returns_exact_match
FN:234,_RNvNtNtCseCNn33MUbHc_9palettify7palette5testss_29from_file_loads_valid_palette
FN:198,_RNvNtNtCseCNn33MUbHc_9palettify7palette5testss_29nearest_returns_closest_color
FN:261,_RNvNtNtCseCNn33MUbHc_9palettify7palette5testss_30load_directory_loads_txt_files
FN:206,_RNvNtNtCseCNn33MUbHc_9palettify7palette5testss_30preview_colors_returns_first_n
FN:214,_RNvNtNtCseCNn33MUbHc_9palettify7palette5testss_32preview_colors_caps_at_available
FN:166,_RNvNtNtCseCNn33MUbHc_9palettify7palette5testss_33from_hex_list_rejects_invalid_hex
FN:171,_RNvNtNtCseCNn33MUbHc_9palettify7palette5testss_34from_hex_list_accepts_valid_colors
FN:279,_RNvNtNtCseCNn33MUbHc_9palettify7palette5testss_34load_directory_skips_non_txt_files
FN:294,_RNvNtNtCseCNn33MUbHc_9palettify7palette5testss_38load_directory_handles_nonexistent_dir
FN:185,_RNvNtNtCseCNn33MUbHc_9palettify7palette5testss_40from_content_rejects_all_non_color_lines
FN:253,_RNvNtNtCseCNn33MUbHc_9palettify7palette5testss_40from_file_returns_error_for_missing_file
FN:301,_RNvNtNtCseCNn33MUbHc_9palettify7palette5testss_42load_directory_skips_invalid_palette_files
FN:178,_RNvNtNtCseCNn33MUbHc_9palettify7palette5testss_45from_content_ignores_comments_and_blank_lines
FN:66,_RNCNCNvMs_NtCseCNn33MUbHc_9palettify7paletteNtB8_7Palette12from_content00Ba_
FN:40,_RNCNCNvMs_NtCseCNn33MUbHc_9palettify7paletteNtB8_7Palette13from_hex_list00Ba_
FN:63,_RNCNvMs_NtCseCNn33MUbHc_9palettify7paletteNtB6_7Palette12from_content0B8_
FN:39,_RNCNvMs_NtCseCNn33MUbHc_9palettify7paletteNtB6_7Palette13from_hex_list0B8_
FN:103,_RNCNvMs_NtCseCNn33MUbHc_9palettify7paletteNtB6_7Palette14load_directory0B8_
FN:143,_RNCNvMs_NtCseCNn33MUbHc_9palettify7paletteNtB6_7Palette14preview_colors0B8_
FN:129,_RNCNvMs_NtCseCNn33MUbHc_9palettify7paletteNtB6_7Palette7nearest0B8_
FN:78,_RNCNvMs_NtCseCNn33MUbHc_9palettify7paletteNtB6_7Palette9from_file0B8_
FN:83,_RNCNvMs_NtCseCNn33MUbHc_9palettify7paletteNtB6_7Palette9from_files_0B8_
FN:148,_RNvNtCseCNn33MUbHc_9palettify7palette7dist_sq
FN:17,_RNvMNtCsiwcA9t8CxKq_9palettify7paletteNtB2_12PaletteColor3hex
FN:137,_RNvMs_NtCsiwcA9t8CxKq_9palettify7paletteNtB4_7Palette11color_count
FN:59,_RNvMs_NtCsiwcA9t8CxKq_9palettify7paletteNtB4_7Palette12from_content
FN:31,_RNvMs_NtCsiwcA9t8CxKq_9palettify7paletteNtB4_7Palette13from_hex_list
FN:90,_RNvMs_NtCsiwcA9t8CxKq_9palettify7paletteNtB4_7Palette14load_directory
FN:142,_RNvMs_NtCsiwcA9t8CxKq_9palettify7paletteNtB4_7Palette14preview_colors
FN:126,_RNvMs_NtCsiwcA9t8CxKq_9palettify7paletteNtB4_7Palette7nearestB6_
FN:75,_RNvMs_NtCsiwcA9t8CxKq_9palettify7paletteNtB4_7Palette9from_file
FN:66,_RNCNCNvMs_NtCsiwcA9t8CxKq_9palettify7paletteNtB8_7Palette12from_content00Ba_
FN:40,_RNCNCNvMs_NtCsiwcA9t8CxKq_9palettify7paletteNtB8_7Palette13from_hex_list00Ba_
FN:63,_RNCNvMs_NtCsiwcA9t8CxKq_9palettify7paletteNtB6_7Palette12from_content0B8_
FN:39,_RNCNvMs_NtCsiwcA9t8CxKq_9palettify7paletteNtB6_7Palette13from_hex_list0B8_
FN:103,_RNCNvMs_NtCsiwcA9t8CxKq_9palettify7paletteNtB6_7Palette14load_directory0B8_
FN:143,_RNCNvMs_NtCsiwcA9t8CxKq_9palettify7paletteNtB6_7Palette14preview_colors0B8_
FN:129,_RNCNvMs_NtCsiwcA9t8CxKq_9palettify7paletteNtB6_7Palette7nearest0B8_
FN:78,_RNCNvMs_NtCsiwcA9t8CxKq_9palettify7paletteNtB6_7Palette9from_file0B8_
FN:83,_RNCNvMs_NtCsiwcA9t8CxKq_9palettify7paletteNtB6_7Palette9from_files_0B8_
FN:148,_RNvNtCsiwcA9t8CxKq_9palettify7palette7dist_sq
FN:226,_RNvNtNtCsiwcA9t8CxKq_9palettify7palette5testss_25color_count_matches_input
FN:161,_RNvNtNtCsiwcA9t8CxKq_9palettify7palette5testss_27from_hex_list_rejects_empty
FN:220,_RNvNtNtCsiwcA9t8CxKq_9palettify7palette5testss_27hex_formatting_is_lowercase
FN:190,_RNvNtNtCsiwcA9t8CxKq_9palettify7palette5testss_27nearest_returns_exact_match
FN:234,_RNvNtNtCsiwcA9t8CxKq_9palettify7palette5testss_29from_file_loads_valid_palette
FN:198,_RNvNtNtCsiwcA9t8CxKq_9palettify7palette5testss_29nearest_returns_closest_color
FN:261,_RNvNtNtCsiwcA9t8CxKq_9palettify7palette5testss_30load_directory_loads_txt_files
FN:206,_RNvNtNtCsiwcA9t8CxKq_9palettify7palette5testss_30preview_colors_returns_first_n
FN:214,_RNvNtNtCsiwcA9t8CxKq_9palettify7palette5testss_32preview_colors_caps_at_available
FN:166,_RNvNtNtCsiwcA9t8CxKq_9palettify7palette5testss_33from_hex_list_rejects_invalid_hex
FN:171,_RNvNtNtCsiwcA9t8CxKq_9palettify7palette5testss_34from_hex_list_accepts_valid_colors
FN:279,_RNvNtNtCsiwcA9t8CxKq_9palettify7palette5testss_34load_directory_skips_non_txt_files
FN:294,_RNvNtNtCsiwcA9t8CxKq_9palettify7palette5testss_38load_directory_handles_nonexistent_dir
FN:185,_RNvNtNtCsiwcA9t8CxKq_9palettify7palette5testss_40from_content_rejects_all_non_color_lines
FN:253,_RNvNtNtCsiwcA9t8CxKq_9palettify7palette5testss_40from_file_returns_error_for_missing_file
FN:301,_RNvNtNtCsiwcA9t8CxKq_9palettify7palette5testss_42load_directory_skips_invalid_palette_files
FN:178,_RNvNtNtCsiwcA9t8CxKq_9palettify7palette5testss_45from_content_ignores_comments_and_blank_lines
FN:17,_RNvMNtCsbtrXiB8aXK2_9palettify7paletteNtB2_12PaletteColor3hex
FN:137,_RNvMs_NtCsbtrXiB8aXK2_9palettify7paletteNtB4_7Palette11color_count
FN:59,_RNvMs_NtCsbtrXiB8aXK2_9palettify7paletteNtB4_7Palette12from_content
FN:31,_RNvMs_NtCsbtrXiB8aXK2_9palettify7paletteNtB4_7Palette13from_hex_list
FN:90,_RNvMs_NtCsbtrXiB8aXK2_9palettify7paletteNtB4_7Palette14load_directory
[...]
FN:7,_RNvNtCseGU69UR3UMz_9palettify9processor13process_image
FN:18,_RNvNtNtCseCNn33MUbHc_9palettify9processor5tests18single_pixel_image
FN:41,_RNvNtNtCseCNn33MUbHc_9palettify9processor5testss_29output_dimensions_match_input
FN:25,_RNvNtNtCseCNn33MUbHc_9palettify9processor5testss_33maps_red_to_nearest_palette_color
FN:33,_RNvNtNtCseCNn33MUbHc_9palettify9processor5testss_34maps_blue_to_nearest_palette_color
FN:7,_RNvNtCseCNn33MUbHc_9palettify9processor13process_image
FN:18,_RNvNtNtCsiwcA9t8CxKq_9palettify9processor5tests18single_pixel_image
FN:41,_RNvNtNtCsiwcA9t8CxKq_9palettify9processor5testss_29output_dimensions_match_input
FN:25,_RNvNtNtCsiwcA9t8CxKq_9palettify9processor5testss_33maps_red_to_nearest_palette_color
FN:33,_RNvNtNtCsiwcA9t8CxKq_9palettify9processor5testss_34maps_blue_to_nearest_palette_color
FN:7,_RNvNtCsiwcA9t8CxKq_9palettify9processor13process_image
FN:7,_RNvNtCsbtrXiB8aXK2_9palettify9processor13process_image
FNDA:13,_RNvNtCseGU69UR3UMz_9palettify9processor13process_image
FNDA:2,_RNvNtNtCseCNn33MUbHc_9palettify9processor5tests18single_pixel_image
FNDA:1,_RNvNtNtCseCNn33MUbHc_9palettify9processor5testss_29output_dimensions_match_input
FNDA:1,_RNvNtNtCseCNn33MUbHc_9palettify9processor5testss_33maps_red_to_nearest_palette_color
FNDA:1,_RNvNtNtCseCNn33MUbHc_9palettify9processor5testss_34maps_blue_to_nearest_palette_color
FNDA:3,_RNvNtCseCNn33MUbHc_9palettify9processor13process_image
FNDA:2,_RNvNtNtCsiwcA9t8CxKq_9palettify9processor5tests18single_pixel_image
FNDA:1,_RNvNtNtCsiwcA9t8CxKq_9palettify9processor5testss_29output_dimensions_match_input
FNDA:1,_RNvNtNtCsiwcA9t8CxKq_9palettify9processor5testss_33maps_red_to_nearest_palette_color
FNDA:1,_RNvNtNtCsiwcA9t8CxKq_9palettify9processor5testss_34maps_blue_to_nearest_palette_color
FNDA:3,_RNvNtCsiwcA9t8CxKq_9palettify9processor13process_image
FNDA:0,_RNvNtCsbtrXiB8aXK2_9palettify9processor13process_image
FNF:5
FNH:5
DA:7,19
DA:8,19
DA:9,19
DA:18,4
DA:19,4
DA:20,4
DA:21,4
DA:22,4
DA:25,2
DA:26,2
DA:27,2
DA:28,2
DA:29,2
DA:30,2
DA:33,2
DA:34,2
DA:35,2
DA:36,2
DA:37,2
DA:38,2
DA:41,2
DA:42,2
DA:43,2
DA:44,2
DA:45,2
DA:46,2
DA:47,2
BRF:0
BRH:0
LF:27
LH:27
end_of_record
SF:A:\coding\rust\palettify\src\state.rs
FN:26,_RNvMNtCseGU69UR3UMz_9palettify5stateNtB2_8AppState3new
FN:46,_RNvNtCseGU69UR3UMz_9palettify5state13load_palettes
FN:66,_RNvNtNtCseCNn33MUbHc_9palettify5state5tests11base_config
FN:114,_RNvNtNtCseCNn33MUbHc_9palettify5state5testss_35load_palettes_returns_valid_entries
FN:120,_RNvNtNtCseCNn33MUbHc_9palettify5state5testss_42load_palettes_skips_entries_with_no_colors
FN:88,_RNvNtNtCseCNn33MUbHc_9palettify5state5testss_42new_with_palettes_dir_merges_disk_palettes
FN:81,_RNvNtNtCseCNn33MUbHc_9palettify5state5testss_48new_without_palettes_dir_loads_embedded_palettes
FN:26,_RNvMNtCseCNn33MUbHc_9palettify5stateNtB2_8AppState3new
FN:46,_RNvNtCseCNn33MUbHc_9palettify5state13load_palettes
FN:66,_RNvNtNtCsiwcA9t8CxKq_9palettify5state5tests11base_config
FN:114,_RNvNtNtCsiwcA9t8CxKq_9palettify5state5testss_35load_palettes_returns_valid_entries
FN:120,_RNvNtNtCsiwcA9t8CxKq_9palettify5state5testss_42load_palettes_skips_entries_with_no_colors
FN:88,_RNvNtNtCsiwcA9t8CxKq_9palettify5state5testss_42new_with_palettes_dir_merges_disk_palettes
FN:81,_RNvNtNtCsiwcA9t8CxKq_9palettify5state5testss_48new_without_palettes_dir_loads_embedded_palettes
FN:26,_RNvMNtCsiwcA9t8CxKq_9palettify5stateNtB2_8AppState3new
FN:46,_RNvNtCsiwcA9t8CxKq_9palettify5state13load_palettes
FN:26,_RNvMNtCsbtrXiB8aXK2_9palettify5stateNtB2_8AppState3new
FN:46,_RNvNtCsbtrXiB8aXK2_9palettify5state13load_palettes
FNDA:31,_RNvMNtCseGU69UR3UMz_9palettify5stateNtB2_8AppState3new
FNDA:31,_RNvNtCseGU69UR3UMz_9palettify5state13load_palettes
FNDA:2,_RNvNtNtCseCNn33MUbHc_9palettify5state5tests11base_config
FNDA:1,_RNvNtNtCseCNn33MUbHc_9palettify5state5testss_35load_palettes_returns_valid_entries
FNDA:1,_RNvNtNtCseCNn33MUbHc_9palettify5state5testss_42load_palettes_skips_entries_with_no_colors
FNDA:1,_RNvNtNtCseCNn33MUbHc_9palettify5state5testss_42new_with_palettes_dir_merges_disk_palettes
FNDA:1,_RNvNtNtCseCNn33MUbHc_9palettify5state5testss_48new_without_palettes_dir_loads_embedded_palettes
FNDA:2,_RNvMNtCseCNn33MUbHc_9palettify5stateNtB2_8AppState3new
FNDA:4,_RNvNtCseCNn33MUbHc_9palettify5state13load_palettes
FNDA:2,_RNvNtNtCsiwcA9t8CxKq_9palettify5state5tests11base_config
FNDA:1,_RNvNtNtCsiwcA9t8CxKq_9palettify5state5testss_35load_palettes_returns_valid_entries
FNDA:1,_RNvNtNtCsiwcA9t8CxKq_9palettify5state5testss_42load_palettes_skips_entries_with_no_colors
FNDA:1,_RNvNtNtCsiwcA9t8CxKq_9palettify5state5testss_42new_with_palettes_dir_merges_disk_palettes
FNDA:1,_RNvNtNtCsiwcA9t8CxKq_9palettify5state5testss_48new_without_palettes_dir_loads_embedded_palettes
FNDA:2,_RNvMNtCsiwcA9t8CxKq_9palettify5stateNtB2_8AppState3new
FNDA:4,_RNvNtCsiwcA9t8CxKq_9palettify5state13load_palettes
FNDA:0,_RNvMNtCsbtrXiB8aXK2_9palettify5stateNtB2_8AppState3new
FNDA:0,_RNvNtCsbtrXiB8aXK2_9palettify5state13load_palettes
FNF:7
FNH:7
DA:26,35
DA:27,35
DA:29,35
DA:30,2
DA:31,2
DA:32,2
DA:33,2
DA:34,2
DA:35,33
DA:37,35
DA:39,35
DA:40,35
DA:46,39
DA:47,39
DA:48,354
DA:49,354
DA:50,352
DA:51,352
DA:52,352
DA:53,2
DA:54,2
DA:58,39
DA:59,39
DA:66,4
DA:67,4
DA:68,4
DA:69,4
DA:70,4
DA:71,4
DA:72,4
DA:73,4
DA:74,4
DA:75,4
DA:76,4
DA:77,4
DA:78,4
DA:81,2
DA:82,2
DA:83,2
DA:84,2
DA:85,2
DA:88,2
DA:91,2
DA:93,2
DA:94,2
DA:96,2
DA:97,2
DA:98,2
DA:99,2
DA:101,2
DA:102,2
DA:104,2
DA:105,2
DA:107,2
DA:108,2
DA:109,2
DA:114,2
DA:115,2
DA:116,2
DA:117,2
DA:120,2
DA:122,2
DA:123,2
DA:124,2
BRF:0
BRH:0
LF:64
LH:64
end_of_record
SF:A:\coding\rust\palettify\src\upstash.rs
FN:35,_RINvMNtCseGU69UR3UMz_9palettify7upstashNtB3_13UpstashClient7commandxEB5_
FN:38,_RNCINvMNtCseGU69UR3UMz_9palettify7upstashNtB5_13UpstashClient7commandxE0B7_
FN:90,_RNCNCNvMNtCseGU69UR3UMz_9palettify7upstashNtB6_13UpstashClient16check_rate_limit00B8_
FN:104,_RNCNvMNtCseGU69UR3UMz_9palettify7upstashNtB4_13UpstashClient11track_usage0B6_
FN:77,_RNCNvMNtCseGU69UR3UMz_9palettify7upstashNtB4_13UpstashClient16check_rate_limit0B6_
FN:51,_RNCNvMNtCseGU69UR3UMz_9palettify7upstashNtB4_13UpstashClient8pipeline0B6_
FN:100,_RNvMNtCseGU69UR3UMz_9palettify7upstashNtB2_13UpstashClient11track_usage
FN:72,_RNvMNtCseGU69UR3UMz_9palettify7upstashNtB2_13UpstashClient16check_rate_limit
FN:26,_RNvMNtCseGU69UR3UMz_9palettify7upstashNtB2_13UpstashClient3new
FN:51,_RNvMNtCseGU69UR3UMz_9palettify7upstashNtB2_13UpstashClient8pipeline
FN:113,_RNvNtCseGU69UR3UMz_9palettify7upstash9unix_secs
FN:35,_RINvMNtCseCNn33MUbHc_9palettify7upstashNtB3_13UpstashClient7commandxEB5_
FN:38,_RNCINvMNtCseCNn33MUbHc_9palettify7upstashNtB5_13UpstashClient7commandxE0B7_
FN:90,_RNCNCNvMNtCseCNn33MUbHc_9palettify7upstashNtB6_13UpstashClient16check_rate_limit00B8_
FN:104,_RNCNvMNtCseCNn33MUbHc_9palettify7upstashNtB4_13UpstashClient11track_usage0B6_
FN:77,_RNCNvMNtCseCNn33MUbHc_9palettify7upstashNtB4_13UpstashClient16check_rate_limit0B6_
FN:51,_RNCNvMNtCseCNn33MUbHc_9palettify7upstashNtB4_13UpstashClient8pipeline0B6_
FN:155,_RNCNCNvNtNtCseCNn33MUbHc_9palettify7upstash5tests10start_mock00B9_
FN:138,_RNCNvNCNvNtNtCseCNn33MUbHc_9palettify7upstash5tests10start_mock012incr_handler0Bb_
FN:144,_RNCNvNCNvNtNtCseCNn33MUbHc_9palettify7upstash5tests10start_mock016pipeline_handler0Bb_
FN:132,_RNCNvNtNtCseCNn33MUbHc_9palettify7upstash5tests10start_mock0B7_
FN:201,_RNCNvNtNtCseCNn33MUbHc_9palettify7upstash5testss_20track_usage_succeeds0B7_
FN:163,_RNCNvNtNtCseCNn33MUbHc_9palettify7upstash5testss_37check_rate_limit_allows_first_request0B7_
FN:184,_RNCNvNtNtCseCNn33MUbHc_9palettify7upstash5testss_37check_rate_limit_blocks_when_exceeded0B7_
FN:175,_RNCNvNtNtCseCNn33MUbHc_9palettify7upstash5testss_41check_rate_limit_allows_non_first_request0B7_
FN:193,_RNCNvNtNtCseCNn33MUbHc_9palettify7upstash5testss_50check_rate_limit_returns_err_on_connection_failure0B7_
FN:100,_RNvMNtCseCNn33MUbHc_9palettify7upstashNtB2_13UpstashClient11track_usage
FN:72,_RNvMNtCseCNn33MUbHc_9palettify7upstashNtB2_13UpstashClient16check_rate_limit
FN:26,_RNvMNtCseCNn33MUbHc_9palettify7upstashNtB2_13UpstashClient3new
FN:51,_RNvMNtCseCNn33MUbHc_9palettify7upstashNtB2_13UpstashClient8pipeline
FN:113,_RNvNtCseCNn33MUbHc_9palettify7upstash9unix_secs
FN:135,_RNvNCNvNtNtCseCNn33MUbHc_9palettify7upstash5tests10start_mock012incr_handler
FN:144,_RNvNCNvNtNtCseCNn33MUbHc_9palettify7upstash5tests10start_mock016pipeline_handler
FN:132,_RNvNtNtCseCNn33MUbHc_9palettify7upstash5tests10start_mock
FN:201,_RNvNtNtCseCNn33MUbHc_9palettify7upstash5testss_20track_usage_succeeds
FN:163,_RNvNtNtCseCNn33MUbHc_9palettify7upstash5testss_37check_rate_limit_allows_first_request
FN:184,_RNvNtNtCseCNn33MUbHc_9palettify7upstash5testss_37check_rate_limit_blocks_when_exceeded
FN:175,_RNvNtNtCseCNn33MUbHc_9palettify7upstash5testss_41check_rate_limit_allows_non_first_request
FN:193,_RNvNtNtCseCNn33MUbHc_9palettify7upstash5testss_50check_rate_limit_returns_err_on_connection_failure
FN:135,_RNvNCNvNtNtCsiwcA9t8CxKq_9palettify7upstash5tests10start_mock012incr_handler
FN:144,_RNvNCNvNtNtCsiwcA9t8CxKq_9palettify7upstash5tests10start_mock016pipeline_handler
FN:132,_RNvNtNtCsiwcA9t8CxKq_9palettify7upstash5tests10start_mock
FN:201,_RNvNtNtCsiwcA9t8CxKq_9palettify7upstash5testss_20track_usage_succeeds
FN:163,_RNvNtNtCsiwcA9t8CxKq_9palettify7upstash5testss_37check_rate_limit_allows_first_request
FN:184,_RNvNtNtCsiwcA9t8CxKq_9palettify7upstash5testss_37check_rate_limit_blocks_when_exceeded
FN:175,_RNvNtNtCsiwcA9t8CxKq_9palettify7upstash5testss_41check_rate_limit_allows_non_first_request
FN:193,_RNvNtNtCsiwcA9t8CxKq_9palettify7upstash5testss_50check_rate_limit_returns_err_on_connection_failure
FN:100,_RNvMNtCsiwcA9t8CxKq_9palettify7upstashNtB2_13UpstashClient11track_usage
FN:72,_RNvMNtCsiwcA9t8CxKq_9palettify7upstashNtB2_13UpstashClient16check_rate_limit
FN:26,_RNvMNtCsiwcA9t8CxKq_9palettify7upstashNtB2_13UpstashClient3new
FN:51,_RNvMNtCsiwcA9t8CxKq_9palettify7upstashNtB2_13UpstashClient8pipeline
FN:113,_RNvNtCsiwcA9t8CxKq_9palettify7upstash9unix_secs
FN:155,_RNCNCNvNtNtCsiwcA9t8CxKq_9palettify7upstash5tests10start_mock00B9_
FN:138,_RNCNvNCNvNtNtCsiwcA9t8CxKq_9palettify7upstash5tests10start_mock012incr_handler0Bb_
FN:144,_RNCNvNCNvNtNtCsiwcA9t8CxKq_9palettify7upstash5tests10start_mock016pipeline_handler0Bb_
FN:132,_RNCNvNtNtCsiwcA9t8CxKq_9palettify7upstash5tests10start_mock0B7_
FN:201,_RNCNvNtNtCsiwcA9t8CxKq_9palettify7upstash5testss_20track_usage_succeeds0B7_
FN:163,_RNCNvNtNtCsiwcA9t8CxKq_9palettify7upstash5testss_37check_rate_limit_allows_first_request0B7_
FN:184,_RNCNvNtNtCsiwcA9t8CxKq_9palettify7upstash5testss_37check_rate_limit_blocks_when_exceeded0B7_
FN:175,_RNCNvNtNtCsiwcA9t8CxKq_9palettify7upstash5testss_41check_rate_limit_allows_non_first_request0B7_
FN:193,_RNCNvNtNtCsiwcA9t8CxKq_9palettify7upstash5testss_50check_rate_limit_returns_err_on_connection_failure0B7_
FN:35,_RINvMNtCsiwcA9t8CxKq_9palettify7upstashNtB3_13UpstashClient7commandxEB5_
FN:38,_RNCINvMNtCsiwcA9t8CxKq_9palettify7upstashNtB5_13UpstashClient7commandxE0B7_
FN:90,_RNCNCNvMNtCsiwcA9t8CxKq_9palettify7upstashNtB6_13UpstashClient16check_rate_limit00B8_
FN:104,_RNCNvMNtCsiwcA9t8CxKq_9palettify7upstashNtB4_13UpstashClient11track_usage0B6_
FN:77,_RNCNvMNtCsiwcA9t8CxKq_9palettify7upstashNtB4_13UpstashClient16check_rate_limit0B6_
FN:51,_RNCNvMNtCsiwcA9t8CxKq_9palettify7upstashNtB4_13UpstashClient8pipeline0B6_
FN:100,_RNvMNtCsbtrXiB8aXK2_9palettify7upstashNtB2_13UpstashClient11track_usage
FN:72,_RNvMNtCsbtrXiB8aXK2_9palettify7upstashNtB2_13UpstashClient16check_rate_limit
FN:26,_RNvMNtCsbtrXiB8aXK2_9palettify7upstashNtB2_13UpstashClient3new
FN:51,_RNvMNtCsbtrXiB8aXK2_9palettify7upstashNtB2_13UpstashClient8pipeline
FN:113,_RNvNtCsbtrXiB8aXK2_9palettify7upstash9unix_secs
FN:35,_RINvMNtCsbtrXiB8aXK2_9palettify7upstashNtB3_13UpstashClient7commandxEB5_
FN:38,_RNCINvMNtCsbtrXiB8aXK2_9palettify7upstashNtB5_13UpstashClient7commandxE0B7_
FN:90,_RNCNCNvMNtCsbtrXiB8aXK2_9palettify7upstashNtB6_13UpstashClient16check_rate_limit00B8_
FN:104,_RNCNvMNtCsbtrXiB8aXK2_9palettify7upstashNtB4_13UpstashClient11track_usage0B6_
FN:77,_RNCNvMNtCsbtrXiB8aXK2_9palettify7upstashNtB4_13UpstashClient16check_rate_limit0B6_
FN:51,_RNCNvMNtCsbtrXiB8aXK2_9palettify7upstashNtB4_13UpstashClient8pipeline0B6_
FNDA:8,_RINvMNtCseGU69UR3UMz_9palettify7upstashNtB3_13UpstashClient7commandxEB5_
FNDA:8,_RNCINvMNtCseGU69UR3UMz_9palettify7upstashNtB5_13UpstashClient7commandxE0B7_
FNDA:3,_RNCNCNvMNtCseGU69UR3UMz_9palettify7upstashNtB6_13UpstashClient16check_rate_limit00B8_
FNDA:2,_RNCNvMNtCseGU69UR3UMz_9palettify7upstashNtB4_13UpstashClient11track_usage0B6_
FNDA:5,_RNCNvMNtCseGU69UR3UMz_9palettify7upstashNtB4_13UpstashClient16check_rate_limit0B6_
FNDA:2,_RNCNvMNtCseGU69UR3UMz_9palettify7upstashNtB4_13UpstashClient8pipeline0B6_
FNDA:2,_RNvMNtCseGU69UR3UMz_9palettify7upstashNtB2_13UpstashClient11track_usage
FNDA:5,_RNvMNtCseGU69UR3UMz_9palettify7upstashNtB2_13UpstashClient16check_rate_limit
FNDA:5,_RNvMNtCseGU69UR3UMz_9palettify7upstashNtB2_13UpstashClient3new
FNDA:2,_RNvMNtCseGU69UR3UMz_9palettify7upstashNtB2_13UpstashClient8pipeline
FNDA:5,_RNvNtCseGU69UR3UMz_9palettify7upstash9unix_secs
FNDA:5,_RINvMNtCseCNn33MUbHc_9palettify7upstashNtB3_13UpstashClient7commandxEB5_
FNDA:5,_RNCINvMNtCseCNn33MUbHc_9palettify7upstashNtB5_13UpstashClient7commandxE0B7_
FNDA:1,_RNCNCNvMNtCseCNn33MUbHc_9palettify7upstashNtB6_13UpstashClient16check_rate_limit00B8_
FNDA:2,_RNCNvMNtCseCNn33MUbHc_9palettify7upstashNtB4_13UpstashClient11track_usage0B6_
FNDA:4,_RNCNvMNtCseCNn33MUbHc_9palettify7upstashNtB4_13UpstashClient16check_rate_limit0B6_
FNDA:2,_RNCNvMNtCseCNn33MUbHc_9palettify7upstashNtB4_13UpstashClient8pipeline0B6_
FNDA:4,_RNCNCNvNtNtCseCNn33MUbHc_9palettify7upstash5tests10start_mock00B9_
FNDA:4,_RNCNvNCNvNtNtCseCNn33MUbHc_9palettify7upstash5tests10start_mock012incr_handler0Bb_
FNDA:1,_RNCNvNCNvNtNtCseCNn33MUbHc_9palettify7upstash5tests10start_mock016pipeline_handler0Bb_
FNDA:4,_RNCNvNtNtCseCNn33MUbHc_9palettify7upstash5tests10start_mock0B7_
FNDA:1,_RNCNvNtNtCseCNn33MUbHc_9palettify7upstash5testss_20track_usage_succeeds0B7_
FNDA:1,_RNCNvNtNtCseCNn33MUbHc_9palettify7upstash5testss_37check_rate_limit_allows_first_request0B7_
FNDA:1,_RNCNvNtNtCseCNn33MUbHc_9palettify7upstash5testss_37check_rate_limit_blocks_when_exceeded0B7_
FNDA:1,_RNCNvNtNtCseCNn33MUbHc_9palettify7upstash5testss_41check_rate_limit_allows_non_first_request0B7_
FNDA:1,_RNCNvNtNtCseCNn33MUbHc_9palettify7upstash5testss_50check_rate_limit_returns_err_on_connection_failure0B7_
FNDA:2,_RNvMNtCseCNn33MUbHc_9palettify7upstashNtB2_13UpstashClient11track_usage
FNDA:4,_RNvMNtCseCNn33MUbHc_9palettify7upstashNtB2_13UpstashClient16check_rate_limit
FNDA:6,_RNvMNtCseCNn33MUbHc_9palettify7upstashNtB2_13UpstashClient3new
FNDA:2,_RNvMNtCseCNn33MUbHc_9palettify7upstashNtB2_13UpstashClient8pipeline
FNDA:4,_RNvNtCseCNn33MUbHc_9palettify7upstash9unix_secs
FNDA:4,_RNvNCNvNtNtCseCNn33MUbHc_9palettify7upstash5tests10start_mock012incr_handler
FNDA:1,_RNvNCNvNtNtCseCNn33MUbHc_9palettify7upstash5tests10start_mock016pipeline_handler
FNDA:4,_RNvNtNtCseCNn33MUbHc_9palettify7upstash5tests10start_mock
FNDA:1,_RNvNtNtCseCNn33MUbHc_9palettify7upstash5testss_20track_usage_succeeds
FNDA:1,_RNvNtNtCseCNn33MUbHc_9palettify7upstash5testss_37check_rate_limit_allows_first_request
FNDA:1,_RNvNtNtCseCNn33MUbHc_9palettify7upstash5testss_37check_rate_limit_blocks_when_exceeded
FNDA:1,_RNvNtNtCseCNn33MUbHc_9palettify7upstash5testss_41check_rate_limit_allows_non_first_request
FNDA:1,_RNvNtNtCseCNn33MUbHc_9palettify7upstash5testss_50check_rate_limit_returns_err_on_connection_failure
FNDA:4,_RNvNCNvNtNtCsiwcA9t8CxKq_9palettify7upstash5tests10start_mock012incr_handler
FNDA:1,_RNvNCNvNtNtCsiwcA9t8CxKq_9palettify7upstash5tests10start_mock016pipeline_handler
FNDA:4,_RNvNtNtCsiwcA9t8CxKq_9palettify7upstash5tests10start_mock
FNDA:1,_RNvNtNtCsiwcA9t8CxKq_9palettify7upstash5testss_20track_usage_succeeds
FNDA:1,_RNvNtNtCsiwcA9t8CxKq_9palettify7upstash5testss_37check_rate_limit_allows_first_request
FNDA:1,_RNvNtNtCsiwcA9t8CxKq_9palettify7upstash5testss_37check_rate_limit_blocks_when_exceeded
FNDA:1,_RNvNtNtCsiwcA9t8CxKq_9palettify7upstash5testss_41check_rate_limit_allows_non_first_request
FNDA:1,_RNvNtNtCsiwcA9t8CxKq_9palettify7upstash5testss_50check_rate_limit_returns_err_on_connection_failure
FNDA:2,_RNvMNtCsiwcA9t8CxKq_9palettify7upstashNtB2_13UpstashClient11track_usage
FNDA:4,_RNvMNtCsiwcA9t8CxKq_9palettify7upstashNtB2_13UpstashClient16check_rate_limit
FNDA:6,_RNvMNtCsiwcA9t8CxKq_9palettify7upstashNtB2_13UpstashClient3new
FNDA:2,_RNvMNtCsiwcA9t8CxKq_9palettify7upstashNtB2_13UpstashClient8pipeline
FNDA:4,_RNvNtCsiwcA9t8CxKq_9palettify7upstash9unix_secs
FNDA:4,_RNCNCNvNtNtCsiwcA9t8CxKq_9palettify7upstash5tests10start_mock00B9_
FNDA:4,_RNCNvNCNvNtNtCsiwcA9t8CxKq_9palettify7upstash5tests10start_mock012incr_handler0Bb_
FNDA:1,_RNCNvNCNvNtNtCsiwcA9t8CxKq_9palettify7upstash5tests10start_mock016pipeline_handler0Bb_
FNDA:4,_RNCNvNtNtCsiwcA9t8CxKq_9palettify7upstash5tests10start_mock0B7_
FNDA:1,_RNCNvNtNtCsiwcA9t8CxKq_9palettify7upstash5testss_20track_usage_succeeds0B7_
FNDA:1,_RNCNvNtNtCsiwcA9t8CxKq_9palettify7upstash5testss_37check_rate_limit_allows_first_request0B7_
FNDA:1,_RNCNvNtNtCsiwcA9t8CxKq_9palettify7upstash5testss_37check_rate_limit_blocks_when_exceeded0B7_
FNDA:1,_RNCNvNtNtCsiwcA9t8CxKq_9palettify7upstash5testss_41check_rate_limit_allows_non_first_request0B7_
FNDA:1,_RNCNvNtNtCsiwcA9t8CxKq_9palettify7upstash5testss_50check_rate_limit_returns_err_on_connection_failure0B7_
FNDA:5,_RINvMNtCsiwcA9t8CxKq_9palettify7upstashNtB3_13UpstashClient7commandxEB5_
FNDA:5,_RNCINvMNtCsiwcA9t8CxKq_9palettify7upstashNtB5_13UpstashClient7commandxE0B7_
FNDA:1,_RNCNCNvMNtCsiwcA9t8CxKq_9palettify7upstashNtB6_13UpstashClient16check_rate_limit00B8_
FNDA:2,_RNCNvMNtCsiwcA9t8CxKq_9palettify7upstashNtB4_13UpstashClient11track_usage0B6_
FNDA:4,_RNCNvMNtCsiwcA9t8CxKq_9palettify7upstashNtB4_13UpstashClient16check_rate_limit0B6_
FNDA:2,_RNCNvMNtCsiwcA9t8CxKq_9palettify7upstashNtB4_13UpstashClient8pipeline0B6_
FNDA:0,_RNvMNtCsbtrXiB8aXK2_9palettify7upstashNtB2_13UpstashClient11track_usage
FNDA:0,_RNvMNtCsbtrXiB8aXK2_9palettify7upstashNtB2_13UpstashClient16check_rate_limit
FNDA:0,_RNvMNtCsbtrXiB8aXK2_9palettify7upstashNtB2_13UpstashClient3new
FNDA:0,_RNvMNtCsbtrXiB8aXK2_9palettify7upstashNtB2_13UpstashClient8pipeline
FNDA:0,_RNvNtCsbtrXiB8aXK2_9palettify7upstash9unix_secs
FNDA:0,_RINvMNtCsbtrXiB8aXK2_9palettify7upstashNtB3_13UpstashClient7commandxEB5_
FNDA:0,_RNCINvMNtCsbtrXiB8aXK2_9palettify7upstashNtB5_13UpstashClient7commandxE0B7_
FNDA:0,_RNCNCNvMNtCsbtrXiB8aXK2_9palettify7upstashNtB6_13UpstashClient16check_rate_limit00B8_
FNDA:0,_RNCNvMNtCsbtrXiB8aXK2_9palettify7upstashNtB4_13UpstashClient11track_usage0B6_
FNDA:0,_RNCNvMNtCsbtrXiB8aXK2_9palettify7upstashNtB4_13UpstashClient16check_rate_limit0B6_
FNDA:0,_RNCNvMNtCsbtrXiB8aXK2_9palettify7upstashNtB4_13UpstashClient8pipeline0B6_
FNF:28
FNH:28
DA:26,17
DA:27,17
DA:28,17
DA:29,17
DA:30,17
DA:31,17
DA:32,17
DA:35,18
DA:36,18
DA:37,18
DA:38,18
DA:39,18
DA:40,18
DA:41,18
DA:42,18
DA:43,18
DA:44,18
DA:45,14
DA:46,14
DA:47,14
DA:48,17
DA:51,6
DA:52,6
DA:53,6
DA:54,6
DA:55,6
DA:56,6
DA:57,6
DA:58,6
DA:59,3
DA:60,5
DA:72,13
DA:73,13
DA:74,13
DA:75,13
DA:76,13
DA:77,13
DA:78,13
DA:79,13
DA:81,13
DA:86,10
DA:87,5
DA:88,5
DA:89,5
DA:90,5
DA:91,5
DA:92,4
DA:93,5
DA:95,10
DA:96,13
DA:100,6
DA:101,6
DA:102,6
DA:103,6
DA:104,6
DA:105,6
DA:106,6
DA:107,6
DA:108,6
DA:109,6
DA:110,5
DA:113,13
DA:114,13
DA:115,13
DA:116,13
DA:117,13
DA:118,13
DA:132,8
DA:133,8
DA:135,8
DA:136,8
DA:137,8
DA:138,8
DA:139,8
DA:140,8
DA:141,8
DA:142,8
DA:144,2
DA:145,2
DA:146,2
DA:148,8
DA:149,8
DA:150,8
DA:151,8
DA:153,8
DA:154,8
DA:155,8
DA:157,8
DA:158,8
DA:163,2
DA:166,2
DA:167,2
DA:168,2
DA:170,2
DA:171,2
DA:172,2
DA:175,2
DA:177,2
DA:178,2
DA:179,2
DA:180,2
DA:181,2
DA:184,2
DA:186,2
DA:187,2
DA:188,2
DA:189,2
DA:190,2
DA:193,2
DA:194,2
DA:195,2
DA:196,2
DA:201,2
DA:202,2
DA:203,2
DA:204,2
DA:205,2
BRF:0
BRH:0
LF:135
LH:135
end_of_record