SF:A:\coding\rust\palettify\src\algorithm\floyd_steinberg.rs
FN:14,_RNCNvNtNtCseGU69UR3UMz_9palettify9algorithm15floyd_steinberg7process0B7_
FN:6,_RNvNtNtCseGU69UR3UMz_9palettify9algorithm15floyd_steinberg7process
FN:6,_RNvNtNtCseCNn33MUbHc_9palettify9algorithm15floyd_steinberg7process
FN:14,_RNCNvNtNtCseCNn33MUbHc_9palettify9algorithm15floyd_steinberg7process0B7_
FN:14,_RNCNvNtNtCsiwcA9t8CxKq_9palettify9algorithm15floyd_steinberg7process0B7_
FN:6,_RNvNtNtCsiwcA9t8CxKq_9palettify9algorithm15floyd_steinberg7process
FN:6,_RNvNtNtCsbtrXiB8aXK2_9palettify9algorithm15floyd_steinberg7process
FN:14,_RNCNvNtNtCsbtrXiB8aXK2_9palettify9algorithm15floyd_steinberg7process0B7_
FNDA:0,_RNCNvNtNtCseGU69UR3UMz_9palettify9algorithm15floyd_steinberg7process0B7_
FNDA:0,_RNvNtNtCseGU69UR3UMz_9palettify9algorithm15floyd_steinberg7process
FNDA:2,_RNvNtNtCseCNn33MUbHc_9palettify9algorithm15floyd_steinberg7process
FNDA:65,_RNCNvNtNtCseCNn33MUbHc_9palettify9algorithm15floyd_steinberg7process0B7_
FNDA:65,_RNCNvNtNtCsiwcA9t8CxKq_9palettify9algorithm15floyd_steinberg7process0B7_
FNDA:2,_RNvNtNtCsiwcA9t8CxKq_9palettify9algorithm15floyd_steinberg7process
FNDA:0,_RNvNtNtCsbtrXiB8aXK2_9palettify9algorithm15floyd_steinberg7process
FNDA:0,_RNCNvNtNtCsbtrXiB8aXK2_9palettify9algorithm15floyd_steinberg7process0B7_
FNF:2
FNH:2
DA:6,4
DA:7,4
DA:8,4
DA:9,4
DA:12,4
DA:13,4
DA:14,130
DA:15,130
DA:16,130
DA:17,130
DA:18,4
DA:20,4
DA:22,18
DA:23,130
DA:24,130
DA:25,130
DA:28,130
DA:29,130
DA:30,130
DA:32,130
DA:33,130
DA:35,130
DA:36,130
DA:37,130
DA:38,130
DA:41,130
DA:42,130
DA:43,130
DA:44,130
DA:45,130
DA:58,130
DA:59,130
DA:60,130
DA:61,130
DA:65,4
DA:66,4
DA:67,4
BRF:0
BRH:0
LF:38
LH:38
end_of_record
SF:A:\coding\rust\palettify\src\algorithm\mod.rs
FN:38,_RNvMNtCseGU69UR3UMz_9palettify9algorithmNtB2_9Algorithm3run
FN:28,_RNvMNtCseGU69UR3UMz_9palettify9algorithmNtB2_9Algorithm8from_str
FN:38,_RNvMNtCseCNn33MUbHc_9palettify9algorithmNtB2_9Algorithm3run
FN:28,_RNvMNtCseCNn33MUbHc_9palettify9algorithmNtB2_9Algorithm8from_str
FN:53,_RNvNtNtCseCNn33MUbHc_9palettify9algorithm5tests12single_pixel
FN:59,_RNvNtNtCseCNn33MUbHc_9palettify9algorithm5tests2bw
FN:66,_RNvNtNtCseCNn33MUbHc_9palettify9algorithm5testss_25from_str_nearest_variants
FN:81,_RNvNtNtCseCNn33MUbHc_9palettify9algorithm5testss_25from_str_ordered_variants
FN:102,_RNvNtNtCseCNn33MUbHc_9palettify9algorithm5testss_27nearest_black_maps_to_black
FN:96,_RNvNtNtCseCNn33MUbHc_9palettify9algorithm5testss_27nearest_white_maps_to_white
FN:114,_RNvNtNtCseCNn33MUbHc_9palettify9algorithm5testss_27ordered_white_maps_to_white
FN:88,_RNvNtNtCseCNn33MUbHc_9palettify9algorithm5testss_29from_str_unknown_returns_none
FN:73,_RNvNtNtCseCNn33MUbHc_9palettify9algorithm5testss_33from_str_floyd_steinberg_variants
FN:120,_RNvNtNtCseCNn33MUbHc_9palettify9algorithm5testss_34all_algorithms_preserve_dimensions
FN:108,_RNvNtNtCseCNn33MUbHc_9palettify9algorithm5testss_35floyd_steinberg_white_maps_to_white
FN:38,_RNvMNtCsiwcA9t8CxKq_9palettify9algorithmNtB2_9Algorithm3run
FN:28,_RNvMNtCsiwcA9t8CxKq_9palettify9algorithmNtB2_9Algorithm8from_str
FN:53,_RNvNtNtCsiwcA9t8CxKq_9palettify9algorithm5tests12single_pixel
FN:59,_RNvNtNtCsiwcA9t8CxKq_9palettify9algorithm5tests2bw
FN:66,_RNvNtNtCsiwcA9t8CxKq_9palettify9algorithm5testss_25from_str_nearest_variants
FN:81,_RNvNtNtCsiwcA9t8CxKq_9palettify9algorithm5testss_25from_str_ordered_variants
FN:102,_RNvNtNtCsiwcA9t8CxKq_9palettify9algorithm5testss_27nearest_black_maps_to_black
FN:96,_RNvNtNtCsiwcA9t8CxKq_9palettify9algorithm5testss_27nearest_white_maps_to_white
FN:114,_RNvNtNtCsiwcA9t8CxKq_9palettify9algorithm5testss_27ordered_white_maps_to_white
FN:88,_RNvNtNtCsiwcA9t8CxKq_9palettify9algorithm5testss_29from_str_unknown_returns_none
FN:73,_RNvNtNtCsiwcA9t8CxKq_9palettify9algorithm5testss_33from_str_floyd_steinberg_variants
FN:120,_RNvNtNtCsiwcA9t8CxKq_9palettify9algorithm5testss_34all_algorithms_preserve_dimensions
FN:108,_RNvNtNtCsiwcA9t8CxKq_9palettify9algorithm5testss_35floyd_steinberg_white_maps_to_white
FN:38,_RNvMNtCsbtrXiB8aXK2_9palettify9algorithmNtB2_9Algorithm3run
FN:28,_RNvMNtCsbtrXiB8aXK2_9palettify9algorithmNtB2_9Algorithm8from_str
FNDA:4,_RNvMNtCseGU69UR3UMz_9palettify9algorithmNtB2_9Algorithm3run
FNDA:0,_RNvMNtCseGU69UR3UMz_9palettify9algorithmNtB2_9Algorithm8from_str
FNDA:10,_RNvMNtCseCNn33MUbHc_9palettify9algorithmNtB2_9Algorithm3run
FNDA:12,_RNvMNtCseCNn33MUbHc_9palettify9algorithmNtB2_9Algorithm8from_str
FNDA:4,_RNvNtNtCseCNn33MUbHc_9palettify9algorithm5tests12single_pixel
FNDA:4,_RNvNtNtCseCNn33MUbHc_9palettify9algorithm5tests2bw
FNDA:1,_RNvNtNtCseCNn33MUbHc_9palettify9algorithm5testss_25from_str_nearest_variants
FNDA:1,_RNvNtNtCseCNn33MUbHc_9palettify9algorithm5testss_25from_str_ordered_variants
FNDA:1,_RNvNtNtCseCNn33MUbHc_9palettify9algorithm5testss_27nearest_black_maps_to_black
FNDA:1,_RNvNtNtCseCNn33MUbHc_9palettify9algorithm5testss_27nearest_white_maps_to_white
FNDA:1,_RNvNtNtCseCNn33MUbHc_9palettify9algorithm5testss_27ordered_white_maps_to_white
FNDA:1,_RNvNtNtCseCNn33MUbHc_9palettify9algorithm5testss_29from_str_unknown_returns_none
FNDA:1,_RNvNtNtCseCNn33MUbHc_9palettify9algorithm5testss_33from_str_floyd_steinberg_variants
FNDA:1,_RNvNtNtCseCNn33MUbHc_9palettify9algorithm5testss_34all_algorithms_preserve_dimensions
FNDA:1,_RNvNtNtCseCNn33MUbHc_9palettify9algorithm5testss_35floyd_steinberg_white_maps_to_white
FNDA:10,_RNvMNtCsiwcA9t8CxKq_9palettify9algorithmNtB2_9Algorithm3run
FNDA:12,_RNvMNtCsiwcA9t8CxKq_9palettify9algorithmNtB2_9Algorithm8from_str
FNDA:4,_RNvNtNtCsiwcA9t8CxKq_9palettify9algorithm5tests12single_pixel
FNDA:4,_RNvNtNtCsiwcA9t8CxKq_9palettify9algorithm5tests2bw
FNDA:1,_RNvNtNtCsiwcA9t8CxKq_9palettify9algorithm5testss_25from_str_nearest_variants
FNDA:1,_RNvNtNtCsiwcA9t8CxKq_9palettify9algorithm5testss_25from_str_ordered_variants
FNDA:1,_RNvNtNtCsiwcA9t8CxKq_9palettify9algorithm5testss_27nearest_black_maps_to_black
FNDA:1,_RNvNtNtCsiwcA9t8CxKq_9palettify9algorithm5testss_27nearest_white_maps_to_white
FNDA:1,_RNvNtNtCsiwcA9t8CxKq_9palettify9algorithm5testss_27ordered_white_maps_to_white
FNDA:1,_RNvNtNtCsiwcA9t8CxKq_9palettify9algorithm5testss_29from_str_unknown_returns_none
FNDA:1,_RNvNtNtCsiwcA9t8CxKq_9palettify9algorithm5testss_33from_str_floyd_steinberg_variants
FNDA:1,_RNvNtNtCsiwcA9t8CxKq_9palettify9algorithm5testss_34all_algorithms_preserve_dimensions
FNDA:1,_RNvNtNtCsiwcA9t8CxKq_9palettify9algorithm5testss_35floyd_steinberg_white_maps_to_white
FNDA:0,_RNvMNtCsbtrXiB8aXK2_9palettify9algorithmNtB2_9Algorithm3run
FNDA:0,_RNvMNtCsbtrXiB8aXK2_9palettify9algorithmNtB2_9Algorithm8from_str
FNF:13
FNH:13
DA:28,24
DA:29,24
DA:30,24
DA:31,18
DA:32,10
DA:33,4
DA:35,24
DA:38,24
DA:39,24
DA:40,16
DA:41,4
DA:42,4
DA:44,24
DA:53,8
DA:54,8
DA:55,8
DA:56,8
DA:57,8
DA:59,8
DA:60,8
DA:61,8
DA:66,2
DA:67,2
DA:68,2
DA:69,2
DA:70,2
DA:73,2
DA:74,2
DA:75,2
DA:76,2
DA:77,2
DA:78,2
DA:81,2
DA:82,2
DA:83,2
DA:84,2
DA:85,2
DA:88,2
DA:89,2
DA:90,2
DA:91,2
DA:96,2
DA:97,2
DA:98,2
DA:99,2
DA:102,2
DA:103,2
DA:104,2
DA:105,2
DA:108,2
DA:109,2
DA:110,2
DA:111,2
DA:114,2
DA:115,2
DA:116,2
DA:117,2
DA:120,2
DA:121,2
DA:122,2
DA:123,6
DA:124,6
DA:125,6
DA:127,2
BRF:0
BRH:0
LF:64
LH:64
end_of_record
SF:A:\coding\rust\palettify\src\algorithm\nearest.rs
FN:7,_RNvNtNtCseGU69UR3UMz_9palettify9algorithm7nearest7process
FN:16,_RNCNvNtNtCseGU69UR3UMz_9palettify9algorithm7nearest7process0B7_
FN:16,_RNCNvNtNtCseCNn33MUbHc_9palettify9algorithm7nearest7process0B7_
FN:7,_RNvNtNtCseCNn33MUbHc_9palettify9algorithm7nearest7process
FN:16,_RNCNvNtNtCsiwcA9t8CxKq_9palettify9algorithm7nearest7process0B7_
FN:7,_RNvNtNtCsiwcA9t8CxKq_9palettify9algorithm7nearest7process
FN:7,_RNvNtNtCsbtrXiB8aXK2_9palettify9algorithm7nearest7process
FN:16,_RNCNvNtNtCsbtrXiB8aXK2_9palettify9algorithm7nearest7process0B7_
FNDA:4,_RNvNtNtCseGU69UR3UMz_9palettify9algorithm7nearest7process
FNDA:4,_RNCNvNtNtCseGU69UR3UMz_9palettify9algorithm7nearest7process0B7_
FNDA:8068,_RNCNvNtNtCseCNn33MUbHc_9palettify9algorithm7nearest7process0B7_
FNDA:6,_RNvNtNtCseCNn33MUbHc_9palettify9algorithm7nearest7process
FNDA:8068,_RNCNvNtNtCsiwcA9t8CxKq_9palettify9algorithm7nearest7process0B7_
FNDA:6,_RNvNtNtCsiwcA9t8CxKq_9palettify9algorithm7nearest7process
FNDA:0,_RNvNtNtCsbtrXiB8aXK2_9palettify9algorithm7nearest7process
FNDA:0,_RNCNvNtNtCsbtrXiB8aXK2_9palettify9algorithm7nearest7process0B7_
FNF:2
FNH:2
DA:7,16
DA:8,16
DA:9,16
DA:10,16
DA:12,16
DA:14,16
DA:15,16
DA:16,16140
DA:17,16140
DA:18,16140
DA:19,16140
DA:20,16140
DA:21,16140
DA:22,16
DA:24,16
DA:25,16
DA:26,16
BRF:0
BRH:0
LF:18
LH:18
end_of_record
SF:A:\coding\rust\palettify\src\algorithm\ordered.rs
FN:19,_RNvNtNtCseGU69UR3UMz_9palettify9algorithm7ordered7process
FN:29,_RNCNvNtNtCseGU69UR3UMz_9palettify9algorithm7ordered7process0B7_
FN:29,_RNCNvNtNtCseCNn33MUbHc_9palettify9algorithm7ordered7process0B7_
FN:19,_RNvNtNtCseCNn33MUbHc_9palettify9algorithm7ordered7process
FN:19,_RNvNtNtCsiwcA9t8CxKq_9palettify9algorithm7ordered7process
FN:29,_RNCNvNtNtCsiwcA9t8CxKq_9palettify9algorithm7ordered7process0B7_
FN:29,_RNCNvNtNtCsbtrXiB8aXK2_9palettify9algorithm7ordered7process0B7_
FN:19,_RNvNtNtCsbtrXiB8aXK2_9palettify9algorithm7ordered7process
FNDA:0,_RNvNtNtCseGU69UR3UMz_9palettify9algorithm7ordered7process
FNDA:0,_RNCNvNtNtCseGU69UR3UMz_9palettify9algorithm7ordered7process0B7_
FNDA:65,_RNCNvNtNtCseCNn33MUbHc_9palettify9algorithm7ordered7process0B7_
FNDA:2,_RNvNtNtCseCNn33MUbHc_9palettify9algorithm7ordered7process
FNDA:2,_RNvNtNtCsiwcA9t8CxKq_9palettify9algorithm7ordered7process
FNDA:65,_RNCNvNtNtCsiwcA9t8CxKq_9palettify9algorithm7ordered7process0B7_
FNDA:0,_RNCNvNtNtCsbtrXiB8aXK2_9palettify9algorithm7ordered7process0B7_
FNDA:0,_RNvNtNtCsbtrXiB8aXK2_9palettify9algorithm7ordered7process
FNF:2
FNH:2
DA:19,4
DA:20,4
DA:21,4
DA:22,4
DA:24,4
DA:26,4
DA:27,4
DA:28,4
DA:29,130
DA:30,130
DA:31,130
DA:32,130
DA:34,130
DA:36,130
DA:37,130
DA:38,130
DA:40,130
DA:41,130
DA:42,130
DA:43,130
DA:44,4
DA:46,4
DA:47,4
DA:48,4
BRF:0
BRH:0
LF:25
LH:25
end_of_record
SF:A:\coding\rust\palettify\src\api\extract.rs
FN:102,_RNvNtNtCseGU69UR3UMz_9palettify3api7extract15resolve_palette
FN:22,_RNvNtNtCseGU69UR3UMz_9palettify3api7extract23parse_process_multipart
FN:39,_RNCNCNvNtNtCseGU69UR3UMz_9palettify3api7extract23parse_process_multipart00B9_
FN:57,_RNCNCNvNtNtCseGU69UR3UMz_9palettify3api7extract23parse_process_multipart0s0_0B9_
FN:62,_RNCNCNvNtNtCseGU69UR3UMz_9palettify3api7extract23parse_process_multipart0s1_0B9_
FN:79,_RNCNCNvNtNtCseGU69UR3UMz_9palettify3api7extract23parse_process_multipart0s2_0B9_
FN:81,_RNCNCNvNtNtCseGU69UR3UMz_9palettify3api7extract23parse_process_multipart0s3_0B9_
FN:95,_RNCNCNvNtNtCseGU69UR3UMz_9palettify3api7extract23parse_process_multipart0s4_0B9_
FN:96,_RNCNCNvNtNtCseGU69UR3UMz_9palettify3api7extract23parse_process_multipart0s5_0B9_
FN:48,_RNCNCNvNtNtCseGU69UR3UMz_9palettify3api7extract23parse_process_multipart0s_0B9_
FN:112,_RNCNvNtNtCseGU69UR3UMz_9palettify3api7extract15resolve_palette0B7_
FN:25,_RNCNvNtNtCseGU69UR3UMz_9palettify3api7extract23parse_process_multipart0B7_
FN:39,_RNCNCNvNtNtCseCNn33MUbHc_9palettify3api7extract23parse_process_multipart00B9_
FN:57,_RNCNCNvNtNtCseCNn33MUbHc_9palettify3api7extract23parse_process_multipart0s0_0B9_
FN:62,_RNCNCNvNtNtCseCNn33MUbHc_9palettify3api7extract23parse_process_multipart0s1_0B9_
FN:79,_RNCNCNvNtNtCseCNn33MUbHc_9palettify3api7extract23parse_process_multipart0s2_0B9_
FN:81,_RNCNCNvNtNtCseCNn33MUbHc_9palettify3api7extract23parse_process_multipart0s3_0B9_
FN:95,_RNCNCNvNtNtCseCNn33MUbHc_9palettify3api7extract23parse_process_multipart0s4_0B9_
FN:96,_RNCNCNvNtNtCseCNn33MUbHc_9palettify3api7extract23parse_process_multipart0s5_0B9_
FN:48,_RNCNCNvNtNtCseCNn33MUbHc_9palettify3api7extract23parse_process_multipart0s_0B9_
FN:112,_RNCNvNtNtCseCNn33MUbHc_9palettify3api7extract15resolve_palette0B7_
FN:25,_RNCNvNtNtCseCNn33MUbHc_9palettify3api7extract23parse_process_multipart0B7_
FN:102,_RNvNtNtCseCNn33MUbHc_9palettify3api7extract15resolve_palette
FN:22,_RNvNtNtCseCNn33MUbHc_9palettify3api7extract23parse_process_multipart
FN:102,_RNvNtNtCsiwcA9t8CxKq_9palettify3api7extract15resolve_palette
FN:22,_RNvNtNtCsiwcA9t8CxKq_9palettify3api7extract23parse_process_multipart
FN:39,_RNCNCNvNtNtCsiwcA9t8CxKq_9palettify3api7extract23parse_process_multipart00B9_
FN:57,_RNCNCNvNtNtCsiwcA9t8CxKq_9palettify3api7extract23parse_process_multipart0s0_0B9_
FN:62,_RNCNCNvNtNtCsiwcA9t8CxKq_9palettify3api7extract23parse_process_multipart0s1_0B9_
FN:79,_RNCNCNvNtNtCsiwcA9t8CxKq_9palettify3api7extract23parse_process_multipart0s2_0B9_
FN:81,_RNCNCNvNtNtCsiwcA9t8CxKq_9palettify3api7extract23parse_process_multipart0s3_0B9_
FN:95,_RNCNCNvNtNtCsiwcA9t8CxKq_9palettify3api7extract23parse_process_multipart0s4_0B9_
FN:96,_RNCNCNvNtNtCsiwcA9t8CxKq_9palettify3api7extract23parse_process_multipart0s5_0B9_
FN:48,_RNCNCNvNtNtCsiwcA9t8CxKq_9palettify3api7extract23parse_process_multipart0s_0B9_
FN:112,_RNCNvNtNtCsiwcA9t8CxKq_9palettify3api7extract15resolve_palette0B7_
FN:25,_RNCNvNtNtCsiwcA9t8CxKq_9palettify3api7extract23parse_process_multipart0B7_
FN:39,_RNCNCNvNtNtCsbtrXiB8aXK2_9palettify3api7extract23parse_process_multipart00B9_
FN:57,_RNCNCNvNtNtCsbtrXiB8aXK2_9palettify3api7extract23parse_process_multipart0s0_0B9_
FN:62,_RNCNCNvNtNtCsbtrXiB8aXK2_9palettify3api7extract23parse_process_multipart0s1_0B9_
FN:79,_RNCNCNvNtNtCsbtrXiB8aXK2_9palettify3api7extract23parse_process_multipart0s2_0B9_
FN:81,_RNCNCNvNtNtCsbtrXiB8aXK2_9palettify3api7extract23parse_process_multipart0s3_0B9_
FN:95,_RNCNCNvNtNtCsbtrXiB8aXK2_9palettify3api7extract23parse_process_multipart0s4_0B9_
FN:96,_RNCNCNvNtNtCsbtrXiB8aXK2_9palettify3api7extract23parse_process_multipart0s5_0B9_
FN:48,_RNCNCNvNtNtCsbtrXiB8aXK2_9palettify3api7extract23parse_process_multipart0s_0B9_
FN:112,_RNCNvNtNtCsbtrXiB8aXK2_9palettify3api7extract15resolve_palette0B7_
FN:25,_RNCNvNtNtCsbtrXiB8aXK2_9palettify3api7extract23parse_process_multipart0B7_
FN:102,_RNvNtNtCsbtrXiB8aXK2_9palettify3api7extract15resolve_palette
FN:22,_RNvNtNtCsbtrXiB8aXK2_9palettify3api7extract23parse_process_multipart
FNDA:6,_RNvNtNtCseGU69UR3UMz_9palettify3api7extract15resolve_palette
FNDA:6,_RNvNtNtCseGU69UR3UMz_9palettify3api7extract23parse_process_multipart
FNDA:0,_RNCNCNvNtNtCseGU69UR3UMz_9palettify3api7extract23parse_process_multipart00B9_
FNDA:0,_RNCNCNvNtNtCseGU69UR3UMz_9palettify3api7extract23parse_process_multipart0s0_0B9_
FNDA:0,_RNCNCNvNtNtCseGU69UR3UMz_9palettify3api7extract23parse_process_multipart0s1_0B9_
FNDA:0,_RNCNCNvNtNtCseGU69UR3UMz_9palettify3api7extract23parse_process_multipart0s2_0B9_
FNDA:0,_RNCNCNvNtNtCseGU69UR3UMz_9palettify3api7extract23parse_process_multipart0s3_0B9_
FNDA:4,_RNCNCNvNtNtCseGU69UR3UMz_9palettify3api7extract23parse_process_multipart0s4_0B9_
FNDA:0,_RNCNCNvNtNtCseGU69UR3UMz_9palettify3api7extract23parse_process_multipart0s5_0B9_
FNDA:0,_RNCNCNvNtNtCseGU69UR3UMz_9palettify3api7extract23parse_process_multipart0s_0B9_
FNDA:1,_RNCNvNtNtCseGU69UR3UMz_9palettify3api7extract15resolve_palette0B7_
FNDA:6,_RNCNvNtNtCseGU69UR3UMz_9palettify3api7extract23parse_process_multipart0B7_
FNDA:0,_RNCNCNvNtNtCseCNn33MUbHc_9palettify3api7extract23parse_process_multipart00B9_
FNDA:0,_RNCNCNvNtNtCseCNn33MUbHc_9palettify3api7extract23parse_process_multipart0s0_0B9_
FNDA:0,_RNCNCNvNtNtCseCNn33MUbHc_9palettify3api7extract23parse_process_multipart0s1_0B9_
FNDA:0,_RNCNCNvNtNtCseCNn33MUbHc_9palettify3api7extract23parse_process_multipart0s2_0B9_
FNDA:0,_RNCNCNvNtNtCseCNn33MUbHc_9palettify3api7extract23parse_process_multipart0s3_0B9_
FNDA:0,_RNCNCNvNtNtCseCNn33MUbHc_9palettify3api7extract23parse_process_multipart0s4_0B9_
FNDA:0,_RNCNCNvNtNtCseCNn33MUbHc_9palettify3api7extract23parse_process_multipart0s5_0B9_
FNDA:0,_RNCNCNvNtNtCseCNn33MUbHc_9palettify3api7extract23parse_process_multipart0s_0B9_
FNDA:0,_RNCNvNtNtCseCNn33MUbHc_9palettify3api7extract15resolve_palette0B7_
FNDA:0,_RNCNvNtNtCseCNn33MUbHc_9palettify3api7extract23parse_process_multipart0B7_
FNDA:0,_RNvNtNtCseCNn33MUbHc_9palettify3api7extract15resolve_palette
FNDA:0,_RNvNtNtCseCNn33MUbHc_9palettify3api7extract23parse_process_multipart
FNDA:0,_RNvNtNtCsiwcA9t8CxKq_9palettify3api7extract15resolve_palette
FNDA:0,_RNvNtNtCsiwcA9t8CxKq_9palettify3api7extract23parse_process_multipart
FNDA:0,_RNCNCNvNtNtCsiwcA9t8CxKq_9palettify3api7extract23parse_process_multipart00B9_
FNDA:0,_RNCNCNvNtNtCsiwcA9t8CxKq_9palettify3api7extract23parse_process_multipart0s0_0B9_
FNDA:0,_RNCNCNvNtNtCsiwcA9t8CxKq_9palettify3api7extract23parse_process_multipart0s1_0B9_
FNDA:0,_RNCNCNvNtNtCsiwcA9t8CxKq_9palettify3api7extract23parse_process_multipart0s2_0B9_
FNDA:0,_RNCNCNvNtNtCsiwcA9t8CxKq_9palettify3api7extract23parse_process_multipart0s3_0B9_
FNDA:0,_RNCNCNvNtNtCsiwcA9t8CxKq_9palettify3api7extract23parse_process_multipart0s4_0B9_
FNDA:0,_RNCNCNvNtNtCsiwcA9t8CxKq_9palettify3api7extract23parse_process_multipart0s5_0B9_
FNDA:0,_RNCNCNvNtNtCsiwcA9t8CxKq_9palettify3api7extract23parse_process_multipart0s_0B9_
FNDA:0,_RNCNvNtNtCsiwcA9t8CxKq_9palettify3api7extract15resolve_palette0B7_
FNDA:0,_RNCNvNtNtCsiwcA9t8CxKq_9palettify3api7extract23parse_process_multipart0B7_
FNDA:0,_RNCNCNvNtNtCsbtrXiB8aXK2_9palettify3api7extract23parse_process_multipart00B9_
FNDA:0,_RNCNCNvNtNtCsbtrXiB8aXK2_9palettify3api7extract23parse_process_multipart0s0_0B9_
FNDA:0,_RNCNCNvNtNtCsbtrXiB8aXK2_9palettify3api7extract23parse_process_multipart0s1_0B9_
FNDA:0,_RNCNCNvNtNtCsbtrXiB8aXK2_9palettify3api7extract23parse_process_multipart0s2_0B9_
FNDA:0,_RNCNCNvNtNtCsbtrXiB8aXK2_9palettify3api7extract23parse_process_multipart0s3_0B9_
FNDA:0,_RNCNCNvNtNtCsbtrXiB8aXK2_9palettify3api7extract23parse_process_multipart0s4_0B9_
FNDA:0,_RNCNCNvNtNtCsbtrXiB8aXK2_9palettify3api7extract23parse_process_multipart0s5_0B9_
FNDA:0,_RNCNCNvNtNtCsbtrXiB8aXK2_9palettify3api7extract23parse_process_multipart0s_0B9_
FNDA:0,_RNCNvNtNtCsbtrXiB8aXK2_9palettify3api7extract15resolve_palette0B7_
FNDA:0,_RNCNvNtNtCsbtrXiB8aXK2_9palettify3api7extract23parse_process_multipart0B7_
FNDA:0,_RNvNtNtCsbtrXiB8aXK2_9palettify3api7extract15resolve_palette
FNDA:0,_RNvNtNtCsbtrXiB8aXK2_9palettify3api7extract23parse_process_multipart
FNF:12
FNH:5
DA:22,6
DA:23,6
DA:24,6
DA:25,6
DA:26,6
DA:27,6
DA:28,6
DA:29,6
DA:30,6
DA:32,18
DA:33,12
DA:34,12
DA:35,6
DA:36,6
DA:37,6
DA:38,6
DA:39,6
DA:40,6
DA:43,6
DA:44,5
DA:45,5
DA:46,5
DA:47,5
DA:48,5
DA:49,5
DA:50,5
DA:53,1
DA:54,0
DA:55,0
DA:56,0
DA:57,0
DA:59,0
DA:60,0
DA:61,0
DA:62,0
DA:63,0
DA:64,0
DA:66,0
DA:67,0
DA:68,0
DA:70,1
DA:71,1
DA:72,1
DA:73,1
DA:75,0
DA:76,0
DA:77,0
DA:78,0
DA:79,0
DA:81,0
DA:82,0
DA:83,0
DA:84,0
DA:85,0
DA:86,0
DA:88,0
DA:92,6
DA:94,4
DA:95,4
DA:96,4
DA:98,4
DA:99,6
DA:102,6
DA:103,6
DA:104,6
DA:105,6
DA:106,6
DA:107,6
DA:108,5
DA:109,5
DA:110,5
DA:111,5
DA:112,5
DA:115,0
DA:116,0
DA:117,0
DA:119,1
DA:120,1
DA:121,1
DA:123,6
BRF:0
BRH:0
LF:91
LH:55
end_of_record
SF:A:\coding\rust\palettify\src\api\health.rs
FN:19,_RNvNtNtCseGU69UR3UMz_9palettify3api6health6health
FN:19,_RNCNvNtNtCseGU69UR3UMz_9palettify3api6health6health0B7_
FN:19,_RNCNvNtNtCseCNn33MUbHc_9palettify3api6health6health0B7_
FN:19,_RNvNtNtCseCNn33MUbHc_9palettify3api6health6health
FN:19,_RNvNtNtCsiwcA9t8CxKq_9palettify3api6health6health
FN:19,_RNCNvNtNtCsiwcA9t8CxKq_9palettify3api6health6health0B7_
FN:19,_RNvNtNtCsbtrXiB8aXK2_9palettify3api6health6health
FN:19,_RNCNvNtNtCsbtrXiB8aXK2_9palettify3api6health6health0B7_
FNDA:5,_RNvNtNtCseGU69UR3UMz_9palettify3api6health6health
FNDA:5,_RNCNvNtNtCseGU69UR3UMz_9palettify3api6health6health0B7_
FNDA:0,_RNCNvNtNtCseCNn33MUbHc_9palettify3api6health6health0B7_
FNDA:0,_RNvNtNtCseCNn33MUbHc_9palettify3api6health6health
FNDA:0,_RNvNtNtCsiwcA9t8CxKq_9palettify3api6health6health
FNDA:0,_RNCNvNtNtCsiwcA9t8CxKq_9palettify3api6health6health0B7_
FNDA:0,_RNvNtNtCsbtrXiB8aXK2_9palettify3api6health6health
FNDA:0,_RNCNvNtNtCsbtrXiB8aXK2_9palettify3api6health6health0B7_
FNF:2
FNH:2
DA:19,5
DA:20,5
DA:21,5
DA:22,5
DA:23,5
DA:24,5
DA:25,5
DA:26,5
DA:27,5
BRF:0
BRH:0
LF:10
LH:10
end_of_record
SF:A:\coding\rust\palettify\src\api\output.rs
FN:56,_RNCNvNtNtCseGU69UR3UMz_9palettify3api6output20build_image_response0B7_
FN:34,_RNvMNtNtCseGU69UR3UMz_9palettify3api6outputNtB2_12OutputFormat12content_type
FN:26,_RNvMNtNtCseGU69UR3UMz_9palettify3api6outputNtB2_12OutputFormat12image_format
FN:42,_RNvMNtNtCseGU69UR3UMz_9palettify3api6outputNtB2_12OutputFormat3ext
FN:18,_RNvMNtNtCseGU69UR3UMz_9palettify3api6outputNtB2_12OutputFormat8from_str
FN:52,_RNvNtNtCseGU69UR3UMz_9palettify3api6output20build_image_response
FN:56,_RNCNvNtNtCseCNn33MUbHc_9palettify3api6output20build_image_response0B7_
FN:34,_RNvMNtNtCseCNn33MUbHc_9palettify3api6outputNtB2_12OutputFormat12content_type
FN:26,_RNvMNtNtCseCNn33MUbHc_9palettify3api6outputNtB2_12OutputFormat12image_format
FN:42,_RNvMNtNtCseCNn33MUbHc_9palettify3api6outputNtB2_12OutputFormat3ext
FN:18,_RNvMNtNtCseCNn33MUbHc_9palettify3api6outputNtB2_12OutputFormat8from_str
FN:52,_RNvNtNtCseCNn33MUbHc_9palettify3api6output20build_image_response
FN:105,_RNvNtNtNtCseCNn33MUbHc_9palettify3api6output5testss_10ext_values
FN:92,_RNvNtNtNtCseCNn33MUbHc_9palettify3api6output5testss_13from_str_webp
FN:98,_RNvNtNtNtCseCNn33MUbHc_9palettify3api6output5testss_19content_type_values
FN:85,_RNvNtNtNtCseCNn33MUbHc_9palettify3api6output5testss_22from_str_jpeg_variants
FN:78,_RNvNtNtNtCseCNn33MUbHc_9palettify3api6output5testss_24from_str_defaults_to_png
FN:112,_RNvNtNtNtCseCNn33MUbHc_9palettify3api6output5testss_36build_response_sets_content_type_png
FN:120,_RNvNtNtNtCseCNn33MUbHc_9palettify3api6output5testss_37build_response_sets_content_type_jpeg
FN:56,_RNCNvNtNtCsiwcA9t8CxKq_9palettify3api6output20build_image_response0B7_
FN:105,_RNvNtNtNtCsiwcA9t8CxKq_9palettify3api6output5testss_10ext_values
FN:92,_RNvNtNtNtCsiwcA9t8CxKq_9palettify3api6output5testss_13from_str_webp
FN:98,_RNvNtNtNtCsiwcA9t8CxKq_9palettify3api6output5testss_19content_type_values
FN:85,_RNvNtNtNtCsiwcA9t8CxKq_9palettify3api6output5testss_22from_str_jpeg_variants
FN:78,_RNvNtNtNtCsiwcA9t8CxKq_9palettify3api6output5testss_24from_str_defaults_to_png
FN:112,_RNvNtNtNtCsiwcA9t8CxKq_9palettify3api6output5testss_36build_response_sets_content_type_png
FN:120,_RNvNtNtNtCsiwcA9t8CxKq_9palettify3api6output5testss_37build_response_sets_content_type_jpeg
FN:34,_RNvMNtNtCsiwcA9t8CxKq_9palettify3api6outputNtB2_12OutputFormat12content_type
FN:26,_RNvMNtNtCsiwcA9t8CxKq_9palettify3api6outputNtB2_12OutputFormat12image_format
FN:42,_RNvMNtNtCsiwcA9t8CxKq_9palettify3api6outputNtB2_12OutputFormat3ext
FN:18,_RNvMNtNtCsiwcA9t8CxKq_9palettify3api6outputNtB2_12OutputFormat8from_str
FN:52,_RNvNtNtCsiwcA9t8CxKq_9palettify3api6output20build_image_response
FN:34,_RNvMNtNtCsbtrXiB8aXK2_9palettify3api6outputNtB2_12OutputFormat12content_type
FN:26,_RNvMNtNtCsbtrXiB8aXK2_9palettify3api6outputNtB2_12OutputFormat12image_format
FN:42,_RNvMNtNtCsbtrXiB8aXK2_9palettify3api6outputNtB2_12OutputFormat3ext
FN:18,_RNvMNtNtCsbtrXiB8aXK2_9palettify3api6outputNtB2_12OutputFormat8from_str
FN:52,_RNvNtNtCsbtrXiB8aXK2_9palettify3api6output20build_image_response
FN:56,_RNCNvNtNtCsbtrXiB8aXK2_9palettify3api6output20build_image_response0B7_
FNDA:0,_RNCNvNtNtCseGU69UR3UMz_9palettify3api6output20build_image_response0B7_
FNDA:4,_RNvMNtNtCseGU69UR3UMz_9palettify3api6outputNtB2_12OutputFormat12content_type
FNDA:4,_RNvMNtNtCseGU69UR3UMz_9palettify3api6outputNtB2_12OutputFormat12image_format
FNDA:4,_RNvMNtNtCseGU69UR3UMz_9palettify3api6outputNtB2_12OutputFormat3ext
FNDA:1,_RNvMNtNtCseGU69UR3UMz_9palettify3api6outputNtB2_12OutputFormat8from_str
FNDA:4,_RNvNtNtCseGU69UR3UMz_9palettify3api6output20build_image_response
FNDA:0,_RNCNvNtNtCseCNn33MUbHc_9palettify3api6output20build_image_response0B7_
FNDA:5,_RNvMNtNtCseCNn33MUbHc_9palettify3api6outputNtB2_12OutputFormat12content_type
FNDA:2,_RNvMNtNtCseCNn33MUbHc_9palettify3api6outputNtB2_12OutputFormat12image_format
FNDA:5,_RNvMNtNtCseCNn33MUbHc_9palettify3api6outputNtB2_12OutputFormat3ext
FNDA:7,_RNvMNtNtCseCNn33MUbHc_9palettify3api6outputNtB2_12OutputFormat8from_str
FNDA:2,_RNvNtNtCseCNn33MUbHc_9palettify3api6output20build_image_response
FNDA:1,_RNvNtNtNtCseCNn33MUbHc_9palettify3api6output5testss_10ext_values
FNDA:1,_RNvNtNtNtCseCNn33MUbHc_9palettify3api6output5testss_13from_str_webp
FNDA:1,_RNvNtNtNtCseCNn33MUbHc_9palettify3api6output5testss_19content_type_values
FNDA:1,_RNvNtNtNtCseCNn33MUbHc_9palettify3api6output5testss_22from_str_jpeg_variants
FNDA:1,_RNvNtNtNtCseCNn33MUbHc_9palettify3api6output5testss_24from_str_defaults_to_png
FNDA:1,_RNvNtNtNtCseCNn33MUbHc_9palettify3api6output5testss_36build_response_sets_content_type_png
FNDA:1,_RNvNtNtNtCseCNn33MUbHc_9palettify3api6output5testss_37build_response_sets_content_type_jpeg
FNDA:0,_RNCNvNtNtCsiwcA9t8CxKq_9palettify3api6output20build_image_response0B7_
FNDA:1,_RNvNtNtNtCsiwcA9t8CxKq_9palettify3api6output5testss_10ext_values
FNDA:1,_RNvNtNtNtCsiwcA9t8CxKq_9palettify3api6output5testss_13from_str_webp
FNDA:1,_RNvNtNtNtCsiwcA9t8CxKq_9palettify3api6output5testss_19content_type_values
FNDA:1,_RNvNtNtNtCsiwcA9t8CxKq_9palettify3api6output5testss_22from_str_jpeg_variants
FNDA:1,_RNvNtNtNtCsiwcA9t8CxKq_9palettify3api6output5testss_24from_str_defaults_to_png
FNDA:1,_RNvNtNtNtCsiwcA9t8CxKq_9palettify3api6output5testss_36build_response_sets_content_type_png
FNDA:1,_RNvNtNtNtCsiwcA9t8CxKq_9palettify3api6output5testss_37build_response_sets_content_type_jpeg
FNDA:5,_RNvMNtNtCsiwcA9t8CxKq_9palettify3api6outputNtB2_12OutputFormat12content_type
FNDA:2,_RNvMNtNtCsiwcA9t8CxKq_9palettify3api6outputNtB2_12OutputFormat12image_format
FNDA:5,_RNvMNtNtCsiwcA9t8CxKq_9palettify3api6outputNtB2_12OutputFormat3ext
FNDA:7,_RNvMNtNtCsiwcA9t8CxKq_9palettify3api6outputNtB2_12OutputFormat8from_str
FNDA:2,_RNvNtNtCsiwcA9t8CxKq_9palettify3api6output20build_image_response
FNDA:0,_RNvMNtNtCsbtrXiB8aXK2_9palettify3api6outputNtB2_12OutputFormat12content_type
FNDA:0,_RNvMNtNtCsbtrXiB8aXK2_9palettify3api6outputNtB2_12OutputFormat12image_format
FNDA:0,_RNvMNtNtCsbtrXiB8aXK2_9palettify3api6outputNtB2_12OutputFormat3ext
FNDA:0,_RNvMNtNtCsbtrXiB8aXK2_9palettify3api6outputNtB2_12OutputFormat8from_str
FNDA:0,_RNvNtNtCsbtrXiB8aXK2_9palettify3api6output20build_image_response
FNDA:0,_RNCNvNtNtCsbtrXiB8aXK2_9palettify3api6output20build_image_response0B7_
FNF:13
FNH:12
DA:18,15
DA:19,15
DA:20,15
DA:21,8
DA:22,4
DA:24,15
DA:26,8
DA:27,8
DA:28,5
DA:29,3
DA:30,0
DA:32,8
DA:34,14
DA:35,14
DA:36,7
DA:37,5
DA:38,2
DA:40,14
DA:42,14
DA:43,14
DA:44,7
DA:45,5
DA:46,2
DA:48,14
DA:52,8
DA:53,8
DA:54,8
DA:55,8
DA:56,8
DA:58,8
DA:60,8
DA:61,8
DA:62,8
DA:63,8
DA:64,8
DA:65,8
DA:66,8
DA:67,8
DA:68,8
DA:69,8
DA:70,8
DA:78,2
DA:79,2
DA:80,2
DA:81,2
DA:82,2
DA:85,2
DA:86,2
DA:87,2
DA:88,2
DA:89,2
DA:92,2
DA:93,2
DA:94,2
DA:95,2
DA:98,2
DA:99,2
DA:100,2
DA:101,2
DA:102,2
DA:105,2
DA:106,2
DA:107,2
DA:108,2
DA:109,2
DA:112,2
DA:113,2
DA:114,2
DA:115,2
DA:116,2
DA:117,2
DA:120,2
DA:121,2
DA:122,2
DA:123,2
DA:124,2
BRF:0
BRH:0
LF:77
LH:75
end_of_record
SF:A:\coding\rust\palettify\src\api\palettes.rs
FN:23,_RNvNtNtCseGU69UR3UMz_9palettify3api8palettes13list_palettes
FN:28,_RNCNCNvNtNtCseGU69UR3UMz_9palettify3api8palettes13list_palettes00B9_
FN:34,_RNCNCNvNtNtCseGU69UR3UMz_9palettify3api8palettes13list_palettes0s_0B9_
FN:23,_RNCNvNtNtCseGU69UR3UMz_9palettify3api8palettes13list_palettes0B7_
FN:23,_RNvNtNtCseCNn33MUbHc_9palettify3api8palettes13list_palettes
FN:28,_RNCNCNvNtNtCseCNn33MUbHc_9palettify3api8palettes13list_palettes00B9_
FN:34,_RNCNCNvNtNtCseCNn33MUbHc_9palettify3api8palettes13list_palettes0s_0B9_
FN:23,_RNCNvNtNtCseCNn33MUbHc_9palettify3api8palettes13list_palettes0B7_
FN:23,_RNvNtNtCsiwcA9t8CxKq_9palettify3api8palettes13list_palettes
FN:28,_RNCNCNvNtNtCsiwcA9t8CxKq_9palettify3api8palettes13list_palettes00B9_
FN:34,_RNCNCNvNtNtCsiwcA9t8CxKq_9palettify3api8palettes13list_palettes0s_0B9_
FN:23,_RNCNvNtNtCsiwcA9t8CxKq_9palettify3api8palettes13list_palettes0B7_
FN:28,_RNCNCNvNtNtCsbtrXiB8aXK2_9palettify3api8palettes13list_palettes00B9_
FN:34,_RNCNCNvNtNtCsbtrXiB8aXK2_9palettify3api8palettes13list_palettes0s_0B9_
FN:23,_RNCNvNtNtCsbtrXiB8aXK2_9palettify3api8palettes13list_palettes0B7_
FN:23,_RNvNtNtCsbtrXiB8aXK2_9palettify3api8palettes13list_palettes
FNDA:5,_RNvNtNtCseGU69UR3UMz_9palettify3api8palettes13list_palettes
FNDA:50,_RNCNCNvNtNtCseGU69UR3UMz_9palettify3api8palettes13list_palettes00B9_
FNDA:149,_RNCNCNvNtNtCseGU69UR3UMz_9palettify3api8palettes13list_palettes0s_0B9_
FNDA:5,_RNCNvNtNtCseGU69UR3UMz_9palettify3api8palettes13list_palettes0B7_
FNDA:0,_RNvNtNtCseCNn33MUbHc_9palettify3api8palettes13list_palettes
FNDA:0,_RNCNCNvNtNtCseCNn33MUbHc_9palettify3api8palettes13list_palettes00B9_
FNDA:0,_RNCNCNvNtNtCseCNn33MUbHc_9palettify3api8palettes13list_palettes0s_0B9_
FNDA:0,_RNCNvNtNtCseCNn33MUbHc_9palettify3api8palettes13list_palettes0B7_
FNDA:0,_RNvNtNtCsiwcA9t8CxKq_9palettify3api8palettes13list_palettes
FNDA:0,_RNCNCNvNtNtCsiwcA9t8CxKq_9palettify3api8palettes13list_palettes00B9_
FNDA:0,_RNCNCNvNtNtCsiwcA9t8CxKq_9palettify3api8palettes13list_palettes0s_0B9_
FNDA:0,_RNCNvNtNtCsiwcA9t8CxKq_9palettify3api8palettes13list_palettes0B7_
FNDA:0,_RNCNCNvNtNtCsbtrXiB8aXK2_9palettify3api8palettes13list_palettes00B9_
FNDA:0,_RNCNCNvNtNtCsbtrXiB8aXK2_9palettify3api8palettes13list_palettes0s_0B9_
FNDA:0,_RNCNvNtNtCsbtrXiB8aXK2_9palettify3api8palettes13list_palettes0B7_
FNDA:0,_RNvNtNtCsbtrXiB8aXK2_9palettify3api8palettes13list_palettes
FNF:4
FNH:4
DA:23,5
DA:24,5
DA:25,5
DA:26,5
DA:27,5
DA:28,50
DA:29,50
DA:30,50
DA:31,50
DA:32,5
DA:34,149
DA:36,5
DA:37,5
DA:38,5
DA:39,5
DA:40,5
BRF:0
BRH:0
LF:18
LH:18
end_of_record
SF:A:\coding\rust\palettify\src\api\process.rs
FN:26,_RNvNtNtCseGU69UR3UMz_9palettify3api7process7process
FN:33,_RNCNCNvNtNtCseGU69UR3UMz_9palettify3api7process7process00B9_
FN:39,_RNCNCNvNtNtCseGU69UR3UMz_9palettify3api7process7process0s0_0B9_
FN:35,_RNCNCNvNtNtCseGU69UR3UMz_9palettify3api7process7process0s_0B9_
FN:29,_RNCNvNtNtCseGU69UR3UMz_9palettify3api7process7process0B7_
FN:26,_RNvNtNtCseCNn33MUbHc_9palettify3api7process7process
FN:33,_RNCNCNvNtNtCseCNn33MUbHc_9palettify3api7process7process00B9_
FN:39,_RNCNCNvNtNtCseCNn33MUbHc_9palettify3api7process7process0s0_0B9_
FN:35,_RNCNCNvNtNtCseCNn33MUbHc_9palettify3api7process7process0s_0B9_
FN:29,_RNCNvNtNtCseCNn33MUbHc_9palettify3api7process7process0B7_
FN:26,_RNvNtNtCsiwcA9t8CxKq_9palettify3api7process7process
FN:33,_RNCNCNvNtNtCsiwcA9t8CxKq_9palettify3api7process7process00B9_
FN:39,_RNCNCNvNtNtCsiwcA9t8CxKq_9palettify3api7process7process0s0_0B9_
FN:35,_RNCNCNvNtNtCsiwcA9t8CxKq_9palettify3api7process7process0s_0B9_
FN:29,_RNCNvNtNtCsiwcA9t8CxKq_9palettify3api7process7process0B7_
FN:26,_RNvNtNtCsbtrXiB8aXK2_9palettify3api7process7process
FN:33,_RNCNCNvNtNtCsbtrXiB8aXK2_9palettify3api7process7process00B9_
FN:39,_RNCNCNvNtNtCsbtrXiB8aXK2_9palettify3api7process7process0s0_0B9_
FN:35,_RNCNCNvNtNtCsbtrXiB8aXK2_9palettify3api7process7process0s_0B9_
FN:29,_RNCNvNtNtCsbtrXiB8aXK2_9palettify3api7process7process0B7_
FNDA:6,_RNvNtNtCseGU69UR3UMz_9palettify3api7process7process
FNDA:0,_RNCNCNvNtNtCseGU69UR3UMz_9palettify3api7process7process00B9_
FNDA:0,_RNCNCNvNtNtCseGU69UR3UMz_9palettify3api7process7process0s0_0B9_
FNDA:4,_RNCNCNvNtNtCseGU69UR3UMz_9palettify3api7process7process0s_0B9_
FNDA:6,_RNCNvNtNtCseGU69UR3UMz_9palettify3api7process7process0B7_
FNDA:0,_RNvNtNtCseCNn33MUbHc_9palettify3api7process7process
FNDA:0,_RNCNCNvNtNtCseCNn33MUbHc_9palettify3api7process7process00B9_
FNDA:0,_RNCNCNvNtNtCseCNn33MUbHc_9palettify3api7process7process0s0_0B9_
FNDA:0,_RNCNCNvNtNtCseCNn33MUbHc_9palettify3api7process7process0s_0B9_
FNDA:0,_RNCNvNtNtCseCNn33MUbHc_9palettify3api7process7process0B7_
FNDA:0,_RNvNtNtCsiwcA9t8CxKq_9palettify3api7process7process
FNDA:0,_RNCNCNvNtNtCsiwcA9t8CxKq_9palettify3api7process7process00B9_
FNDA:0,_RNCNCNvNtNtCsiwcA9t8CxKq_9palettify3api7process7process0s0_0B9_
FNDA:0,_RNCNCNvNtNtCsiwcA9t8CxKq_9palettify3api7process7process0s_0B9_
FNDA:0,_RNCNvNtNtCsiwcA9t8CxKq_9palettify3api7process7process0B7_
FNDA:0,_RNvNtNtCsbtrXiB8aXK2_9palettify3api7process7process
FNDA:0,_RNCNCNvNtNtCsbtrXiB8aXK2_9palettify3api7process7process00B9_
FNDA:0,_RNCNCNvNtNtCsbtrXiB8aXK2_9palettify3api7process7process0s0_0B9_
FNDA:0,_RNCNCNvNtNtCsbtrXiB8aXK2_9palettify3api7process7process0s_0B9_
FNDA:0,_RNCNvNtNtCsbtrXiB8aXK2_9palettify3api7process7process0B7_
FNF:5
FNH:3
DA:26,6
DA:27,6
DA:28,6
DA:29,6
DA:30,6
DA:32,4
DA:33,4
DA:35,4
DA:36,4
DA:37,4
DA:38,4
DA:39,4
DA:41,4
DA:42,6
BRF:0
BRH:0
LF:18
LH:16
end_of_record
SF:A:\coding\rust\palettify\src\color.rs
FN:32,_RNvNtCseGU69UR3UMz_9palettify5color12rgb_to_oklabB3_
FN:14,_RNvNtCseGU69UR3UMz_9palettify5color14linear_to_srgbB3_
FN:3,_RNvNtCseGU69UR3UMz_9palettify5color14srgb_to_linearB3_
FN:57,_RNvNtCseGU69UR3UMz_9palettify5color9parse_hex
FN:32,_RNvNtCseGU69UR3UMz_9palettify5color12rgb_to_oklabCs8g7bbYUiIVU_8palettes
FN:3,_RNvNtCseGU69UR3UMz_9palettify5color14srgb_to_linearCs8g7bbYUiIVU_8palettes
FN:83,_RNvNtNtCseCNn33MUbHc_9palettify5color5testss_19parse_hex_uppercase
FN:73,_RNvNtNtCseCNn33MUbHc_9palettify5color5testss_19parse_hex_with_hash
FN:117,_RNvNtNtCseCNn33MUbHc_9palettify5color5testss_21srgb_linear_roundtrip
FN:78,_RNvNtNtCseCNn33MUbHc_9palettify5color5testss_22parse_hex_without_hash
FN:88,_RNvNtNtCseCNn33MUbHc_9palettify5color5testss_23parse_hex_rejects_short
FN:104,_RNvNtNtCseCNn33MUbHc_9palettify5color5testss_23white_has_max_lightness
FN:98,_RNvNtNtCseCNn33MUbHc_9palettify5color5testss_24black_has_zero_lightness
FN:110,_RNvNtNtCseCNn33MUbHc_9palettify5color5testss_31neutral_grays_have_near_zero_ab
FN:93,_RNvNtNtCseCNn33MUbHc_9palettify5color5testss_31parse_hex_rejects_invalid_chars
FN:126,_RNvNtNtCseCNn33MUbHc_9palettify5color5testss_34linear_to_srgb_clamps_out_of_range
FN:32,_RNvNtCseCNn33MUbHc_9palettify5color12rgb_to_oklabB3_
FN:14,_RNvNtCseCNn33MUbHc_9palettify5color14linear_to_srgbB3_
FN:3,_RNvNtCseCNn33MUbHc_9palettify5color14srgb_to_linearB3_
FN:57,_RNvNtCseCNn33MUbHc_9palettify5color9parse_hex
FN:83,_RNvNtNtCsiwcA9t8CxKq_9palettify5color5testss_19parse_hex_uppercase
FN:73,_RNvNtNtCsiwcA9t8CxKq_9palettify5color5testss_19parse_hex_with_hash
FN:117,_RNvNtNtCsiwcA9t8CxKq_9palettify5color5testss_21srgb_linear_roundtrip
FN:78,_RNvNtNtCsiwcA9t8CxKq_9palettify5color5testss_22parse_hex_without_hash
FN:88,_RNvNtNtCsiwcA9t8CxKq_9palettify5color5testss_23parse_hex_rejects_short
FN:104,_RNvNtNtCsiwcA9t8CxKq_9palettify5color5testss_23white_has_max_lightness
FN:98,_RNvNtNtCsiwcA9t8CxKq_9palettify5color5testss_24black_has_zero_lightness
FN:110,_RNvNtNtCsiwcA9t8CxKq_9palettify5color5testss_31neutral_grays_have_near_zero_ab
FN:93,_RNvNtNtCsiwcA9t8CxKq_9palettify5color5testss_31parse_hex_rejects_invalid_chars
FN:126,_RNvNtNtCsiwcA9t8CxKq_9palettify5color5testss_34linear_to_srgb_clamps_out_of_range
FN:32,_RNvNtCsiwcA9t8CxKq_9palettify5color12rgb_to_oklabB3_
FN:14,_RNvNtCsiwcA9t8CxKq_9palettify5color14linear_to_srgbB3_
FN:3,_RNvNtCsiwcA9t8CxKq_9palettify5color14srgb_to_linearB3_
FN:57,_RNvNtCsiwcA9t8CxKq_9palettify5color9parse_hex
FN:32,_RNvNtCsbtrXiB8aXK2_9palettify5color12rgb_to_oklabB3_
FN:14,_RNvNtCsbtrXiB8aXK2_9palettify5color14linear_to_srgbB3_
FN:3,_RNvNtCsbtrXiB8aXK2_9palettify5color14srgb_to_linearB3_
FN:57,_RNvNtCsbtrXiB8aXK2_9palettify5color9parse_hex
FNDA:3508,_RNvNtCseGU69UR3UMz_9palettify5color12rgb_to_oklabB3_
FNDA:0,_RNvNtCseGU69UR3UMz_9palettify5color14linear_to_srgbB3_
FNDA:10524,_RNvNtCseGU69UR3UMz_9palettify5color14srgb_to_linearB3_
FNDA:3504,_RNvNtCseGU69UR3UMz_9palettify5color9parse_hex
FNDA:1,_RNvNtCseGU69UR3UMz_9palettify5color12rgb_to_oklabCs8g7bbYUiIVU_8palettes
FNDA:3,_RNvNtCseGU69UR3UMz_9palettify5color14srgb_to_linearCs8g7bbYUiIVU_8palettes
FNDA:1,_RNvNtNtCseCNn33MUbHc_9palettify5color5testss_19parse_hex_uppercase
FNDA:1,_RNvNtNtCseCNn33MUbHc_9palettify5color5testss_19parse_hex_with_hash
FNDA:1,_RNvNtNtCseCNn33MUbHc_9palettify5color5testss_21srgb_linear_roundtrip
FNDA:1,_RNvNtNtCseCNn33MUbHc_9palettify5color5testss_22parse_hex_without_hash
FNDA:1,_RNvNtNtCseCNn33MUbHc_9palettify5color5testss_23parse_hex_rejects_short
FNDA:1,_RNvNtNtCseCNn33MUbHc_9palettify5color5testss_23white_has_max_lightness
FNDA:1,_RNvNtNtCseCNn33MUbHc_9palettify5color5testss_24black_has_zero_lightness
FNDA:1,_RNvNtNtCseCNn33MUbHc_9palettify5color5testss_31neutral_grays_have_near_zero_ab
FNDA:1,_RNvNtNtCseCNn33MUbHc_9palettify5color5testss_31parse_hex_rejects_invalid_chars
FNDA:1,_RNvNtNtCseCNn33MUbHc_9palettify5color5testss_34linear_to_srgb_clamps_out_of_range
FNDA:8236,_RNvNtCseCNn33MUbHc_9palettify5color12rgb_to_oklabB3_
FNDA:205,_RNvNtCseCNn33MUbHc_9palettify5color14linear_to_srgbB3_
FNDA:25106,_RNvNtCseCNn33MUbHc_9palettify5color14srgb_to_linearB3_
FNDA:39,_RNvNtCseCNn33MUbHc_9palettify5color9parse_hex
FNDA:1,_RNvNtNtCsiwcA9t8CxKq_9palettify5color5testss_19parse_hex_uppercase
FNDA:1,_RNvNtNtCsiwcA9t8CxKq_9palettify5color5testss_19parse_hex_with_hash
FNDA:1,_RNvNtNtCsiwcA9t8CxKq_9palettify5color5testss_21srgb_linear_roundtrip
FNDA:1,_RNvNtNtCsiwcA9t8CxKq_9palettify5color5testss_22parse_hex_without_hash
FNDA:1,_RNvNtNtCsiwcA9t8CxKq_9palettify5color5testss_23parse_hex_rejects_short
FNDA:1,_RNvNtNtCsiwcA9t8CxKq_9palettify5color5testss_23white_has_max_lightness
FNDA:1,_RNvNtNtCsiwcA9t8CxKq_9palettify5color5testss_24black_has_zero_lightness
FNDA:1,_RNvNtNtCsiwcA9t8CxKq_9palettify5color5testss_31neutral_grays_have_near_zero_ab
FNDA:1,_RNvNtNtCsiwcA9t8CxKq_9palettify5color5testss_31parse_hex_rejects_invalid_chars
FNDA:1,_RNvNtNtCsiwcA9t8CxKq_9palettify5color5testss_34linear_to_srgb_clamps_out_of_range
FNDA:8236,_RNvNtCsiwcA9t8CxKq_9palettify5color12rgb_to_oklabB3_
FNDA:205,_RNvNtCsiwcA9t8CxKq_9palettify5color14linear_to_srgbB3_
FNDA:25106,_RNvNtCsiwcA9t8CxKq_9palettify5color14srgb_to_linearB3_
FNDA:39,_RNvNtCsiwcA9t8CxKq_9palettify5color9parse_hex
FNDA:0,_RNvNtCsbtrXiB8aXK2_9palettify5color12rgb_to_oklabB3_
FNDA:0,_RNvNtCsbtrXiB8aXK2_9palettify5color14linear_to_srgbB3_
FNDA:0,_RNvNtCsbtrXiB8aXK2_9palettify5color14srgb_to_linearB3_
FNDA:0,_RNvNtCsbtrXiB8aXK2_9palettify5color9parse_hex
FNF:14
FNH:14
DA:3,60739
DA:4,60739
DA:5,60739
DA:6,50043
DA:8,10696
DA:10,60739
DA:14,410
DA:15,410
DA:16,410
DA:17,392
DA:19,18
DA:21,410
DA:22,410
DA:32,19981
DA:33,19981
DA:34,19981
DA:35,19981
DA:38,19981
DA:39,19981
DA:40,19981
DA:43,19981
DA:44,19981
DA:45,19981
DA:48,19981
DA:49,19981
DA:50,19981
DA:51,19981
DA:52,19981
DA:53,19981
DA:57,3582
DA:58,3582
DA:59,3582
DA:60,2
DA:61,3580
DA:62,3580
DA:63,3576
DA:64,3576
DA:65,3576
DA:66,3582
DA:73,2
DA:74,2
DA:75,2
DA:78,2
DA:79,2
DA:80,2
DA:83,2
DA:84,2
DA:85,2
DA:88,2
DA:89,2
DA:90,2
DA:93,2
DA:94,2
DA:95,2
DA:98,2
DA:99,2
DA:100,2
DA:101,2
DA:104,2
DA:105,2
DA:106,2
DA:107,2
DA:110,2
DA:111,2
DA:112,2
DA:113,2
DA:114,2
DA:117,2
DA:118,16
DA:119,16
DA:120,16
DA:121,16
DA:123,2
DA:126,2
DA:127,2
DA:128,2
DA:129,2
BRF:0
BRH:0
LF:77
LH:77
end_of_record
SF:A:\coding\rust\palettify\src\config.rs
FN:122,_RNvMs_NtCseGU69UR3UMz_9palettify6configNtB4_6Config12auth_enabled
FN:118,_RNvMs_NtCseGU69UR3UMz_9palettify6configNtB4_6Config13is_production
FN:55,_RNvMs_NtCseGU69UR3UMz_9palettify6configNtB4_6Config8from_env
FN:10,_RNvXNtCseGU69UR3UMz_9palettify6configNtB2_11EnvironmentNtNtCs4TwWhthMkYr_4core7default7Default7default
FN:76,_RNCNCNvMs_NtCseGU69UR3UMz_9palettify6configNtB8_6Config8from_envs1_00Ba_
FN:77,_RNCNCNvMs_NtCseGU69UR3UMz_9palettify6configNtB8_6Config8from_envs1_0s_0Ba_
FN:58,_RNCNvMs_NtCseGU69UR3UMz_9palettify6configNtB6_6Config8from_env0B8_
FN:73,_RNCNvMs_NtCseGU69UR3UMz_9palettify6configNtB6_6Config8from_envs0_0B8_
FN:74,_RNCNvMs_NtCseGU69UR3UMz_9palettify6configNtB6_6Config8from_envs1_0B8_
FN:83,_RNCNvMs_NtCseGU69UR3UMz_9palettify6configNtB6_6Config8from_envs2_0B8_
FN:89,_RNCNvMs_NtCseGU69UR3UMz_9palettify6configNtB6_6Config8from_envs3_0B8_
FN:92,_RNCNvMs_NtCseGU69UR3UMz_9palettify6configNtB6_6Config8from_envs4_0B8_
FN:96,_RNCNvMs_NtCseGU69UR3UMz_9palettify6configNtB6_6Config8from_envs5_0B8_
FN:101,_RNCNvMs_NtCseGU69UR3UMz_9palettify6configNtB6_6Config8from_envs6_0B8_
FN:69,_RNCNvMs_NtCseGU69UR3UMz_9palettify6configNtB6_6Config8from_envs_0B8_
FN:10,_RNvXNtCseCNn33MUbHc_9palettify6configNtB2_11EnvironmentNtNtCs4TwWhthMkYr_4core7default7Default7default
FN:137,_RNvNtNtCseCNn33MUbHc_9palettify6config5testss_20defaults_without_env
FN:189,_RNvNtNtCseCNn33MUbHc_9palettify6config5testss_21custom_port_is_parsed
FN:165,_RNvNtNtCseCNn33MUbHc_9palettify6config5testss_24api_keys_parsed_from_csv
FN:156,_RNvNtNtCseCNn33MUbHc_9palettify6config5testss_27production_environment_flag
FN:198,_RNvNtNtCseCNn33MUbHc_9palettify6config5testss_30max_upload_mb_scales_correctly
FN:180,_RNvNtNtCseCNn33MUbHc_9palettify6config5testss_35empty_api_keys_string_disables_auth
FN:76,_RNCNCNvMs_NtCseCNn33MUbHc_9palettify6configNtB8_6Config8from_envs1_00Ba_
FN:77,_RNCNCNvMs_NtCseCNn33MUbHc_9palettify6configNtB8_6Config8from_envs1_0s_0Ba_
FN:58,_RNCNvMs_NtCseCNn33MUbHc_9palettify6configNtB6_6Config8from_env0B8_
FN:73,_RNCNvMs_NtCseCNn33MUbHc_9palettify6configNtB6_6Config8from_envs0_0B8_
FN:74,_RNCNvMs_NtCseCNn33MUbHc_9palettify6configNtB6_6Config8from_envs1_0B8_
FN:83,_RNCNvMs_NtCseCNn33MUbHc_9palettify6configNtB6_6Config8from_envs2_0B8_
FN:89,_RNCNvMs_NtCseCNn33MUbHc_9palettify6configNtB6_6Config8from_envs3_0B8_
FN:92,_RNCNvMs_NtCseCNn33MUbHc_9palettify6configNtB6_6Config8from_envs4_0B8_
FN:96,_RNCNvMs_NtCseCNn33MUbHc_9palettify6configNtB6_6Config8from_envs5_0B8_
FN:101,_RNCNvMs_NtCseCNn33MUbHc_9palettify6configNtB6_6Config8from_envs6_0B8_
FN:69,_RNCNvMs_NtCseCNn33MUbHc_9palettify6configNtB6_6Config8from_envs_0B8_
FN:122,_RNvMs_NtCseCNn33MUbHc_9palettify6configNtB4_6Config12auth_enabled
FN:118,_RNvMs_NtCseCNn33MUbHc_9palettify6configNtB4_6Config13is_production
FN:55,_RNvMs_NtCseCNn33MUbHc_9palettify6configNtB4_6Config8from_env
FN:10,_RNvXNtCsiwcA9t8CxKq_9palettify6configNtB2_11EnvironmentNtNtCs4TwWhthMkYr_4core7default7Default7default
FN:122,_RNvMs_NtCsiwcA9t8CxKq_9palettify6configNtB4_6Config12auth_enabled
FN:118,_RNvMs_NtCsiwcA9t8CxKq_9palettify6configNtB4_6Config13is_production
FN:55,_RNvMs_NtCsiwcA9t8CxKq_9palettify6configNtB4_6Config8from_env
FN:76,_RNCNCNvMs_NtCsiwcA9t8CxKq_9palettify6configNtB8_6Config8from_envs1_00Ba_
FN:77,_RNCNCNvMs_NtCsiwcA9t8CxKq_9palettify6configNtB8_6Config8from_envs1_0s_0Ba_
FN:58,_RNCNvMs_NtCsiwcA9t8CxKq_9palettify6configNtB6_6Config8from_env0B8_
FN:73,_RNCNvMs_NtCsiwcA9t8CxKq_9palettify6configNtB6_6Config8from_envs0_0B8_
FN:74,_RNCNvMs_NtCsiwcA9t8CxKq_9palettify6configNtB6_6Config8from_envs1_0B8_
FN:83,_RNCNvMs_NtCsiwcA9t8CxKq_9palettify6configNtB6_6Config8from_envs2_0B8_
FN:89,_RNCNvMs_NtCsiwcA9t8CxKq_9palettify6configNtB6_6Config8from_envs3_0B8_
FN:92,_RNCNvMs_NtCsiwcA9t8CxKq_9palettify6configNtB6_6Config8from_envs4_0B8_
FN:96,_RNCNvMs_NtCsiwcA9t8CxKq_9palettify6configNtB6_6Config8from_envs5_0B8_
FN:101,_RNCNvMs_NtCsiwcA9t8CxKq_9palettify6configNtB6_6Config8from_envs6_0B8_
FN:69,_RNCNvMs_NtCsiwcA9t8CxKq_9palettify6configNtB6_6Config8from_envs_0B8_
FN:137,_RNvNtNtCsiwcA9t8CxKq_9palettify6config5testss_20defaults_without_env
FN:189,_RNvNtNtCsiwcA9t8CxKq_9palettify6config5testss_21custom_port_is_parsed
FN:165,_RNvNtNtCsiwcA9t8CxKq_9palettify6config5testss_24api_keys_parsed_from_csv
FN:156,_RNvNtNtCsiwcA9t8CxKq_9palettify6config5testss_27production_environment_flag
FN:198,_RNvNtNtCsiwcA9t8CxKq_9palettify6config5testss_30max_upload_mb_scales_correctly
FN:180,_RNvNtNtCsiwcA9t8CxKq_9palettify6config5testss_35empty_api_keys_string_disables_auth
FN:118,_RNvMs_NtCsbtrXiB8aXK2_9palettify6configNtB4_6Config13is_production
FN:10,_RNvXNtCsbtrXiB8aXK2_9palettify6configNtB2_11EnvironmentNtNtCs4TwWhthMkYr_4core7default7Default7default
FN:76,_RNCNCNvMs_NtCsbtrXiB8aXK2_9palettify6configNtB8_6Config8from_envs1_00Ba_
FN:77,_RNCNCNvMs_NtCsbtrXiB8aXK2_9palettify6configNtB8_6Config8from_envs1_0s_0Ba_
FN:58,_RNCNvMs_NtCsbtrXiB8aXK2_9palettify6configNtB6_6Config8from_env0B8_
FN:73,_RNCNvMs_NtCsbtrXiB8aXK2_9palettify6configNtB6_6Config8from_envs0_0B8_
FN:74,_RNCNvMs_NtCsbtrXiB8aXK2_9palettify6configNtB6_6Config8from_envs1_0B8_
FN:83,_RNCNvMs_NtCsbtrXiB8aXK2_9palettify6configNtB6_6Config8from_envs2_0B8_
FN:89,_RNCNvMs_NtCsbtrXiB8aXK2_9palettify6configNtB6_6Config8from_envs3_0B8_
FN:92,_RNCNvMs_NtCsbtrXiB8aXK2_9palettify6configNtB6_6Config8from_envs4_0B8_
FN:96,_RNCNvMs_NtCsbtrXiB8aXK2_9palettify6configNtB6_6Config8from_envs5_0B8_
FN:101,_RNCNvMs_NtCsbtrXiB8aXK2_9palettify6configNtB6_6Config8from_envs6_0B8_
FN:69,_RNCNvMs_NtCsbtrXiB8aXK2_9palettify6configNtB6_6Config8from_envs_0B8_
FN:122,_RNvMs_NtCsbtrXiB8aXK2_9palettify6configNtB4_6Config12auth_enabled
FN:55,_RNvMs_NtCsbtrXiB8aXK2_9palettify6configNtB4_6Config8from_env
FNDA:5,_RNvMs_NtCseGU69UR3UMz_9palettify6configNtB4_6Config12auth_enabled
FNDA:0,_RNvMs_NtCseGU69UR3UMz_9palettify6configNtB4_6Config13is_production
FNDA:0,_RNvMs_NtCseGU69UR3UMz_9palettify6configNtB4_6Config8from_env
FNDA:0,_RNvXNtCseGU69UR3UMz_9palettify6configNtB2_11EnvironmentNtNtCs4TwWhthMkYr_4core7default7Default7default
FNDA:0,_RNCNCNvMs_NtCseGU69UR3UMz_9palettify6configNtB8_6Config8from_envs1_00Ba_
FNDA:0,_RNCNCNvMs_NtCseGU69UR3UMz_9palettify6configNtB8_6Config8from_envs1_0s_0Ba_
FNDA:0,_RNCNvMs_NtCseGU69UR3UMz_9palettify6configNtB6_6Config8from_env0B8_
FNDA:0,_RNCNvMs_NtCseGU69UR3UMz_9palettify6configNtB6_6Config8from_envs0_0B8_
FNDA:0,_RNCNvMs_NtCseGU69UR3UMz_9palettify6configNtB6_6Config8from_envs1_0B8_
FNDA:0,_RNCNvMs_NtCseGU69UR3UMz_9palettify6configNtB6_6Config8from_envs2_0B8_
FNDA:0,_RNCNvMs_NtCseGU69UR3UMz_9palettify6configNtB6_6Config8from_envs3_0B8_
FNDA:0,_RNCNvMs_NtCseGU69UR3UMz_9palettify6configNtB6_6Config8from_envs4_0B8_
FNDA:0,_RNCNvMs_NtCseGU69UR3UMz_9palettify6configNtB6_6Config8from_envs5_0B8_
FNDA:0,_RNCNvMs_NtCseGU69UR3UMz_9palettify6configNtB6_6Config8from_envs6_0B8_
FNDA:0,_RNCNvMs_NtCseGU69UR3UMz_9palettify6configNtB6_6Config8from_envs_0B8_
FNDA:0,_RNvXNtCseCNn33MUbHc_9palettify6configNtB2_11EnvironmentNtNtCs4TwWhthMkYr_4core7default7Default7default
FNDA:1,_RNvNtNtCseCNn33MUbHc_9palettify6config5testss_20defaults_without_env
FNDA:1,_RNvNtNtCseCNn33MUbHc_9palettify6config5testss_21custom_port_is_parsed
FNDA:1,_RNvNtNtCseCNn33MUbHc_9palettify6config5testss_24api_keys_parsed_from_csv
FNDA:1,_RNvNtNtCseCNn33MUbHc_9palettify6config5testss_27production_environment_flag
FNDA:1,_RNvNtNtCseCNn33MUbHc_9palettify6config5testss_30max_upload_mb_scales_correctly
FNDA:1,_RNvNtNtCseCNn33MUbHc_9palettify6config5testss_35empty_api_keys_string_disables_auth
FNDA:3,_RNCNCNvMs_NtCseCNn33MUbHc_9palettify6configNtB8_6Config8from_envs1_00Ba_
FNDA:3,_RNCNCNvMs_NtCseCNn33MUbHc_9palettify6configNtB8_6Config8from_envs1_0s_0Ba_
FNDA:1,_RNCNvMs_NtCseCNn33MUbHc_9palettify6configNtB6_6Config8from_env0B8_
FNDA:2,_RNCNvMs_NtCseCNn33MUbHc_9palettify6configNtB6_6Config8from_envs0_0B8_
FNDA:1,_RNCNvMs_NtCseCNn33MUbHc_9palettify6configNtB6_6Config8from_envs1_0B8_
FNDA:1,_RNCNvMs_NtCseCNn33MUbHc_9palettify6configNtB6_6Config8from_envs2_0B8_
FNDA:0,_RNCNvMs_NtCseCNn33MUbHc_9palettify6configNtB6_6Config8from_envs3_0B8_
FNDA:0,_RNCNvMs_NtCseCNn33MUbHc_9palettify6configNtB6_6Config8from_envs4_0B8_
FNDA:0,_RNCNvMs_NtCseCNn33MUbHc_9palettify6configNtB6_6Config8from_envs5_0B8_
FNDA:0,_RNCNvMs_NtCseCNn33MUbHc_9palettify6configNtB6_6Config8from_envs6_0B8_
FNDA:0,_RNCNvMs_NtCseCNn33MUbHc_9palettify6configNtB6_6Config8from_envs_0B8_
FNDA:2,_RNvMs_NtCseCNn33MUbHc_9palettify6configNtB4_6Config12auth_enabled
FNDA:2,_RNvMs_NtCseCNn33MUbHc_9palettify6configNtB4_6Config13is_production
FNDA:6,_RNvMs_NtCseCNn33MUbHc_9palettify6configNtB4_6Config8from_env
FNDA:0,_RNvXNtCsiwcA9t8CxKq_9palettify6configNtB2_11EnvironmentNtNtCs4TwWhthMkYr_4core7default7Default7default
FNDA:2,_RNvMs_NtCsiwcA9t8CxKq_9palettify6configNtB4_6Config12auth_enabled
FNDA:2,_RNvMs_NtCsiwcA9t8CxKq_9palettify6configNtB4_6Config13is_production
FNDA:6,_RNvMs_NtCsiwcA9t8CxKq_9palettify6configNtB4_6Config8from_env
FNDA:3,_RNCNCNvMs_NtCsiwcA9t8CxKq_9palettify6configNtB8_6Config8from_envs1_00Ba_
FNDA:3,_RNCNCNvMs_NtCsiwcA9t8CxKq_9palettify6configNtB8_6Config8from_envs1_0s_0Ba_
FNDA:1,_RNCNvMs_NtCsiwcA9t8CxKq_9palettify6configNtB6_6Config8from_env0B8_
FNDA:2,_RNCNvMs_NtCsiwcA9t8CxKq_9palettify6configNtB6_6Config8from_envs0_0B8_
FNDA:1,_RNCNvMs_NtCsiwcA9t8CxKq_9palettify6configNtB6_6Config8from_envs1_0B8_
FNDA:1,_RNCNvMs_NtCsiwcA9t8CxKq_9palettify6configNtB6_6Config8from_envs2_0B8_
FNDA:0,_RNCNvMs_NtCsiwcA9t8CxKq_9palettify6configNtB6_6Config8from_envs3_0B8_
FNDA:0,_RNCNvMs_NtCsiwcA9t8CxKq_9palettify6configNtB6_6Config8from_envs4_0B8_
FNDA:0,_RNCNvMs_NtCsiwcA9t8CxKq_9palettify6configNtB6_6Config8from_envs5_0B8_
FNDA:0,_RNCNvMs_NtCsiwcA9t8CxKq_9palettify6configNtB6_6Config8from_envs6_0B8_
FNDA:0,_RNCNvMs_NtCsiwcA9t8CxKq_9palettify6configNtB6_6Config8from_envs_0B8_
FNDA:1,_RNvNtNtCsiwcA9t8CxKq_9palettify6config5testss_20defaults_without_env
FNDA:1,_RNvNtNtCsiwcA9t8CxKq_9palettify6config5testss_21custom_port_is_parsed
FNDA:1,_RNvNtNtCsiwcA9t8CxKq_9palettify6config5testss_24api_keys_parsed_from_csv
FNDA:1,_RNvNtNtCsiwcA9t8CxKq_9palettify6config5testss_27production_environment_flag
FNDA:1,_RNvNtNtCsiwcA9t8CxKq_9palettify6config5testss_30max_upload_mb_scales_correctly
FNDA:1,_RNvNtNtCsiwcA9t8CxKq_9palettify6config5testss_35empty_api_keys_string_disables_auth
FNDA:0,_RNvMs_NtCsbtrXiB8aXK2_9palettify6configNtB4_6Config13is_production
FNDA:0,_RNvXNtCsbtrXiB8aXK2_9palettify6configNtB2_11EnvironmentNtNtCs4TwWhthMkYr_4core7default7Default7default
FNDA:0,_RNCNCNvMs_NtCsbtrXiB8aXK2_9palettify6configNtB8_6Config8from_envs1_00Ba_
FNDA:0,_RNCNCNvMs_NtCsbtrXiB8aXK2_9palettify6configNtB8_6Config8from_envs1_0s_0Ba_
FNDA:0,_RNCNvMs_NtCsbtrXiB8aXK2_9palettify6configNtB6_6Config8from_env0B8_
FNDA:0,_RNCNvMs_NtCsbtrXiB8aXK2_9palettify6configNtB6_6Config8from_envs0_0B8_
FNDA:0,_RNCNvMs_NtCsbtrXiB8aXK2_9palettify6configNtB6_6Config8from_envs1_0B8_
FNDA:0,_RNCNvMs_NtCsbtrXiB8aXK2_9palettify6configNtB6_6Config8from_envs2_0B8_
FNDA:0,_RNCNvMs_NtCsbtrXiB8aXK2_9palettify6configNtB6_6Config8from_envs3_0B8_
FNDA:0,_RNCNvMs_NtCsbtrXiB8aXK2_9palettify6configNtB6_6Config8from_envs4_0B8_
FNDA:0,_RNCNvMs_NtCsbtrXiB8aXK2_9palettify6configNtB6_6Config8from_envs5_0B8_
FNDA:0,_RNCNvMs_NtCsbtrXiB8aXK2_9palettify6configNtB6_6Config8from_envs6_0B8_
FNDA:0,_RNCNvMs_NtCsbtrXiB8aXK2_9palettify6configNtB6_6Config8from_envs_0B8_
FNDA:0,_RNvMs_NtCsbtrXiB8aXK2_9palettify6configNtB4_6Config12auth_enabled
FNDA:0,_RNvMs_NtCsbtrXiB8aXK2_9palettify6configNtB4_6Config8from_env
FNF:21
FNH:15
DA:10,0
DA:11,0
DA:12,0
DA:55,12
DA:56,12
DA:57,12
DA:58,12
DA:59,12
DA:61,12
DA:62,2
DA:63,10
DA:66,12
DA:67,12
DA:68,12
DA:69,12
DA:71,12
DA:72,12
DA:73,12
DA:74,12
DA:75,2
DA:76,6
DA:77,6
DA:78,2
DA:79,2
DA:81,12
DA:82,12
DA:83,12
DA:84,12
DA:88,12
DA:89,12
DA:91,12
DA:92,12
DA:94,12
DA:95,12
DA:96,12
DA:97,12
DA:99,12
DA:100,12
DA:101,12
DA:102,12
DA:104,12
DA:105,12
DA:106,12
DA:107,12
DA:108,12
DA:109,12
DA:110,12
DA:111,12
DA:112,12
DA:113,12
DA:114,12
DA:115,12
DA:118,4
DA:119,4
DA:120,4
DA:122,9
DA:123,9
DA:124,9
DA:137,2
DA:138,2
DA:139,2
DA:140,2
DA:141,2
DA:142,2
DA:143,2
DA:144,2
DA:145,2
DA:146,2
DA:147,2
DA:148,2
DA:149,2
DA:150,2
DA:151,2
DA:152,2
DA:153,2
DA:156,2
DA:157,2
DA:158,2
DA:159,2
DA:160,2
DA:161,2
DA:162,2
DA:165,2
DA:166,2
DA:167,2
DA:168,2
DA:169,2
DA:170,2
DA:171,2
DA:172,2
DA:173,2
DA:174,2
DA:175,2
DA:176,2
DA:177,2
DA:180,2
DA:181,2
DA:182,2
DA:183,2
DA:184,2
DA:185,2
DA:186,2
DA:189,2
DA:190,2
DA:191,2
DA:192,2
DA:193,2
DA:194,2
DA:195,2
DA:198,2
DA:199,2
DA:200,2
DA:201,2
DA:202,2
DA:203,2
DA:204,2
BRF:0
BRH:0
LF:127
LH:119
end_of_record
SF:A:\coding\rust\palettify\src\error.rs
FN:27,_RNvXNtCseGU69UR3UMz_9palettify5errorNtB2_8AppErrorNtNtNtCsdaNvBSrBmvV_9axum_core8response13into_response12IntoResponse13into_response
FN:58,_RNvNtNtCseCNn33MUbHc_9palettify5error5tests9status_of
FN:84,_RNvNtNtCseCNn33MUbHc_9palettify5error5testss_20internal_maps_to_500
FN:69,_RNvNtNtCseCNn33MUbHc_9palettify5error5testss_21not_found_maps_to_404
FN:64,_RNvNtNtCseCNn33MUbHc_9palettify5error5testss_23bad_request_maps_to_400
FN:74,_RNvNtNtCseCNn33MUbHc_9palettify5error5testss_24unauthorized_maps_to_401
FN:79,_RNvNtNtCseCNn33MUbHc_9palettify5error5testss_29too_many_requests_maps_to_429
FN:27,_RNvXNtCseCNn33MUbHc_9palettify5errorNtB2_8AppErrorNtNtNtCsdaNvBSrBmvV_9axum_core8response13into_response12IntoResponse13into_response
FN:58,_RNvNtNtCsiwcA9t8CxKq_9palettify5error5tests9status_of
FN:84,_RNvNtNtCsiwcA9t8CxKq_9palettify5error5testss_20internal_maps_to_500
FN:69,_RNvNtNtCsiwcA9t8CxKq_9palettify5error5testss_21not_found_maps_to_404
FN:64,_RNvNtNtCsiwcA9t8CxKq_9palettify5error5testss_23bad_request_maps_to_400
FN:74,_RNvNtNtCsiwcA9t8CxKq_9palettify5error5testss_24unauthorized_maps_to_401
FN:79,_RNvNtNtCsiwcA9t8CxKq_9palettify5error5testss_29too_many_requests_maps_to_429
FN:27,_RNvXNtCsiwcA9t8CxKq_9palettify5errorNtB2_8AppErrorNtNtNtCsdaNvBSrBmvV_9axum_core8response13into_response12IntoResponse13into_response
FN:27,_RNvXNtCsbtrXiB8aXK2_9palettify5errorNtB2_8AppErrorNtNtNtCsdaNvBSrBmvV_9axum_core8response13into_response12IntoResponse13into_response
FNDA:4,_RNvXNtCseGU69UR3UMz_9palettify5errorNtB2_8AppErrorNtNtNtCsdaNvBSrBmvV_9axum_core8response13into_response12IntoResponse13into_response
FNDA:5,_RNvNtNtCseCNn33MUbHc_9palettify5error5tests9status_of
FNDA:1,_RNvNtNtCseCNn33MUbHc_9palettify5error5testss_20internal_maps_to_500
FNDA:1,_RNvNtNtCseCNn33MUbHc_9palettify5error5testss_21not_found_maps_to_404
FNDA:1,_RNvNtNtCseCNn33MUbHc_9palettify5error5testss_23bad_request_maps_to_400
FNDA:1,_RNvNtNtCseCNn33MUbHc_9palettify5error5testss_24unauthorized_maps_to_401
FNDA:1,_RNvNtNtCseCNn33MUbHc_9palettify5error5testss_29too_many_requests_maps_to_429
FNDA:5,_RNvXNtCseCNn33MUbHc_9palettify5errorNtB2_8AppErrorNtNtNtCsdaNvBSrBmvV_9axum_core8response13into_response12IntoResponse13into_response
FNDA:5,_RNvNtNtCsiwcA9t8CxKq_9palettify5error5tests9status_of
FNDA:1,_RNvNtNtCsiwcA9t8CxKq_9palettify5error5testss_20internal_maps_to_500
FNDA:1,_RNvNtNtCsiwcA9t8CxKq_9palettify5error5testss_21not_found_maps_to_404
FNDA:1,_RNvNtNtCsiwcA9t8CxKq_9palettify5error5testss_23bad_request_maps_to_400
FNDA:1,_RNvNtNtCsiwcA9t8CxKq_9palettify5error5testss_24unauthorized_maps_to_401
FNDA:1,_RNvNtNtCsiwcA9t8CxKq_9palettify5error5testss_29too_many_requests_maps_to_429
FNDA:5,_RNvXNtCsiwcA9t8CxKq_9palettify5errorNtB2_8AppErrorNtNtNtCsdaNvBSrBmvV_9axum_core8response13into_response12IntoResponse13into_response
FNDA:0,_RNvXNtCsbtrXiB8aXK2_9palettify5errorNtB2_8AppErrorNtNtNtCsdaNvBSrBmvV_9axum_core8response13into_response12IntoResponse13into_response
FNF:7
FNH:7
DA:27,14
DA:28,14
DA:29,3
DA:30,3
DA:31,4
DA:32,4
DA:33,4
DA:34,4
DA:35,2
DA:36,2
DA:37,2
DA:38,2
DA:39,2
DA:40,2
DA:41,2
DA:42,2
DA:43,2
DA:44,2
DA:48,14
DA:49,14
DA:58,10
DA:59,10
DA:60,10
DA:61,10
DA:64,2
DA:65,2
DA:66,2
DA:69,2
DA:70,2
DA:71,2
DA:74,2
DA:75,2
DA:76,2
DA:79,2
DA:80,2
DA:81,2
DA:84,2
DA:85,2
DA:86,2
DA:89,2
BRF:0
BRH:0
LF:40
LH:40
end_of_record
SF:A:\coding\rust\palettify\src\main.rs
FN:97,_RNCNCNvCseCNn33MUbHc_9palettify15shutdown_signal00B5_
FN:33,_RNCNCNvCseCNn33MUbHc_9palettify4main00B5_
FN:96,_RNCNvCseCNn33MUbHc_9palettify15shutdown_signal0B3_
FN:19,_RNCNvCseCNn33MUbHc_9palettify4main0B3_
FN:96,_RNvCseCNn33MUbHc_9palettify15shutdown_signal
FN:19,_RNvCseCNn33MUbHc_9palettify4main
FN:96,_RNvCsbtrXiB8aXK2_9palettify15shutdown_signal
FN:19,_RNvCsbtrXiB8aXK2_9palettify4main
FN:97,_RNCNCNvCsbtrXiB8aXK2_9palettify15shutdown_signal00B5_
FN:33,_RNCNCNvCsbtrXiB8aXK2_9palettify4main00B5_
FN:96,_RNCNvCsbtrXiB8aXK2_9palettify15shutdown_signal0B3_
FN:19,_RNCNvCsbtrXiB8aXK2_9palettify4main0B3_
FNDA:0,_RNCNCNvCseCNn33MUbHc_9palettify15shutdown_signal00B5_
FNDA:0,_RNCNCNvCseCNn33MUbHc_9palettify4main00B5_
FNDA:0,_RNCNvCseCNn33MUbHc_9palettify15shutdown_signal0B3_
FNDA:0,_RNCNvCseCNn33MUbHc_9palettify4main0B3_
FNDA:0,_RNvCseCNn33MUbHc_9palettify15shutdown_signal
FNDA:0,_RNvCseCNn33MUbHc_9palettify4main
FNDA:0,_RNvCsbtrXiB8aXK2_9palettify15shutdown_signal
FNDA:0,_RNvCsbtrXiB8aXK2_9palettify4main
FNDA:0,_RNCNCNvCsbtrXiB8aXK2_9palettify15shutdown_signal00B5_
FNDA:0,_RNCNCNvCsbtrXiB8aXK2_9palettify4main00B5_
FNDA:0,_RNCNvCsbtrXiB8aXK2_9palettify15shutdown_signal0B3_
FNDA:0,_RNCNvCsbtrXiB8aXK2_9palettify4main0B3_
FNF:6
FNH:0
DA:19,0
DA:22,0
DA:24,0
DA:25,0
DA:29,0
DA:30,0
DA:31,0
DA:32,0
DA:33,0
DA:35,0
DA:36,0
DA:42,0
DA:43,0
DA:44,0
DA:49,0
DA:52,0
DA:56,0
DA:60,0
DA:61,0
DA:65,0
DA:66,0
DA:67,0
DA:68,0
DA:72,0
DA:73,0
DA:74,0
DA:75,0
DA:76,0
DA:77,0
DA:78,0
DA:79,0
DA:81,0
DA:82,0
DA:84,0
DA:85,0
DA:86,0
DA:88,0
DA:89,0
DA:90,0
DA:91,0
DA:92,0
DA:96,0
DA:97,0
DA:98,0
DA:99,0
DA:100,0
DA:101,0
DA:112,0
DA:114,0
DA:115,0
DA:116,0
DA:118,0
BRF:0
BRH:0
LF:60
LH:0
end_of_record
SF:A:\coding\rust\palettify\src\middleware.rs
FN:86,_RNvNtCseGU69UR3UMz_9palettify10middleware10extract_ip
FN:100,_RNvNtCseGU69UR3UMz_9palettify10middleware13current_month
FN:21,_RNvNtCseGU69UR3UMz_9palettify10middleware27authenticate_and_rate_limit
FN:31,_RNCNCNvNtCseGU69UR3UMz_9palettify10middleware27authenticate_and_rate_limit00B7_
FN:73,_RNCNCNvNtCseGU69UR3UMz_9palettify10middleware27authenticate_and_rate_limit0s0_0B7_
FN:43,_RNCNCNvNtCseGU69UR3UMz_9palettify10middleware27authenticate_and_rate_limit0s_0B7_
FN:90,_RNCNvNtCseGU69UR3UMz_9palettify10middleware10extract_ip0B5_
FN:92,_RNCNvNtCseGU69UR3UMz_9palettify10middleware10extract_ips0_0B5_
FN:93,_RNCNvNtCseGU69UR3UMz_9palettify10middleware10extract_ips1_0B5_
FN:94,_RNCNvNtCseGU69UR3UMz_9palettify10middleware10extract_ips2_0B5_
FN:95,_RNCNvNtCseGU69UR3UMz_9palettify10middleware10extract_ips3_0B5_
FN:91,_RNCNvNtCseGU69UR3UMz_9palettify10middleware10extract_ips_0B5_
FN:25,_RNCNvNtCseGU69UR3UMz_9palettify10middleware27authenticate_and_rate_limit0B5_
FN:86,_RNvNtCseCNn33MUbHc_9palettify10middleware10extract_ip
FN:100,_RNvNtCseCNn33MUbHc_9palettify10middleware13current_month
FN:21,_RNvNtCseCNn33MUbHc_9palettify10middleware27authenticate_and_rate_limit
FN:31,_RNCNCNvNtCseCNn33MUbHc_9palettify10middleware27authenticate_and_rate_limit00B7_
FN:73,_RNCNCNvNtCseCNn33MUbHc_9palettify10middleware27authenticate_and_rate_limit0s0_0B7_
FN:43,_RNCNCNvNtCseCNn33MUbHc_9palettify10middleware27authenticate_and_rate_limit0s_0B7_
FN:90,_RNCNvNtCseCNn33MUbHc_9palettify10middleware10extract_ip0B5_
FN:92,_RNCNvNtCseCNn33MUbHc_9palettify10middleware10extract_ips0_0B5_
FN:93,_RNCNvNtCseCNn33MUbHc_9palettify10middleware10extract_ips1_0B5_
FN:94,_RNCNvNtCseCNn33MUbHc_9palettify10middleware10extract_ips2_0B5_
FN:95,_RNCNvNtCseCNn33MUbHc_9palettify10middleware10extract_ips3_0B5_
FN:91,_RNCNvNtCseCNn33MUbHc_9palettify10middleware10extract_ips_0B5_
FN:25,_RNCNvNtCseCNn33MUbHc_9palettify10middleware27authenticate_and_rate_limit0B5_
FN:21,_RNvNtCsiwcA9t8CxKq_9palettify10middleware27authenticate_and_rate_limit
FN:31,_RNCNCNvNtCsiwcA9t8CxKq_9palettify10middleware27authenticate_and_rate_limit00B7_
FN:73,_RNCNCNvNtCsiwcA9t8CxKq_9palettify10middleware27authenticate_and_rate_limit0s0_0B7_
FN:43,_RNCNCNvNtCsiwcA9t8CxKq_9palettify10middleware27authenticate_and_rate_limit0s_0B7_
FN:90,_RNCNvNtCsiwcA9t8CxKq_9palettify10middleware10extract_ip0B5_
FN:92,_RNCNvNtCsiwcA9t8CxKq_9palettify10middleware10extract_ips0_0B5_
FN:93,_RNCNvNtCsiwcA9t8CxKq_9palettify10middleware10extract_ips1_0B5_
FN:94,_RNCNvNtCsiwcA9t8CxKq_9palettify10middleware10extract_ips2_0B5_
FN:95,_RNCNvNtCsiwcA9t8CxKq_9palettify10middleware10extract_ips3_0B5_
FN:91,_RNCNvNtCsiwcA9t8CxKq_9palettify10middleware10extract_ips_0B5_
FN:25,_RNCNvNtCsiwcA9t8CxKq_9palettify10middleware27authenticate_and_rate_limit0B5_
FN:86,_RNvNtCsiwcA9t8CxKq_9palettify10middleware10extract_ip
FN:100,_RNvNtCsiwcA9t8CxKq_9palettify10middleware13current_month
FN:31,_RNCNCNvNtCsbtrXiB8aXK2_9palettify10middleware27authenticate_and_rate_limit00B7_
FN:73,_RNCNCNvNtCsbtrXiB8aXK2_9palettify10middleware27authenticate_and_rate_limit0s0_0B7_
FN:43,_RNCNCNvNtCsbtrXiB8aXK2_9palettify10middleware27authenticate_and_rate_limit0s_0B7_
FN:90,_RNCNvNtCsbtrXiB8aXK2_9palettify10middleware10extract_ip0B5_
FN:92,_RNCNvNtCsbtrXiB8aXK2_9palettify10middleware10extract_ips0_0B5_
FN:93,_RNCNvNtCsbtrXiB8aXK2_9palettify10middleware10extract_ips1_0B5_
FN:94,_RNCNvNtCsbtrXiB8aXK2_9palettify10middleware10extract_ips2_0B5_
FN:95,_RNCNvNtCsbtrXiB8aXK2_9palettify10middleware10extract_ips3_0B5_
FN:91,_RNCNvNtCsbtrXiB8aXK2_9palettify10middleware10extract_ips_0B5_
FN:25,_RNCNvNtCsbtrXiB8aXK2_9palettify10middleware27authenticate_and_rate_limit0B5_
FN:86,_RNvNtCsbtrXiB8aXK2_9palettify10middleware10extract_ip
FN:100,_RNvNtCsbtrXiB8aXK2_9palettify10middleware13current_month
FN:21,_RNvNtCsbtrXiB8aXK2_9palettify10middleware27authenticate_and_rate_limit
FNDA:0,_RNvNtCseGU69UR3UMz_9palettify10middleware10extract_ip
FNDA:0,_RNvNtCseGU69UR3UMz_9palettify10middleware13current_month
FNDA:9,_RNvNtCseGU69UR3UMz_9palettify10middleware27authenticate_and_rate_limit
FNDA:2,_RNCNCNvNtCseGU69UR3UMz_9palettify10middleware27authenticate_and_rate_limit00B7_
FNDA:0,_RNCNCNvNtCseGU69UR3UMz_9palettify10middleware27authenticate_and_rate_limit0s0_0B7_
FNDA:0,_RNCNCNvNtCseGU69UR3UMz_9palettify10middleware27authenticate_and_rate_limit0s_0B7_
FNDA:0,_RNCNvNtCseGU69UR3UMz_9palettify10middleware10extract_ip0B5_
FNDA:0,_RNCNvNtCseGU69UR3UMz_9palettify10middleware10extract_ips0_0B5_
FNDA:0,_RNCNvNtCseGU69UR3UMz_9palettify10middleware10extract_ips1_0B5_
FNDA:0,_RNCNvNtCseGU69UR3UMz_9palettify10middleware10extract_ips2_0B5_
FNDA:0,_RNCNvNtCseGU69UR3UMz_9palettify10middleware10extract_ips3_0B5_
FNDA:0,_RNCNvNtCseGU69UR3UMz_9palettify10middleware10extract_ips_0B5_
FNDA:9,_RNCNvNtCseGU69UR3UMz_9palettify10middleware27authenticate_and_rate_limit0B5_
FNDA:0,_RNvNtCseCNn33MUbHc_9palettify10middleware10extract_ip
FNDA:0,_RNvNtCseCNn33MUbHc_9palettify10middleware13current_month
FNDA:0,_RNvNtCseCNn33MUbHc_9palettify10middleware27authenticate_and_rate_limit
FNDA:0,_RNCNCNvNtCseCNn33MUbHc_9palettify10middleware27authenticate_and_rate_limit00B7_
FNDA:0,_RNCNCNvNtCseCNn33MUbHc_9palettify10middleware27authenticate_and_rate_limit0s0_0B7_
FNDA:0,_RNCNCNvNtCseCNn33MUbHc_9palettify10middleware27authenticate_and_rate_limit0s_0B7_
FNDA:0,_RNCNvNtCseCNn33MUbHc_9palettify10middleware10extract_ip0B5_
FNDA:0,_RNCNvNtCseCNn33MUbHc_9palettify10middleware10extract_ips0_0B5_
FNDA:0,_RNCNvNtCseCNn33MUbHc_9palettify10middleware10extract_ips1_0B5_
FNDA:0,_RNCNvNtCseCNn33MUbHc_9palettify10middleware10extract_ips2_0B5_
FNDA:0,_RNCNvNtCseCNn33MUbHc_9palettify10middleware10extract_ips3_0B5_
FNDA:0,_RNCNvNtCseCNn33MUbHc_9palettify10middleware10extract_ips_0B5_
FNDA:0,_RNCNvNtCseCNn33MUbHc_9palettify10middleware27authenticate_and_rate_limit0B5_
FNDA:0,_RNvNtCsiwcA9t8CxKq_9palettify10middleware27authenticate_and_rate_limit
FNDA:0,_RNCNCNvNtCsiwcA9t8CxKq_9palettify10middleware27authenticate_and_rate_limit00B7_
FNDA:0,_RNCNCNvNtCsiwcA9t8CxKq_9palettify10middleware27authenticate_and_rate_limit0s0_0B7_
FNDA:0,_RNCNCNvNtCsiwcA9t8CxKq_9palettify10middleware27authenticate_and_rate_limit0s_0B7_
FNDA:0,_RNCNvNtCsiwcA9t8CxKq_9palettify10middleware10extract_ip0B5_
FNDA:0,_RNCNvNtCsiwcA9t8CxKq_9palettify10middleware10extract_ips0_0B5_
FNDA:0,_RNCNvNtCsiwcA9t8CxKq_9palettify10middleware10extract_ips1_0B5_
FNDA:0,_RNCNvNtCsiwcA9t8CxKq_9palettify10middleware10extract_ips2_0B5_
FNDA:0,_RNCNvNtCsiwcA9t8CxKq_9palettify10middleware10extract_ips3_0B5_
FNDA:0,_RNCNvNtCsiwcA9t8CxKq_9palettify10middleware10extract_ips_0B5_
FNDA:0,_RNCNvNtCsiwcA9t8CxKq_9palettify10middleware27authenticate_and_rate_limit0B5_
FNDA:0,_RNvNtCsiwcA9t8CxKq_9palettify10middleware10extract_ip
FNDA:0,_RNvNtCsiwcA9t8CxKq_9palettify10middleware13current_month
FNDA:0,_RNCNCNvNtCsbtrXiB8aXK2_9palettify10middleware27authenticate_and_rate_limit00B7_
FNDA:0,_RNCNCNvNtCsbtrXiB8aXK2_9palettify10middleware27authenticate_and_rate_limit0s0_0B7_
FNDA:0,_RNCNCNvNtCsbtrXiB8aXK2_9palettify10middleware27authenticate_and_rate_limit0s_0B7_
FNDA:0,_RNCNvNtCsbtrXiB8aXK2_9palettify10middleware10extract_ip0B5_
FNDA:0,_RNCNvNtCsbtrXiB8aXK2_9palettify10middleware10extract_ips0_0B5_
FNDA:0,_RNCNvNtCsbtrXiB8aXK2_9palettify10middleware10extract_ips1_0B5_
FNDA:0,_RNCNvNtCsbtrXiB8aXK2_9palettify10middleware10extract_ips2_0B5_
FNDA:0,_RNCNvNtCsbtrXiB8aXK2_9palettify10middleware10extract_ips3_0B5_
FNDA:0,_RNCNvNtCsbtrXiB8aXK2_9palettify10middleware10extract_ips_0B5_
FNDA:0,_RNCNvNtCsbtrXiB8aXK2_9palettify10middleware27authenticate_and_rate_limit0B5_
FNDA:0,_RNvNtCsbtrXiB8aXK2_9palettify10middleware10extract_ip
FNDA:0,_RNvNtCsbtrXiB8aXK2_9palettify10middleware13current_month
FNDA:0,_RNvNtCsbtrXiB8aXK2_9palettify10middleware27authenticate_and_rate_limit
FNF:13
FNH:3
DA:21,9
DA:22,9
DA:23,9
DA:24,9
DA:25,9
DA:27,9
DA:28,3
DA:29,3
DA:30,3
DA:31,3
DA:32,3
DA:34,2
DA:35,1
DA:36,1
DA:37,1
DA:40,6
DA:41,6
DA:42,6
DA:43,6
DA:44,6
DA:48,7
DA:49,0
DA:50,0
DA:51,0
DA:54,0
DA:55,0
DA:56,0
DA:59,0
DA:60,0
DA:62,0
DA:64,0
DA:66,0
DA:70,0
DA:71,0
DA:72,0
DA:73,0
DA:74,0
DA:75,0
DA:76,0
DA:77,0
DA:78,0
DA:79,7
DA:81,7
DA:82,9
DA:86,0
DA:87,0
DA:88,0
DA:89,0
DA:90,0
DA:91,0
DA:92,0
DA:93,0
DA:94,0
DA:95,0
DA:96,0
DA:100,0
DA:101,0
DA:102,0
DA:103,0
DA:104,0
DA:105,0
DA:107,0
DA:108,0
DA:109,0
DA:110,0
DA:111,0
DA:112,0
DA:113,0
DA:114,0
DA:115,0
DA:117,0
DA:118,0
BRF:0
BRH:0
LF:82
LH:26
end_of_record
SF:A:\coding\rust\palettify\src\palette.rs
FN:17,_RNvMNtCseGU69UR3UMz_9palettify7paletteNtB2_12PaletteColor3hex
FN:137,_RNvMs_NtCseGU69UR3UMz_9palettify7paletteNtB4_7Palette11color_count
FN:59,_RNvMs_NtCseGU69UR3UMz_9palettify7paletteNtB4_7Palette12from_content
FN:31,_RNvMs_NtCseGU69UR3UMz_9palettify7paletteNtB4_7Palette13from_hex_list
FN:90,_RNvMs_NtCseGU69UR3UMz_9palettify7paletteNtB4_7Palette14load_directory
FN:142,_RNvMs_NtCseGU69UR3UMz_9palettify7paletteNtB4_7Palette14preview_colors
FN:126,_RNvMs_NtCseGU69UR3UMz_9palettify7paletteNtB4_7Palette7nearestB6_
FN:75,_RNvMs_NtCseGU69UR3UMz_9palettify7paletteNtB4_7Palette9from_file
FN:66,_RNCNCNvMs_NtCseGU69UR3UMz_9palettify7paletteNtB8_7Palette12from_content00Ba_
FN:40,_RNCNCNvMs_NtCseGU69UR3UMz_9palettify7paletteNtB8_7Palette13from_hex_list00Ba_
FN:63,_RNCNvMs_NtCseGU69UR3UMz_9palettify7paletteNtB6_7Palette12from_content0B8_
FN:39,_RNCNvMs_NtCseGU69UR3UMz_9palettify7paletteNtB6_7Palette13from_hex_list0B8_
FN:103,_RNCNvMs_NtCseGU69UR3UMz_9palettify7paletteNtB6_7Palette14load_directory0B8_
FN:143,_RNCNvMs_NtCseGU69UR3UMz_9palettify7paletteNtB6_7Palette14preview_colors0B8_
FN:129,_RNCNvMs_NtCseGU69UR3UMz_9palettify7paletteNtB6_7Palette7nearest0B8_
FN:78,_RNCNvMs_NtCseGU69UR3UMz_9palettify7paletteNtB6_7Palette9from_file0B8_
FN:83,_RNCNvMs_NtCseGU69UR3UMz_9palettify7paletteNtB6_7Palette9from_files_0B8_
FN:148,_RNvNtCseGU69UR3UMz_9palettify7palette7dist_sq
FN:126,_RNvMs_NtCseGU69UR3UMz_9palettify7paletteNtB4_7Palette7nearestCs8g7bbYUiIVU_8palettes
FN:103,_RNCNvMs_NtCseCNn33MUbHc_9palettify7paletteNtB6_7Palette14load_directory0B8_
FN:78,_RNCNvMs_NtCseCNn33MUbHc_9palettify7paletteNtB6_7Palette9from_file0B8_
FN:83,_RNCNvMs_NtCseCNn33MUbHc_9palettify7paletteNtB6_7Palette9from_files_0B8_
FN:90,_RNvMs_NtCseCNn33MUbHc_9palettify7paletteNtB4_7Palette14load_directory
FN:75,_RNvMs_NtCseCNn33MUbHc_9palettify7paletteNtB4_7Palette9from_file
FN:17,_RNvMNtCseCNn33MUbHc_9palettify7paletteNtB2_12PaletteColor3hex
FN:137,_RNvMs_NtCseCNn33MUbHc_9palettify7paletteNtB4_7Palette11color_count
FN:59,_RNvMs_NtCseCNn33MUbHc_9palettify7paletteNtB4_7Palette12from_content
FN:31,_RNvMs_NtCseCNn33MUbHc_9palettify7paletteNtB4_7Palette13from_hex_list
FN:142,_RNvMs_NtCseCNn33MUbHc_9palettify7paletteNtB4_7Palette14preview_colors
FN:126,_RNvMs_NtCseCNn33MUbHc_9palettify7paletteNtB4_7Palette7nearestB6_
FN:226,_RNvNtNtCseCNn33MUbHc_9palettify7palette5testss_25color_count_matches_input
FN:161,_RNvNtNtCseCNn33MUbHc_9palettify7palette5testss_27from_hex_list_rejects_empty
FN:220,_RNvNtNtCseCNn33MUbHc_9palettify7palette5testss_27hex_formatting_is_lowercase
FN:190,_RNvNtNtCseCNn33MUbHc_9palettify7palette5testss_27nearest_returns_exact_match
FN:198,_RNvNtNtCseCNn33MUbHc_9palettify7palette5testss_29nearest_returns_closest_color
FN:206,_RNvNtNtCseCNn33MUbHc_9palettify7palette5testss_30preview_colors_returns_first_n
FN:214,_RNvNtNtCseCNn33MUbHc_9palettify7palette5testss_32preview_colors_caps_at_available
FN:166,_RNvNtNtCseCNn33MUbHc_9palettify7palette5testss_33from_hex_list_rejects_invalid_hex
FN:171,_RNvNtNtCseCNn33MUbHc_9palettify7palette5testss_34from_hex_list_accepts_valid_colors
FN:185,_RNvNtNtCseCNn33MUbHc_9palettify7palette5testss_40from_content_rejects_all_non_color_lines
FN:178,_RNvNtNtCseCNn33MUbHc_9palettify7palette5testss_45from_content_ignores_comments_and_blank_lines
FN:66,_RNCNCNvMs_NtCseCNn33MUbHc_9palettify7paletteNtB8_7Palette12from_content00Ba_
FN:40,_RNCNCNvMs_NtCseCNn33MUbHc_9palettify7paletteNtB8_7Palette13from_hex_list00Ba_
FN:63,_RNCNvMs_NtCseCNn33MUbHc_9palettify7paletteNtB6_7Palette12from_content0B8_
FN:39,_RNCNvMs_NtCseCNn33MUbHc_9palettify7paletteNtB6_7Palette13from_hex_list0B8_
FN:143,_RNCNvMs_NtCseCNn33MUbHc_9palettify7paletteNtB6_7Palette14preview_colors0B8_
FN:129,_RNCNvMs_NtCseCNn33MUbHc_9palettify7paletteNtB6_7Palette7nearest0B8_
FN:148,_RNvNtCseCNn33MUbHc_9palettify7palette7dist_sq
FN:103,_RNCNvMs_NtCsiwcA9t8CxKq_9palettify7paletteNtB6_7Palette14load_directory0B8_
FN:78,_RNCNvMs_NtCsiwcA9t8CxKq_9palettify7paletteNtB6_7Palette9from_file0B8_
FN:83,_RNCNvMs_NtCsiwcA9t8CxKq_9palettify7paletteNtB6_7Palette9from_files_0B8_
FN:90,_RNvMs_NtCsiwcA9t8CxKq_9palettify7paletteNtB4_7Palette14load_directory
FN:75,_RNvMs_NtCsiwcA9t8CxKq_9palettify7paletteNtB4_7Palette9from_file
FN:17,_RNvMNtCsiwcA9t8CxKq_9palettify7paletteNtB2_12PaletteColor3hex
FN:137,_RNvMs_NtCsiwcA9t8CxKq_9palettify7paletteNtB4_7Palette11color_count
FN:59,_RNvMs_NtCsiwcA9t8CxKq_9palettify7paletteNtB4_7Palette12from_content
FN:31,_RNvMs_NtCsiwcA9t8CxKq_9palettify7paletteNtB4_7Palette13from_hex_list
FN:142,_RNvMs_NtCsiwcA9t8CxKq_9palettify7paletteNtB4_7Palette14preview_colors
FN:126,_RNvMs_NtCsiwcA9t8CxKq_9palettify7paletteNtB4_7Palette7nearestB6_
FN:66,_RNCNCNvMs_NtCsiwcA9t8CxKq_9palettify7paletteNtB8_7Palette12from_content00Ba_
FN:40,_RNCNCNvMs_NtCsiwcA9t8CxKq_9palettify7paletteNtB8_7Palette13from_hex_list00Ba_
FN:63,_RNCNvMs_NtCsiwcA9t8CxKq_9palettify7paletteNtB6_7Palette12from_content0B8_
FN:39,_RNCNvMs_NtCsiwcA9t8CxKq_9palettify7paletteNtB6_7Palette13from_hex_list0B8_
FN:143,_RNCNvMs_NtCsiwcA9t8CxKq_9palettify7paletteNtB6_7Palette14preview_colors0B8_
FN:129,_RNCNvMs_NtCsiwcA9t8CxKq_9palettify7paletteNtB6_7Palette7nearest0B8_
FN:148,_RNvNtCsiwcA9t8CxKq_9palettify7palette7dist_sq
FN:226,_RNvNtNtCsiwcA9t8CxKq_9palettify7palette5testss_25color_count_matches_input
FN:161,_RNvNtNtCsiwcA9t8CxKq_9palettify7palette5testss_27from_hex_list_rejects_empty
FN:220,_RNvNtNtCsiwcA9t8CxKq_9palettify7palette5testss_27hex_formatting_is_lowercase
FN:190,_RNvNtNtCsiwcA9t8CxKq_9palettify7palette5testss_27nearest_returns_exact_match
FN:198,_RNvNtNtCsiwcA9t8CxKq_9palettify7palette5testss_29nearest_returns_closest_color
FN:206,_RNvNtNtCsiwcA9t8CxKq_9palettify7palette5testss_30preview_colors_returns_first_n
FN:214,_RNvNtNtCsiwcA9t8CxKq_9palettify7palette5testss_32preview_colors_caps_at_available
FN:166,_RNvNtNtCsiwcA9t8CxKq_9palettify7palette5testss_33from_hex_list_rejects_invalid_hex
FN:171,_RNvNtNtCsiwcA9t8CxKq_9palettify7palette5testss_34from_hex_list_accepts_valid_colors
FN:185,_RNvNtNtCsiwcA9t8CxKq_9palettify7palette5testss_40from_content_rejects_all_non_color_lines
FN:178,_RNvNtNtCsiwcA9t8CxKq_9palettify7palette5testss_45from_content_ignores_comments_and_blank_lines
FN:17,_RNvMNtCsbtrXiB8aXK2_9palettify7paletteNtB2_12PaletteColor3hex
FN:137,_RNvMs_NtCsbtrXiB8aXK2_9palettify7paletteNtB4_7Palette11color_count
FN:59,_RNvMs_NtCsbtrXiB8aXK2_9palettify7paletteNtB4_7Palette12from_content
FN:31,_RNvMs_NtCsbtrXiB8aXK2_9palettify7paletteNtB4_7Palette13from_hex_list
FN:90,_RNvMs_NtCsbtrXiB8aXK2_9palettify7paletteNtB4_7Palette14load_directory
FN:142,_RNvMs_NtCsbtrXiB8aXK2_9palettify7paletteNtB4_7Palette14preview_colors
FN:126,_RNvMs_NtCsbtrXiB8aXK2_9palettify7paletteNtB4_7Palette7nearestB6_
FN:75,_RNvMs_NtCsbtrXiB8aXK2_9palettify7paletteNtB4_7Palette9from_file
FN:66,_RNCNCNvMs_NtCsbtrXiB8aXK2_9palettify7paletteNtB8_7Palette12from_content00Ba_
FN:40,_RNCNCNvMs_NtCsbtrXiB8aXK2_9palettify7paletteNtB8_7Palette13from_hex_list00Ba_
FN:63,_RNCNvMs_NtCsbtrXiB8aXK2_9palettify7paletteNtB6_7Palette12from_content0B8_
FN:39,_RNCNvMs_NtCsbtrXiB8aXK2_9palettify7paletteNtB6_7Palette13from_hex_list0B8_
FN:103,_RNCNvMs_NtCsbtrXiB8aXK2_9palettify7paletteNtB6_7Palette14load_directory0B8_
FN:143,_RNCNvMs_NtCsbtrXiB8aXK2_9palettify7paletteNtB6_7Palette14preview_colors0B8_
FN:129,_RNCNvMs_NtCsbtrXiB8aXK2_9palettify7paletteNtB6_7Palette7nearest0B8_
FN:78,_RNCNvMs_NtCsbtrXiB8aXK2_9palettify7paletteNtB6_7Palette9from_file0B8_
FN:83,_RNCNvMs_NtCsbtrXiB8aXK2_9palettify7paletteNtB6_7Palette9from_files_0B8_
FN:148,_RNvNtCsbtrXiB8aXK2_9palettify7palette7dist_sq
FNDA:252,_RNvMNtCseGU69UR3UMz_9palettify7paletteNtB2_12PaletteColor3hex
FNDA:51,_RNvMs_NtCseGU69UR3UMz_9palettify7paletteNtB4_7Palette11color_count
FNDA:191,_RNvMs_NtCseGU69UR3UMz_9palettify7paletteNtB4_7Palette12from_content
FNDA:193,_RNvMs_NtCseGU69UR3UMz_9palettify7paletteNtB4_7Palette13from_hex_list
FNDA:0,_RNvMs_NtCseGU69UR3UMz_9palettify7paletteNtB4_7Palette14load_directory
FNDA:51,_RNvMs_NtCseGU69UR3UMz_9palettify7paletteNtB4_7Palette14preview_colors
FNDA:4,_RNvMs_NtCseGU69UR3UMz_9palettify7paletteNtB4_7Palette7nearestB6_
FNDA:0,_RNvMs_NtCseGU69UR3UMz_9palettify7paletteNtB4_7Palette9from_file
FNDA:20988,_RNCNCNvMs_NtCseGU69UR3UMz_9palettify7paletteNtB8_7Palette12from_content00Ba_
FNDA:0,_RNCNCNvMs_NtCseGU69UR3UMz_9palettify7paletteNtB8_7Palette13from_hex_list00Ba_
FNDA:3880,_RNCNvMs_NtCseGU69UR3UMz_9palettify7paletteNtB6_7Palette12from_content0B8_
FNDA:3504,_RNCNvMs_NtCseGU69UR3UMz_9palettify7paletteNtB6_7Palette13from_hex_list0B8_
FNDA:0,_RNCNvMs_NtCseGU69UR3UMz_9palettify7paletteNtB6_7Palette14load_directory0B8_
FNDA:252,_RNCNvMs_NtCseGU69UR3UMz_9palettify7paletteNtB6_7Palette14preview_colors0B8_
FNDA:62,_RNCNvMs_NtCseGU69UR3UMz_9palettify7paletteNtB6_7Palette7nearest0B8_
FNDA:0,_RNCNvMs_NtCseGU69UR3UMz_9palettify7paletteNtB6_7Palette9from_file0B8_
FNDA:0,_RNCNvMs_NtCseGU69UR3UMz_9palettify7paletteNtB6_7Palette9from_files_0B8_
FNDA:124,_RNvNtCseGU69UR3UMz_9palettify7palette7dist_sq
FNDA:2,_RNvMs_NtCseGU69UR3UMz_9palettify7paletteNtB4_7Palette7nearestCs8g7bbYUiIVU_8palettes
FNDA:0,_RNCNvMs_NtCseCNn33MUbHc_9palettify7paletteNtB6_7Palette14load_directory0B8_
FNDA:0,_RNCNvMs_NtCseCNn33MUbHc_9palettify7paletteNtB6_7Palette9from_file0B8_
FNDA:0,_RNCNvMs_NtCseCNn33MUbHc_9palettify7paletteNtB6_7Palette9from_files_0B8_
FNDA:0,_RNvMs_NtCseCNn33MUbHc_9palettify7paletteNtB4_7Palette14load_directory
FNDA:0,_RNvMs_NtCseCNn33MUbHc_9palettify7paletteNtB4_7Palette9from_file
FNDA:4,_RNvMNtCseCNn33MUbHc_9palettify7paletteNtB2_12PaletteColor3hex
FNDA:1,_RNvMs_NtCseCNn33MUbHc_9palettify7paletteNtB4_7Palette11color_count
FNDA:2,_RNvMs_NtCseCNn33MUbHc_9palettify7paletteNtB4_7Palette12from_content
FNDA:19,_RNvMs_NtCseCNn33MUbHc_9palettify7paletteNtB4_7Palette13from_hex_list
FNDA:2,_RNvMs_NtCseCNn33MUbHc_9palettify7paletteNtB4_7Palette14preview_colors
FNDA:8200,_RNvMs_NtCseCNn33MUbHc_9palettify7paletteNtB4_7Palette7nearestB6_
FNDA:1,_RNvNtNtCseCNn33MUbHc_9palettify7palette5testss_25color_count_matches_input
FNDA:1,_RNvNtNtCseCNn33MUbHc_9palettify7palette5testss_27from_hex_list_rejects_empty
FNDA:1,_RNvNtNtCseCNn33MUbHc_9palettify7palette5testss_27hex_formatting_is_lowercase
FNDA:1,_RNvNtNtCseCNn33MUbHc_9palettify7palette5testss_27nearest_returns_exact_match
FNDA:1,_RNvNtNtCseCNn33MUbHc_9palettify7palette5testss_29nearest_returns_closest_color
FNDA:1,_RNvNtNtCseCNn33MUbHc_9palettify7palette5testss_30preview_colors_returns_first_n
FNDA:1,_RNvNtNtCseCNn33MUbHc_9palettify7palette5testss_32preview_colors_caps_at_available
FNDA:1,_RNvNtNtCseCNn33MUbHc_9palettify7palette5testss_33from_hex_list_rejects_invalid_hex
FNDA:1,_RNvNtNtCseCNn33MUbHc_9palettify7palette5testss_34from_hex_list_accepts_valid_colors
FNDA:1,_RNvNtNtCseCNn33MUbHc_9palettify7palette5testss_40from_content_rejects_all_non_color_lines
FNDA:1,_RNvNtNtCseCNn33MUbHc_9palettify7palette5testss_45from_content_ignores_comments_and_blank_lines
FNDA:18,_RNCNCNvMs_NtCseCNn33MUbHc_9palettify7paletteNtB8_7Palette12from_content00Ba_
FNDA:1,_RNCNCNvMs_NtCseCNn33MUbHc_9palettify7paletteNtB8_7Palette13from_hex_list00Ba_
FNDA:8,_RNCNvMs_NtCseCNn33MUbHc_9palettify7paletteNtB6_7Palette12from_content0B8_
FNDA:34,_RNCNvMs_NtCseCNn33MUbHc_9palettify7paletteNtB6_7Palette13from_hex_list0B8_
FNDA:3,_RNCNvMs_NtCseCNn33MUbHc_9palettify7paletteNtB6_7Palette14preview_colors0B8_
FNDA:9,_RNCNvMs_NtCseCNn33MUbHc_9palettify7paletteNtB6_7Palette7nearest0B8_
FNDA:18,_RNvNtCseCNn33MUbHc_9palettify7palette7dist_sq
FNDA:0,_RNCNvMs_NtCsiwcA9t8CxKq_9palettify7paletteNtB6_7Palette14load_directory0B8_
FNDA:0,_RNCNvMs_NtCsiwcA9t8CxKq_9palettify7paletteNtB6_7Palette9from_file0B8_
FNDA:0,_RNCNvMs_NtCsiwcA9t8CxKq_9palettify7paletteNtB6_7Palette9from_files_0B8_
FNDA:0,_RNvMs_NtCsiwcA9t8CxKq_9palettify7paletteNtB4_7Palette14load_directory
FNDA:0,_RNvMs_NtCsiwcA9t8CxKq_9palettify7paletteNtB4_7Palette9from_file
FNDA:4,_RNvMNtCsiwcA9t8CxKq_9palettify7paletteNtB2_12PaletteColor3hex
FNDA:1,_RNvMs_NtCsiwcA9t8CxKq_9palettify7paletteNtB4_7Palette11color_count
FNDA:2,_RNvMs_NtCsiwcA9t8CxKq_9palettify7paletteNtB4_7Palette12from_content
FNDA:19,_RNvMs_NtCsiwcA9t8CxKq_9palettify7paletteNtB4_7Palette13from_hex_list
FNDA:2,_RNvMs_NtCsiwcA9t8CxKq_9palettify7paletteNtB4_7Palette14preview_colors
FNDA:8200,_RNvMs_NtCsiwcA9t8CxKq_9palettify7paletteNtB4_7Palette7nearestB6_
FNDA:18,_RNCNCNvMs_NtCsiwcA9t8CxKq_9palettify7paletteNtB8_7Palette12from_content00Ba_
FNDA:1,_RNCNCNvMs_NtCsiwcA9t8CxKq_9palettify7paletteNtB8_7Palette13from_hex_list00Ba_
FNDA:8,_RNCNvMs_NtCsiwcA9t8CxKq_9palettify7paletteNtB6_7Palette12from_content0B8_
FNDA:34,_RNCNvMs_NtCsiwcA9t8CxKq_9palettify7paletteNtB6_7Palette13from_hex_list0B8_
FNDA:3,_RNCNvMs_NtCsiwcA9t8CxKq_9palettify7paletteNtB6_7Palette14preview_colors0B8_
FNDA:9,_RNCNvMs_NtCsiwcA9t8CxKq_9palettify7paletteNtB6_7Palette7nearest0B8_
FNDA:18,_RNvNtCsiwcA9t8CxKq_9palettify7palette7dist_sq
FNDA:1,_RNvNtNtCsiwcA9t8CxKq_9palettify7palette5testss_25color_count_matches_input
FNDA:1,_RNvNtNtCsiwcA9t8CxKq_9palettify7palette5testss_27from_hex_list_rejects_empty
FNDA:1,_RNvNtNtCsiwcA9t8CxKq_9palettify7palette5testss_27hex_formatting_is_lowercase
FNDA:1,_RNvNtNtCsiwcA9t8CxKq_9palettify7palette5testss_27nearest_returns_exact_match
FNDA:1,_RNvNtNtCsiwcA9t8CxKq_9palettify7palette5testss_29nearest_returns_closest_color
FNDA:1,_RNvNtNtCsiwcA9t8CxKq_9palettify7palette5testss_30preview_colors_returns_first_n
FNDA:1,_RNvNtNtCsiwcA9t8CxKq_9palettify7palette5testss_32preview_colors_caps_at_available
FNDA:1,_RNvNtNtCsiwcA9t8CxKq_9palettify7palette5testss_33from_hex_list_rejects_invalid_hex
FNDA:1,_RNvNtNtCsiwcA9t8CxKq_9palettify7palette5testss_34from_hex_list_accepts_valid_colors
FNDA:1,_RNvNtNtCsiwcA9t8CxKq_9palettify7palette5testss_40from_content_rejects_all_non_color_lines
FNDA:1,_RNvNtNtCsiwcA9t8CxKq_9palettify7palette5testss_45from_content_ignores_comments_and_blank_lines
FNDA:0,_RNvMNtCsbtrXiB8aXK2_9palettify7paletteNtB2_12PaletteColor3hex
FNDA:0,_RNvMs_NtCsbtrXiB8aXK2_9palettify7paletteNtB4_7Palette11color_count
FNDA:0,_RNvMs_NtCsbtrXiB8aXK2_9palettify7paletteNtB4_7Palette12from_content
FNDA:0,_RNvMs_NtCsbtrXiB8aXK2_9palettify7paletteNtB4_7Palette13from_hex_list
FNDA:0,_RNvMs_NtCsbtrXiB8aXK2_9palettify7paletteNtB4_7Palette14load_directory
FNDA:0,_RNvMs_NtCsbtrXiB8aXK2_9palettify7paletteNtB4_7Palette14preview_colors
FNDA:0,_RNvMs_NtCsbtrXiB8aXK2_9palettify7paletteNtB4_7Palette7nearestB6_
FNDA:0,_RNvMs_NtCsbtrXiB8aXK2_9palettify7paletteNtB4_7Palette9from_file
FNDA:0,_RNCNCNvMs_NtCsbtrXiB8aXK2_9palettify7paletteNtB8_7Palette12from_content00Ba_
FNDA:0,_RNCNCNvMs_NtCsbtrXiB8aXK2_9palettify7paletteNtB8_7Palette13from_hex_list00Ba_
FNDA:0,_RNCNvMs_NtCsbtrXiB8aXK2_9palettify7paletteNtB6_7Palette12from_content0B8_
FNDA:0,_RNCNvMs_NtCsbtrXiB8aXK2_9palettify7paletteNtB6_7Palette13from_hex_list0B8_
FNDA:0,_RNCNvMs_NtCsbtrXiB8aXK2_9palettify7paletteNtB6_7Palette14load_directory0B8_
FNDA:0,_RNCNvMs_NtCsbtrXiB8aXK2_9palettify7paletteNtB6_7Palette14preview_colors0B8_
FNDA:0,_RNCNvMs_NtCsbtrXiB8aXK2_9palettify7paletteNtB6_7Palette7nearest0B8_
FNDA:0,_RNCNvMs_NtCsbtrXiB8aXK2_9palettify7paletteNtB6_7Palette9from_file0B8_
FNDA:0,_RNCNvMs_NtCsbtrXiB8aXK2_9palettify7paletteNtB6_7Palette9from_files_0B8_
FNDA:0,_RNvNtCsbtrXiB8aXK2_9palettify7palette7dist_sq
FNF:29
FNH:24
DA:17,260
DA:18,260
DA:19,260
DA:31,231
DA:32,231
DA:33,4
DA:34,227
DA:36,227
DA:37,227
DA:38,227
DA:39,3572
DA:40,3572
DA:41,2
DA:42,2
DA:43,3570
DA:44,3570
DA:45,3570
DA:46,3570
DA:47,3570
DA:48,3570
DA:49,3572
DA:50,227
DA:52,225
DA:53,231
DA:59,195
DA:60,195
DA:61,195
DA:62,195
DA:63,3896
DA:64,3896
DA:65,3504
DA:66,21024
DA:67,3896
DA:68,195
DA:70,195
DA:71,195
DA:75,0
DA:76,0
DA:77,0
DA:78,0
DA:79,0
DA:80,0
DA:82,0
DA:83,0
DA:85,0
DA:86,0
DA:90,0
DA:91,0
DA:93,0
DA:94,0
DA:95,0
DA:96,0
DA:97,0
DA:101,0
DA:102,0
DA:103,0
DA:104,0
DA:105,0
DA:106,0
DA:107,0
DA:108,0
DA:109,0
DA:111,0
DA:112,0
DA:117,0
DA:118,0
DA:126,16406
DA:127,16406
DA:128,16406
DA:129,16406
DA:130,80
DA:131,80
DA:132,80
DA:133,80
DA:134,16406
DA:135,16406
DA:137,53
DA:138,53
DA:139,53
DA:142,55
DA:143,258
DA:144,55
DA:148,160
DA:149,160
DA:150,160
DA:151,160
DA:152,160
DA:153,160
DA:161,2
DA:162,2
DA:163,2
DA:166,2
DA:167,2
DA:168,2
DA:171,2
DA:172,2
DA:173,2
DA:174,2
DA:175,2
DA:178,2
DA:179,2
DA:180,2
DA:181,2
DA:182,2
DA:185,2
DA:186,2
DA:187,2
DA:190,2
DA:191,2
DA:192,2
DA:193,2
DA:194,2
DA:195,2
DA:198,2
DA:199,2
DA:200,2
DA:201,2
DA:202,2
DA:203,2
DA:206,2
DA:207,2
DA:208,2
DA:209,2
DA:210,2
DA:211,2
DA:214,2
DA:215,2
DA:216,2
DA:217,2
DA:220,2
DA:221,2
DA:222,2
DA:223,2
DA:226,2
DA:227,2
DA:228,2
DA:229,2
BRF:0
BRH:0
LF:147
LH:114
end_of_record
SF:A:\coding\rust\palettify\src\processor.rs
FN:7,_RNvNtCseGU69UR3UMz_9palettify9processor13process_image
FN:18,_RNvNtNtCseCNn33MUbHc_9palettify9processor5tests18single_pixel_image
FN:41,_RNvNtNtCseCNn33MUbHc_9palettify9processor5testss_29output_dimensions_match_input
FN:25,_RNvNtNtCseCNn33MUbHc_9palettify9processor5testss_33maps_red_to_nearest_palette_color
FN:33,_RNvNtNtCseCNn33MUbHc_9palettify9processor5testss_34maps_blue_to_nearest_palette_color
FN:7,_RNvNtCseCNn33MUbHc_9palettify9processor13process_image
FN:18,_RNvNtNtCsiwcA9t8CxKq_9palettify9processor5tests18single_pixel_image
FN:41,_RNvNtNtCsiwcA9t8CxKq_9palettify9processor5testss_29output_dimensions_match_input
FN:25,_RNvNtNtCsiwcA9t8CxKq_9palettify9processor5testss_33maps_red_to_nearest_palette_color
FN:33,_RNvNtNtCsiwcA9t8CxKq_9palettify9processor5testss_34maps_blue_to_nearest_palette_color
FN:7,_RNvNtCsiwcA9t8CxKq_9palettify9processor13process_image
FN:7,_RNvNtCsbtrXiB8aXK2_9palettify9processor13process_image
FNDA:4,_RNvNtCseGU69UR3UMz_9palettify9processor13process_image
FNDA:2,_RNvNtNtCseCNn33MUbHc_9palettify9processor5tests18single_pixel_image
FNDA:1,_RNvNtNtCseCNn33MUbHc_9palettify9processor5testss_29output_dimensions_match_input
FNDA:1,_RNvNtNtCseCNn33MUbHc_9palettify9processor5testss_33maps_red_to_nearest_palette_color
FNDA:1,_RNvNtNtCseCNn33MUbHc_9palettify9processor5testss_34maps_blue_to_nearest_palette_color
FNDA:3,_RNvNtCseCNn33MUbHc_9palettify9processor13process_image
FNDA:2,_RNvNtNtCsiwcA9t8CxKq_9palettify9processor5tests18single_pixel_image
FNDA:1,_RNvNtNtCsiwcA9t8CxKq_9palettify9processor5testss_29output_dimensions_match_input
FNDA:1,_RNvNtNtCsiwcA9t8CxKq_9palettify9processor5testss_33maps_red_to_nearest_palette_color
FNDA:1,_RNvNtNtCsiwcA9t8CxKq_9palettify9processor5testss_34maps_blue_to_nearest_palette_color
FNDA:3,_RNvNtCsiwcA9t8CxKq_9palettify9processor13process_image
FNDA:0,_RNvNtCsbtrXiB8aXK2_9palettify9processor13process_image
FNF:5
FNH:5
DA:7,10
DA:8,10
DA:9,10
DA:18,4
DA:19,4
DA:20,4
DA:21,4
DA:22,4
DA:25,2
DA:26,2
DA:27,2
DA:28,2
DA:29,2
DA:30,2
DA:33,2
DA:34,2
DA:35,2
DA:36,2
DA:37,2
DA:38,2
DA:41,2
DA:42,2
DA:43,2
DA:44,2
DA:45,2
DA:46,2
DA:47,2
BRF:0
BRH:0
LF:27
LH:27
end_of_record
SF:A:\coding\rust\palettify\src\state.rs
FN:26,_RNvMNtCseGU69UR3UMz_9palettify5stateNtB2_8AppState3new
FN:26,_RNvMNtCseCNn33MUbHc_9palettify5stateNtB2_8AppState3new
FN:26,_RNvMNtCsiwcA9t8CxKq_9palettify5stateNtB2_8AppState3new
FN:26,_RNvMNtCsbtrXiB8aXK2_9palettify5stateNtB2_8AppState3new
FNDA:19,_RNvMNtCseGU69UR3UMz_9palettify5stateNtB2_8AppState3new
FNDA:0,_RNvMNtCseCNn33MUbHc_9palettify5stateNtB2_8AppState3new
FNDA:0,_RNvMNtCsiwcA9t8CxKq_9palettify5stateNtB2_8AppState3new
FNDA:0,_RNvMNtCsbtrXiB8aXK2_9palettify5stateNtB2_8AppState3new
FNF:1
FNH:1
DA:26,19
DA:27,19
DA:29,190
DA:30,190
DA:31,190
DA:32,190
DA:33,190
DA:34,0
DA:35,0
DA:40,19
DA:41,0
DA:42,0
DA:44,0
DA:45,0
DA:47,0
DA:48,19
DA:50,19
DA:52,19
DA:53,19
BRF:0
BRH:0
LF:19
LH:12
end_of_record
SF:A:\coding\rust\palettify\src\upstash.rs
FN:35,_RINvMNtCseGU69UR3UMz_9palettify7upstashNtB3_13UpstashClient7commandxEB5_
FN:38,_RNCINvMNtCseGU69UR3UMz_9palettify7upstashNtB5_13UpstashClient7commandxE0B7_
FN:90,_RNCNCNvMNtCseGU69UR3UMz_9palettify7upstashNtB6_13UpstashClient16check_rate_limit00B8_
FN:104,_RNCNvMNtCseGU69UR3UMz_9palettify7upstashNtB4_13UpstashClient11track_usage0B6_
FN:77,_RNCNvMNtCseGU69UR3UMz_9palettify7upstashNtB4_13UpstashClient16check_rate_limit0B6_
FN:51,_RNCNvMNtCseGU69UR3UMz_9palettify7upstashNtB4_13UpstashClient8pipeline0B6_
FN:100,_RNvMNtCseGU69UR3UMz_9palettify7upstashNtB2_13UpstashClient11track_usage
FN:72,_RNvMNtCseGU69UR3UMz_9palettify7upstashNtB2_13UpstashClient16check_rate_limit
FN:26,_RNvMNtCseGU69UR3UMz_9palettify7upstashNtB2_13UpstashClient3new
FN:51,_RNvMNtCseGU69UR3UMz_9palettify7upstashNtB2_13UpstashClient8pipeline
FN:113,_RNvNtCseGU69UR3UMz_9palettify7upstash9unix_secs
FN:26,_RNvMNtCseCNn33MUbHc_9palettify7upstashNtB2_13UpstashClient3new
FN:35,_RINvMNtCseCNn33MUbHc_9palettify7upstashNtB3_13UpstashClient7commandxEB5_
FN:38,_RNCINvMNtCseCNn33MUbHc_9palettify7upstashNtB5_13UpstashClient7commandxE0B7_
FN:90,_RNCNCNvMNtCseCNn33MUbHc_9palettify7upstashNtB6_13UpstashClient16check_rate_limit00B8_
FN:104,_RNCNvMNtCseCNn33MUbHc_9palettify7upstashNtB4_13UpstashClient11track_usage0B6_
FN:77,_RNCNvMNtCseCNn33MUbHc_9palettify7upstashNtB4_13UpstashClient16check_rate_limit0B6_
FN:51,_RNCNvMNtCseCNn33MUbHc_9palettify7upstashNtB4_13UpstashClient8pipeline0B6_
FN:100,_RNvMNtCseCNn33MUbHc_9palettify7upstashNtB2_13UpstashClient11track_usage
FN:72,_RNvMNtCseCNn33MUbHc_9palettify7upstashNtB2_13UpstashClient16check_rate_limit
FN:51,_RNvMNtCseCNn33MUbHc_9palettify7upstashNtB2_13UpstashClient8pipeline
FN:113,_RNvNtCseCNn33MUbHc_9palettify7upstash9unix_secs
FN:26,_RNvMNtCsiwcA9t8CxKq_9palettify7upstashNtB2_13UpstashClient3new
FN:100,_RNvMNtCsiwcA9t8CxKq_9palettify7upstashNtB2_13UpstashClient11track_usage
FN:72,_RNvMNtCsiwcA9t8CxKq_9palettify7upstashNtB2_13UpstashClient16check_rate_limit
FN:51,_RNvMNtCsiwcA9t8CxKq_9palettify7upstashNtB2_13UpstashClient8pipeline
FN:113,_RNvNtCsiwcA9t8CxKq_9palettify7upstash9unix_secs
FN:35,_RINvMNtCsiwcA9t8CxKq_9palettify7upstashNtB3_13UpstashClient7commandxEB5_
FN:38,_RNCINvMNtCsiwcA9t8CxKq_9palettify7upstashNtB5_13UpstashClient7commandxE0B7_
FN:90,_RNCNCNvMNtCsiwcA9t8CxKq_9palettify7upstashNtB6_13UpstashClient16check_rate_limit00B8_
FN:104,_RNCNvMNtCsiwcA9t8CxKq_9palettify7upstashNtB4_13UpstashClient11track_usage0B6_
FN:77,_RNCNvMNtCsiwcA9t8CxKq_9palettify7upstashNtB4_13UpstashClient16check_rate_limit0B6_
FN:51,_RNCNvMNtCsiwcA9t8CxKq_9palettify7upstashNtB4_13UpstashClient8pipeline0B6_
FN:35,_RINvMNtCsbtrXiB8aXK2_9palettify7upstashNtB3_13UpstashClient7commandxEB5_
FN:38,_RNCINvMNtCsbtrXiB8aXK2_9palettify7upstashNtB5_13UpstashClient7commandxE0B7_
FN:90,_RNCNCNvMNtCsbtrXiB8aXK2_9palettify7upstashNtB6_13UpstashClient16check_rate_limit00B8_
FN:104,_RNCNvMNtCsbtrXiB8aXK2_9palettify7upstashNtB4_13UpstashClient11track_usage0B6_
FN:77,_RNCNvMNtCsbtrXiB8aXK2_9palettify7upstashNtB4_13UpstashClient16check_rate_limit0B6_
FN:51,_RNCNvMNtCsbtrXiB8aXK2_9palettify7upstashNtB4_13UpstashClient8pipeline0B6_
FN:100,_RNvMNtCsbtrXiB8aXK2_9palettify7upstashNtB2_13UpstashClient11track_usage
FN:72,_RNvMNtCsbtrXiB8aXK2_9palettify7upstashNtB2_13UpstashClient16check_rate_limit
FN:26,_RNvMNtCsbtrXiB8aXK2_9palettify7upstashNtB2_13UpstashClient3new
FN:51,_RNvMNtCsbtrXiB8aXK2_9palettify7upstashNtB2_13UpstashClient8pipeline
FN:113,_RNvNtCsbtrXiB8aXK2_9palettify7upstash9unix_secs
FNDA:0,_RINvMNtCseGU69UR3UMz_9palettify7upstashNtB3_13UpstashClient7commandxEB5_
FNDA:0,_RNCINvMNtCseGU69UR3UMz_9palettify7upstashNtB5_13UpstashClient7commandxE0B7_
FNDA:0,_RNCNCNvMNtCseGU69UR3UMz_9palettify7upstashNtB6_13UpstashClient16check_rate_limit00B8_
FNDA:0,_RNCNvMNtCseGU69UR3UMz_9palettify7upstashNtB4_13UpstashClient11track_usage0B6_
FNDA:0,_RNCNvMNtCseGU69UR3UMz_9palettify7upstashNtB4_13UpstashClient16check_rate_limit0B6_
FNDA:0,_RNCNvMNtCseGU69UR3UMz_9palettify7upstashNtB4_13UpstashClient8pipeline0B6_
FNDA:0,_RNvMNtCseGU69UR3UMz_9palettify7upstashNtB2_13UpstashClient11track_usage
FNDA:0,_RNvMNtCseGU69UR3UMz_9palettify7upstashNtB2_13UpstashClient16check_rate_limit
FNDA:0,_RNvMNtCseGU69UR3UMz_9palettify7upstashNtB2_13UpstashClient3new
FNDA:0,_RNvMNtCseGU69UR3UMz_9palettify7upstashNtB2_13UpstashClient8pipeline
FNDA:0,_RNvNtCseGU69UR3UMz_9palettify7upstash9unix_secs
FNDA:0,_RNvMNtCseCNn33MUbHc_9palettify7upstashNtB2_13UpstashClient3new
FNDA:0,_RINvMNtCseCNn33MUbHc_9palettify7upstashNtB3_13UpstashClient7commandxEB5_
FNDA:0,_RNCINvMNtCseCNn33MUbHc_9palettify7upstashNtB5_13UpstashClient7commandxE0B7_
FNDA:0,_RNCNCNvMNtCseCNn33MUbHc_9palettify7upstashNtB6_13UpstashClient16check_rate_limit00B8_
FNDA:0,_RNCNvMNtCseCNn33MUbHc_9palettify7upstashNtB4_13UpstashClient11track_usage0B6_
FNDA:0,_RNCNvMNtCseCNn33MUbHc_9palettify7upstashNtB4_13UpstashClient16check_rate_limit0B6_
FNDA:0,_RNCNvMNtCseCNn33MUbHc_9palettify7upstashNtB4_13UpstashClient8pipeline0B6_
FNDA:0,_RNvMNtCseCNn33MUbHc_9palettify7upstashNtB2_13UpstashClient11track_usage
FNDA:0,_RNvMNtCseCNn33MUbHc_9palettify7upstashNtB2_13UpstashClient16check_rate_limit
FNDA:0,_RNvMNtCseCNn33MUbHc_9palettify7upstashNtB2_13UpstashClient8pipeline
FNDA:0,_RNvNtCseCNn33MUbHc_9palettify7upstash9unix_secs
FNDA:0,_RNvMNtCsiwcA9t8CxKq_9palettify7upstashNtB2_13UpstashClient3new
FNDA:0,_RNvMNtCsiwcA9t8CxKq_9palettify7upstashNtB2_13UpstashClient11track_usage
FNDA:0,_RNvMNtCsiwcA9t8CxKq_9palettify7upstashNtB2_13UpstashClient16check_rate_limit
FNDA:0,_RNvMNtCsiwcA9t8CxKq_9palettify7upstashNtB2_13UpstashClient8pipeline
FNDA:0,_RNvNtCsiwcA9t8CxKq_9palettify7upstash9unix_secs
FNDA:0,_RINvMNtCsiwcA9t8CxKq_9palettify7upstashNtB3_13UpstashClient7commandxEB5_
FNDA:0,_RNCINvMNtCsiwcA9t8CxKq_9palettify7upstashNtB5_13UpstashClient7commandxE0B7_
FNDA:0,_RNCNCNvMNtCsiwcA9t8CxKq_9palettify7upstashNtB6_13UpstashClient16check_rate_limit00B8_
FNDA:0,_RNCNvMNtCsiwcA9t8CxKq_9palettify7upstashNtB4_13UpstashClient11track_usage0B6_
FNDA:0,_RNCNvMNtCsiwcA9t8CxKq_9palettify7upstashNtB4_13UpstashClient16check_rate_limit0B6_
FNDA:0,_RNCNvMNtCsiwcA9t8CxKq_9palettify7upstashNtB4_13UpstashClient8pipeline0B6_
FNDA:0,_RINvMNtCsbtrXiB8aXK2_9palettify7upstashNtB3_13UpstashClient7commandxEB5_
FNDA:0,_RNCINvMNtCsbtrXiB8aXK2_9palettify7upstashNtB5_13UpstashClient7commandxE0B7_
FNDA:0,_RNCNCNvMNtCsbtrXiB8aXK2_9palettify7upstashNtB6_13UpstashClient16check_rate_limit00B8_
FNDA:0,_RNCNvMNtCsbtrXiB8aXK2_9palettify7upstashNtB4_13UpstashClient11track_usage0B6_
FNDA:0,_RNCNvMNtCsbtrXiB8aXK2_9palettify7upstashNtB4_13UpstashClient16check_rate_limit0B6_
FNDA:0,_RNCNvMNtCsbtrXiB8aXK2_9palettify7upstashNtB4_13UpstashClient8pipeline0B6_
FNDA:0,_RNvMNtCsbtrXiB8aXK2_9palettify7upstashNtB2_13UpstashClient11track_usage
FNDA:0,_RNvMNtCsbtrXiB8aXK2_9palettify7upstashNtB2_13UpstashClient16check_rate_limit
FNDA:0,_RNvMNtCsbtrXiB8aXK2_9palettify7upstashNtB2_13UpstashClient3new
FNDA:0,_RNvMNtCsbtrXiB8aXK2_9palettify7upstashNtB2_13UpstashClient8pipeline
FNDA:0,_RNvNtCsbtrXiB8aXK2_9palettify7upstash9unix_secs
FNF:11
FNH:0
DA:26,0
DA:27,0
DA:28,0
DA:29,0
DA:30,0
DA:31,0
DA:32,0
DA:35,0
DA:36,0
DA:37,0
DA:38,0
DA:39,0
DA:40,0
DA:41,0
DA:42,0
DA:43,0
DA:44,0
DA:45,0
DA:46,0
DA:47,0
DA:48,0
DA:51,0
DA:52,0
DA:53,0
DA:54,0
DA:55,0
DA:56,0
DA:57,0
DA:58,0
DA:59,0
DA:60,0
DA:72,0
DA:73,0
DA:74,0
DA:75,0
DA:76,0
DA:77,0
DA:78,0
DA:79,0
DA:81,0
DA:86,0
DA:87,0
DA:88,0
DA:89,0
DA:90,0
DA:91,0
DA:92,0
DA:93,0
DA:95,0
DA:96,0
DA:100,0
DA:101,0
DA:102,0
DA:103,0
DA:104,0
DA:105,0
DA:106,0
DA:107,0
DA:108,0
DA:109,0
DA:110,0
DA:113,0
DA:114,0
DA:115,0
DA:116,0
DA:117,0
DA:118,0
BRF:0
BRH:0
LF:71
LH:0
end_of_record